#
# There is insufficient memory for the Java Runtime Environment to continue.
# Native memory allocation (mmap) failed to map 31981568 bytes for committing reserved memory.
# Possible reasons:
#   The system is out of physical RAM or swap space
#   In 32 bit mode, the process size limit was hit
# Possible solutions:
#   Reduce memory load on the system
#   Increase physical memory or swap space
#   Check if swap backing store is full
#   Use 64 bit Java on a 64 bit OS
#   Decrease Java heap size (-Xmx/-Xms)
#   Decrease number of Java threads
#   Decrease Java thread stack sizes (-Xss)
#   Set larger code cache with -XX:ReservedCodeCacheSize=
# This output file may be truncated or incomplete.
#
#  Out of Memory Error (os_linux.cpp:2640), pid=24813, tid=0x00007f31bf8f8700
#
# JRE version: Java(TM) SE Runtime Environment (8.0_171-b11) (build 1.8.0_171-b11)
# Java VM: Java HotSpot(TM) 64-Bit Server VM (25.171-b11 mixed mode linux-amd64 compressed oops)
# Failed to write core dump. Core dumps have been disabled. To enable core dumping, try "ulimit -c unlimited" before starting Java again
#

---------------  T H R E A D  ---------------

Current thread (0x00007f31e0078800):  VMThread [stack: 0x00007f31bf7f8000,0x00007f31bf8f9000] [id=24824]

Stack: [0x00007f31bf7f8000,0x00007f31bf8f9000],  sp=0x00007f31bf8f72a0,  free space=1020k
Native frames: (J=compiled Java code, j=interpreted, Vv=VM code, C=native code)
V  [libjvm.so+0xacfffa]  VMError::report_and_die()+0x2ba
V  [libjvm.so+0x5005cb]  report_vm_out_of_memory(char const*, int, unsigned long, VMErrorType, char const*)+0x8b
V  [libjvm.so+0x92dd93]  os::Linux::commit_memory_impl(char*, unsigned long, bool)+0x123
V  [libjvm.so+0x92dfb9]  os::pd_commit_memory(char*, unsigned long, unsigned long, bool)+0x29
V  [libjvm.so+0x92527a]  os::commit_memory(char*, unsigned long, unsigned long, bool)+0x2a
V  [libjvm.so+0x99b223]  PSVirtualSpace::expand_by(unsigned long)+0x53
V  [libjvm.so+0x99c628]  PSYoungGen::resize_generation(unsigned long, unsigned long)+0xf8
V  [libjvm.so+0x99b782]  PSYoungGen::resize(unsigned long, unsigned long)+0x22
V  [libjvm.so+0x998a5b]  PSScavenge::invoke_no_policy()+0xf3b
V  [libjvm.so+0x9991e1]  PSScavenge::invoke()+0x41
V  [libjvm.so+0x94fcb0]  ParallelScavengeHeap::failed_mem_allocate(unsigned long)+0x70
V  [libjvm.so+0xad1a77]  VM_ParallelGCFailedAllocation::doit()+0x97
V  [libjvm.so+0xad9595]  VM_Operation::evaluate()+0x55
V  [libjvm.so+0xad795a]  VMThread::evaluate_operation(VM_Operation*)+0xba
V  [libjvm.so+0xad7cde]  VMThread::loop()+0x1ce
V  [libjvm.so+0xad8150]  VMThread::run()+0x70
V  [libjvm.so+0x92e0f8]  java_start(Thread*)+0x108

VM_Operation (0x00007f31e815d300): ParallelGCFailedAllocation, mode: safepoint, requested by thread 0x00007f31e000b000


---------------  P R O C E S S  ---------------

Java Threads: ( => current thread )
  0x00007f31e0276000 JavaThread "AWT-EventQueue-0" [_thread_blocked, id=24842, stack(0x00007f31bc14d000,0x00007f31bc24e000)]
  0x00007f31e0272000 JavaThread "AWT-Shutdown" [_thread_blocked, id=24841, stack(0x00007f31bc24e000,0x00007f31bc34f000)]
  0x00007f31e0225800 JavaThread "AWT-XAWT" daemon [_thread_blocked, id=24838, stack(0x00007f31bc34f000,0x00007f31bc450000)]
  0x00007f31e0200800 JavaThread "Java2D Disposer" daemon [_thread_blocked, id=24837, stack(0x00007f31bc860000,0x00007f31bc961000)]
  0x00007f31e00c2000 JavaThread "Service Thread" daemon [_thread_blocked, id=24831, stack(0x00007f31be5b4000,0x00007f31be6b5000)]
  0x00007f31e00bf000 JavaThread "C1 CompilerThread2" daemon [_thread_blocked, id=24830, stack(0x00007f31be6b5000,0x00007f31be7b6000)]
  0x00007f31e00bd800 JavaThread "C2 CompilerThread1" daemon [_thread_blocked, id=24829, stack(0x00007f31be7b6000,0x00007f31be8b7000)]
  0x00007f31e00ba800 JavaThread "C2 CompilerThread0" daemon [_thread_blocked, id=24828, stack(0x00007f31be8b7000,0x00007f31be9b8000)]
  0x00007f31e00b9000 JavaThread "Signal Dispatcher" daemon [_thread_blocked, id=24827, stack(0x00007f31be9b8000,0x00007f31beab9000)]
  0x00007f31e0085000 JavaThread "Finalizer" daemon [_thread_blocked, id=24826, stack(0x00007f31bf5f6000,0x00007f31bf6f7000)]
  0x00007f31e0080800 JavaThread "Reference Handler" daemon [_thread_blocked, id=24825, stack(0x00007f31bf6f7000,0x00007f31bf7f8000)]
  0x00007f31e000b000 JavaThread "main" [_thread_blocked, id=24816, stack(0x00007f31e805e000,0x00007f31e815f000)]

Other Threads:
=>0x00007f31e0078800 VMThread [stack: 0x00007f31bf7f8000,0x00007f31bf8f9000] [id=24824]
  0x00007f31e00c7000 WatcherThread [stack: 0x00007f31be4b3000,0x00007f31be5b4000] [id=24832]

VM state:at safepoint (normal execution)

VM Mutex/Monitor currently owned by a thread:  ([mutex/lock_event])
[0x00007f31e0007120] Threads_lock - owner thread: 0x00007f31e0078800
[0x00007f31e0007620] Heap_lock - owner thread: 0x00007f31e000b000

Heap:
 PSYoungGen      total 36352K, used 5110K [0x00000000d7c00000, 0x00000000da480000, 0x0000000100000000)
  eden space 31232K, 0% used [0x00000000d7c00000,0x00000000d7c00000,0x00000000d9a80000)
  from space 5120K, 99% used [0x00000000d9f80000,0x00000000da47dab8,0x00000000da480000)
  to   space 5120K, 0% used [0x00000000d9a80000,0x00000000d9a80000,0x00000000d9f80000)
 ParOldGen       total 83456K, used 20793K [0x0000000087400000, 0x000000008c580000, 0x00000000d7c00000)
  object space 83456K, 24% used [0x0000000087400000,0x000000008884e6a8,0x000000008c580000)
 Metaspace       used 10657K, capacity 10818K, committed 11136K, reserved 1058816K
  class space    used 1239K, capacity 1290K, committed 1408K, reserved 1048576K

Card table byte_map: [0x00007f31e4a2c000,0x00007f31e4df3000] byte_map_base: 0x00007f31e45f2000

Marking Bits: (ParMarkBitMap*) 0x00007f31e752b280
 Begin Bits: [0x00007f31cd3a0000, 0x00007f31cf1d0000)
 End Bits:   [0x00007f31cf1d0000, 0x00007f31d1000000)

Polling page: 0x00007f31e817d000

CodeCache: size=245760Kb used=2539Kb max_used=2550Kb free=243220Kb
 bounds [0x00007f31d1000000, 0x00007f31d1280000, 0x00007f31e0000000]
 total_blobs=1047 nmethods=534 adapters=427
 compilation: enabled

Compilation events (10 events):
Event: 2,529 Thread 0x00007f31e00bf000 nmethod 531 0x00007f31d126c110 code [0x00007f31d126c2e0, 0x00007f31d126c998]
Event: 2,529 Thread 0x00007f31e00bf000  532   !   3       sun.nio.cs.StreamDecoder::read (196 bytes)
Event: 2,537 Thread 0x00007f31e00bf000 nmethod 532 0x00007f31d126aa90 code [0x00007f31d126acc0, 0x00007f31d126b9e8]
Event: 2,537 Thread 0x00007f31e00bf000  533       3       sun.awt.X11.XEvent::get_xany (22 bytes)
Event: 2,537 Thread 0x00007f31e00bf000 nmethod 533 0x00007f31d127a210 code [0x00007f31d127a3c0, 0x00007f31d127a998]
Event: 2,537 Thread 0x00007f31e00bf000  535       3       javax.swing.JComponent::contains (27 bytes)
Event: 2,538 Thread 0x00007f31e00bf000 nmethod 535 0x00007f31d127ac50 code [0x00007f31d127ade0, 0x00007f31d127b490]
Event: 2,546 Thread 0x00007f31e00bd800 nmethod 525 0x00007f31d127c310 code [0x00007f31d127c4a0, 0x00007f31d127ca98]
Event: 2,546 Thread 0x00007f31e00bd800  534       4       java.nio.Buffer::position (43 bytes)
Event: 2,547 Thread 0x00007f31e00bd800 nmethod 534 0x00007f31d126a790 code [0x00007f31d126a8e0, 0x00007f31d126a9b8]

GC Heap History (3 events):
Event: 2,452 GC heap before
{Heap before GC invocations=1 (full 0):
 PSYoungGen      total 36352K, used 31232K [0x00000000d7c00000, 0x00000000da480000, 0x0000000100000000)
  eden space 31232K, 100% used [0x00000000d7c00000,0x00000000d9a80000,0x00000000d9a80000)
  from space 5120K, 0% used [0x00000000d9f80000,0x00000000d9f80000,0x00000000da480000)
  to   space 5120K, 0% used [0x00000000d9a80000,0x00000000d9a80000,0x00000000d9f80000)
 ParOldGen       total 83456K, used 0K [0x0000000087400000, 0x000000008c580000, 0x00000000d7c00000)
  object space 83456K, 0% used [0x0000000087400000,0x0000000087400000,0x000000008c580000)
 Metaspace       used 10632K, capacity 10754K, committed 10880K, reserved 1058816K
  class space    used 1239K, capacity 1290K, committed 1408K, reserved 1048576K
Event: 2,475 GC heap after
Heap after GC invocations=1 (full 0):
 PSYoungGen      total 36352K, used 5108K [0x00000000d7c00000, 0x00000000da480000, 0x0000000100000000)
  eden space 31232K, 0% used [0x00000000d7c00000,0x00000000d7c00000,0x00000000d9a80000)
  from space 5120K, 99% used [0x00000000d9a80000,0x00000000d9f7d180,0x00000000d9f80000)
  to   space 5120K, 0% used [0x00000000d9f80000,0x00000000d9f80000,0x00000000da480000)
 ParOldGen       total 83456K, used 7145K [0x0000000087400000, 0x000000008c580000, 0x00000000d7c00000)
  object space 83456K, 8% used [0x0000000087400000,0x0000000087afa6a8,0x000000008c580000)
 Metaspace       used 10632K, capacity 10754K, committed 10880K, reserved 1058816K
  class space    used 1239K, capacity 1290K, committed 1408K, reserved 1048576K
}
Event: 2,575 GC heap before
{Heap before GC invocations=2 (full 0):
 PSYoungGen      total 36352K, used 36340K [0x00000000d7c00000, 0x00000000da480000, 0x0000000100000000)
  eden space 31232K, 100% used [0x00000000d7c00000,0x00000000d9a80000,0x00000000d9a80000)
  from space 5120K, 99% used [0x00000000d9a80000,0x00000000d9f7d180,0x00000000d9f80000)
  to   space 5120K, 0% used [0x00000000d9f80000,0x00000000d9f80000,0x00000000da480000)
 ParOldGen       total 83456K, used 7145K [0x0000000087400000, 0x000000008c580000, 0x00000000d7c00000)
  object space 83456K, 8% used [0x0000000087400000,0x0000000087afa6a8,0x000000008c580000)
 Metaspace       used 10657K, capacity 10818K, committed 11136K, reserved 1058816K
  class space    used 1239K, capacity 1290K, committed 1408K, reserved 1048576K

Deoptimization events (1 events):
Event: 2,183 Thread 0x00007f31e000b000 Uncommon trap: reason=unstable_if action=reinterpret pc=0x00007f31d1230488 method=org.json.simple.parser.Yylex.yylex()Lorg/json/simple/parser/Yytoken; @ 214

Classes redefined (0 events):
No events

Internal exceptions (10 events):
Event: 0,067 Thread 0x00007f31e000b000 Exception <a 'java/lang/NoSuchMethodError': Method sun.misc.Unsafe.prefetchRead(Ljava/lang/Object;J)V name or signature does not match> (0x00000000d7c07f98) thrown at [/HUDSON/workspace/8-2-build-linux-amd64/jdk8u171/10807/hotspot/src/share/vm/prims/jni.c
Event: 0,210 Thread 0x00007f31e000b000 Exception <a 'java/security/PrivilegedActionException'> (0x00000000d7d44b90) thrown at [/HUDSON/workspace/8-2-build-linux-amd64/jdk8u171/10807/hotspot/src/share/vm/prims/jvm.cpp, line 1435]
Event: 0,210 Thread 0x00007f31e000b000 Exception <a 'java/security/PrivilegedActionException'> (0x00000000d7d44da0) thrown at [/HUDSON/workspace/8-2-build-linux-amd64/jdk8u171/10807/hotspot/src/share/vm/prims/jvm.cpp, line 1435]
Event: 0,211 Thread 0x00007f31e000b000 Exception <a 'java/security/PrivilegedActionException'> (0x00000000d7d47208) thrown at [/HUDSON/workspace/8-2-build-linux-amd64/jdk8u171/10807/hotspot/src/share/vm/prims/jvm.cpp, line 1435]
Event: 0,212 Thread 0x00007f31e000b000 Exception <a 'java/security/PrivilegedActionException'> (0x00000000d7d47418) thrown at [/HUDSON/workspace/8-2-build-linux-amd64/jdk8u171/10807/hotspot/src/share/vm/prims/jvm.cpp, line 1435]
Event: 0,292 Thread 0x00007f31e000b000 Exception <a 'java/lang/NoSuchFieldError': method resolution failed> (0x00000000d7e16440) thrown at [/HUDSON/workspace/8-2-build-linux-amd64/jdk8u171/10807/hotspot/src/share/vm/prims/methodHandles.cpp, line 1167]
Event: 0,294 Thread 0x00007f31e000b000 Exception <a 'java/lang/NoSuchFieldError': method resolution failed> (0x00000000d7e23c10) thrown at [/HUDSON/workspace/8-2-build-linux-amd64/jdk8u171/10807/hotspot/src/share/vm/prims/methodHandles.cpp, line 1167]
Event: 0,337 Thread 0x00007f31e000b000 Exception <a 'java/io/FileNotFoundException'> (0x00000000d7ea31c0) thrown at [/HUDSON/workspace/8-2-build-linux-amd64/jdk8u171/10807/hotspot/src/share/vm/prims/jni.cpp, line 709]
Event: 0,337 Thread 0x00007f31e000b000 Exception <a 'java/io/FileNotFoundException'> (0x00000000d7ea3b78) thrown at [/HUDSON/workspace/8-2-build-linux-amd64/jdk8u171/10807/hotspot/src/share/vm/prims/jni.cpp, line 709]
Event: 2,190 Thread 0x00007f31e0276000 Exception <a 'java/lang/UnsupportedOperationException': > (0x00000000d810b2b0) thrown at [/HUDSON/workspace/8-2-build-linux-amd64/jdk8u171/10807/hotspot/src/share/vm/prims/jni.cpp, line 735]

Events (10 events):
Event: 2,193 loading class java/text/CharacterIterator done
Event: 2,193 loading class java/text/AttributedCharacterIterator done
Event: 2,193 loading class java/text/AttributedString$AttributedStringIterator done
Event: 2,408 loading class org/json/simple/parser/ContainerFactory
Event: 2,408 loading class org/json/simple/parser/ContainerFactory done
Event: 2,451 Executing VM operation: ParallelGCFailedAllocation
Event: 2,475 Executing VM operation: ParallelGCFailedAllocation done
Event: 2,479 loading class sun/awt/X11/XMotionEvent
Event: 2,481 loading class sun/awt/X11/XMotionEvent done
Event: 2,570 Executing VM operation: ParallelGCFailedAllocation


Dynamic libraries:
00400000-00401000 r-xp 00000000 103:06 1323899                           /usr/lib/jvm/java-8-oracle/bin/java
00600000-00601000 rw-p 00000000 103:06 1323899                           /usr/lib/jvm/java-8-oracle/bin/java
02118000-02139000 rw-p 00000000 00:00 0                                  [heap]
87400000-8c580000 rw-p 00000000 00:00 0 
8c580000-d7c00000 ---p 00000000 00:00 0 
d7c00000-da480000 rw-p 00000000 00:00 0 
dc300000-100000000 ---p 00000000 00:00 0 
100000000-100160000 rw-p 00000000 00:00 0 
100160000-140000000 ---p 00000000 00:00 0 
7f3183758000-7f31837c2000 r-xp 00000000 103:06 3152993                   /usr/lib/jvm/java-8-oracle/jre/lib/amd64/libt2k.so
7f31837c2000-7f31839c1000 ---p 0006a000 103:06 3152993                   /usr/lib/jvm/java-8-oracle/jre/lib/amd64/libt2k.so
7f31839c1000-7f31839c8000 rw-p 00069000 103:06 3152993                   /usr/lib/jvm/java-8-oracle/jre/lib/amd64/libt2k.so
7f31839c8000-7f31839d8000 rw-p 00000000 00:00 0 
7f31839d8000-7f31839e9000 r-xp 00000000 103:06 3153028                   /usr/lib/jvm/java-8-oracle/jre/lib/amd64/libnio.so
7f31839e9000-7f3183be8000 ---p 00011000 103:06 3153028                   /usr/lib/jvm/java-8-oracle/jre/lib/amd64/libnio.so
7f3183be8000-7f3183be9000 rw-p 00010000 103:06 3153028                   /usr/lib/jvm/java-8-oracle/jre/lib/amd64/libnio.so
7f3183be9000-7f3183bff000 r-xp 00000000 103:06 3153025                   /usr/lib/jvm/java-8-oracle/jre/lib/amd64/libnet.so
7f3183bff000-7f3183dff000 ---p 00016000 103:06 3153025                   /usr/lib/jvm/java-8-oracle/jre/lib/amd64/libnet.so
7f3183dff000-7f3183e00000 rw-p 00016000 103:06 3153025                   /usr/lib/jvm/java-8-oracle/jre/lib/amd64/libnet.so
7f3183e00000-7f3183f80000 rw-p 00000000 00:00 0 
7f3183f80000-7f3184000000 ---p 00000000 00:00 0 
7f3184000000-7f3184021000 rw-p 00000000 00:00 0 
7f3184021000-7f3188000000 ---p 00000000 00:00 0 
7f3188000000-7f3188047000 rw-p 00000000 00:00 0 
7f3188047000-7f318c000000 ---p 00000000 00:00 0 
7f318c000000-7f318c021000 rw-p 00000000 00:00 0 
7f318c021000-7f3190000000 ---p 00000000 00:00 0 
7f3190000000-7f3190021000 rw-p 00000000 00:00 0 
7f3190021000-7f3194000000 ---p 00000000 00:00 0 
7f3194000000-7f3194021000 rw-p 00000000 00:00 0 
7f3194021000-7f3198000000 ---p 00000000 00:00 0 
7f3198000000-7f3198021000 rw-p 00000000 00:00 0 
7f3198021000-7f319c000000 ---p 00000000 00:00 0 
7f319c000000-7f319c424000 rw-p 00000000 00:00 0 
7f319c424000-7f31a0000000 ---p 00000000 00:00 0 
7f31a0000000-7f31a0416000 rw-p 00000000 00:00 0 
7f31a0416000-7f31a4000000 ---p 00000000 00:00 0 
7f31a4000000-7f31a4021000 rw-p 00000000 00:00 0 
7f31a4021000-7f31a8000000 ---p 00000000 00:00 0 
7f31a8000000-7f31a8460000 rw-p 00000000 00:00 0 
7f31a8460000-7f31ac000000 ---p 00000000 00:00 0 
7f31ac000000-7f31ac021000 rw-p 00000000 00:00 0 
7f31ac021000-7f31b0000000 ---p 00000000 00:00 0 
7f31b0000000-7f31b0021000 rw-p 00000000 00:00 0 
7f31b0021000-7f31b4000000 ---p 00000000 00:00 0 
7f31b4000000-7f31b428f000 rw-p 00000000 00:00 0 
7f31b428f000-7f31b8000000 ---p 00000000 00:00 0 
7f31b8000000-7f31b8021000 rw-p 00000000 00:00 0 
7f31b8021000-7f31bc000000 ---p 00000000 00:00 0 
7f31bc14d000-7f31bc150000 ---p 00000000 00:00 0 
7f31bc150000-7f31bc24e000 rw-p 00000000 00:00 0 
7f31bc24e000-7f31bc251000 ---p 00000000 00:00 0 
7f31bc251000-7f31bc34f000 rw-p 00000000 00:00 0 
7f31bc34f000-7f31bc352000 ---p 00000000 00:00 0 
7f31bc352000-7f31bc450000 rw-p 00000000 00:00 0 
7f31bc450000-7f31bc455000 r-xp 00000000 103:06 926641                    /usr/lib/x86_64-linux-gnu/libXfixes.so.3.1.0
7f31bc455000-7f31bc654000 ---p 00005000 103:06 926641                    /usr/lib/x86_64-linux-gnu/libXfixes.so.3.1.0
7f31bc654000-7f31bc655000 r--p 00004000 103:06 926641                    /usr/lib/x86_64-linux-gnu/libXfixes.so.3.1.0
7f31bc655000-7f31bc656000 rw-p 00005000 103:06 926641                    /usr/lib/x86_64-linux-gnu/libXfixes.so.3.1.0
7f31bc656000-7f31bc65f000 r-xp 00000000 103:06 926633                    /usr/lib/x86_64-linux-gnu/libXcursor.so.1.0.2
7f31bc65f000-7f31bc85e000 ---p 00009000 103:06 926633                    /usr/lib/x86_64-linux-gnu/libXcursor.so.1.0.2
7f31bc85e000-7f31bc85f000 r--p 00008000 103:06 926633                    /usr/lib/x86_64-linux-gnu/libXcursor.so.1.0.2
7f31bc85f000-7f31bc860000 rw-p 00009000 103:06 926633                    /usr/lib/x86_64-linux-gnu/libXcursor.so.1.0.2
7f31bc860000-7f31bc863000 ---p 00000000 00:00 0 
7f31bc863000-7f31bc961000 rw-p 00000000 00:00 0 
7f31bc961000-7f31bc977000 r-xp 00000000 103:06 2888472                   /lib/x86_64-linux-gnu/libgcc_s.so.1
7f31bc977000-7f31bcb76000 ---p 00016000 103:06 2888472                   /lib/x86_64-linux-gnu/libgcc_s.so.1
7f31bcb76000-7f31bcb77000 rw-p 00015000 103:06 2888472                   /lib/x86_64-linux-gnu/libgcc_s.so.1
7f31bcb77000-7f31bcbdc000 r-xp 00000000 103:06 3153005                   /usr/lib/jvm/java-8-oracle/jre/lib/amd64/libfontmanager.so
7f31bcbdc000-7f31bcddb000 ---p 00065000 103:06 3153005                   /usr/lib/jvm/java-8-oracle/jre/lib/amd64/libfontmanager.so
7f31bcddb000-7f31bcde0000 rw-p 00064000 103:06 3153005                   /usr/lib/jvm/java-8-oracle/jre/lib/amd64/libfontmanager.so
7f31bcde0000-7f31bcdf0000 rw-p 00000000 00:00 0 
7f31bcdf0000-7f31bcdf5000 r-xp 00000000 103:06 926637                    /usr/lib/x86_64-linux-gnu/libXdmcp.so.6.0.0
7f31bcdf5000-7f31bcff4000 ---p 00005000 103:06 926637                    /usr/lib/x86_64-linux-gnu/libXdmcp.so.6.0.0
7f31bcff4000-7f31bcff5000 r--p 00004000 103:06 926637                    /usr/lib/x86_64-linux-gnu/libXdmcp.so.6.0.0
7f31bcff5000-7f31bcff6000 rw-p 00005000 103:06 926637                    /usr/lib/x86_64-linux-gnu/libXdmcp.so.6.0.0
7f31bcff6000-7f31bcff8000 r-xp 00000000 103:06 926626                    /usr/lib/x86_64-linux-gnu/libXau.so.6.0.0
7f31bcff8000-7f31bd1f8000 ---p 00002000 103:06 926626                    /usr/lib/x86_64-linux-gnu/libXau.so.6.0.0
7f31bd1f8000-7f31bd1f9000 r--p 00002000 103:06 926626                    /usr/lib/x86_64-linux-gnu/libXau.so.6.0.0
7f31bd1f9000-7f31bd1fa000 rw-p 00003000 103:06 926626                    /usr/lib/x86_64-linux-gnu/libXau.so.6.0.0
7f31bd1fa000-7f31bd21b000 r-xp 00000000 103:06 928046                    /usr/lib/x86_64-linux-gnu/libxcb.so.1.1.0
7f31bd21b000-7f31bd41a000 ---p 00021000 103:06 928046                    /usr/lib/x86_64-linux-gnu/libxcb.so.1.1.0
7f31bd41a000-7f31bd41b000 r--p 00020000 103:06 928046                    /usr/lib/x86_64-linux-gnu/libxcb.so.1.1.0
7f31bd41b000-7f31bd41c000 rw-p 00021000 103:06 928046                    /usr/lib/x86_64-linux-gnu/libxcb.so.1.1.0
7f31bd41c000-7f31bd42b000 r-xp 00000000 103:06 926649                    /usr/lib/x86_64-linux-gnu/libXi.so.6.1.0
7f31bd42b000-7f31bd62a000 ---p 0000f000 103:06 926649                    /usr/lib/x86_64-linux-gnu/libXi.so.6.1.0
7f31bd62a000-7f31bd62b000 r--p 0000e000 103:06 926649                    /usr/lib/x86_64-linux-gnu/libXi.so.6.1.0
7f31bd62b000-7f31bd62c000 rw-p 0000f000 103:06 926649                    /usr/lib/x86_64-linux-gnu/libXi.so.6.1.0
7f31bd62c000-7f31bd631000 r-xp 00000000 103:06 926667                    /usr/lib/x86_64-linux-gnu/libXtst.so.6.1.0
7f31bd631000-7f31bd830000 ---p 00005000 103:06 926667                    /usr/lib/x86_64-linux-gnu/libXtst.so.6.1.0
7f31bd830000-7f31bd831000 r--p 00004000 103:06 926667                    /usr/lib/x86_64-linux-gnu/libXtst.so.6.1.0
7f31bd831000-7f31bd832000 rw-p 00005000 103:06 926667                    /usr/lib/x86_64-linux-gnu/libXtst.so.6.1.0
7f31bd832000-7f31bd83b000 r-xp 00000000 103:06 926661                    /usr/lib/x86_64-linux-gnu/libXrender.so.1.3.0
7f31bd83b000-7f31bda3a000 ---p 00009000 103:06 926661                    /usr/lib/x86_64-linux-gnu/libXrender.so.1.3.0
7f31bda3a000-7f31bda3b000 r--p 00008000 103:06 926661                    /usr/lib/x86_64-linux-gnu/libXrender.so.1.3.0
7f31bda3b000-7f31bda3c000 rw-p 00009000 103:06 926661                    /usr/lib/x86_64-linux-gnu/libXrender.so.1.3.0
7f31bda3c000-7f31bdb71000 r-xp 00000000 103:06 926622                    /usr/lib/x86_64-linux-gnu/libX11.so.6.3.0
7f31bdb71000-7f31bdd71000 ---p 00135000 103:06 926622                    /usr/lib/x86_64-linux-gnu/libX11.so.6.3.0
7f31bdd71000-7f31bdd72000 r--p 00135000 103:06 926622                    /usr/lib/x86_64-linux-gnu/libX11.so.6.3.0
7f31bdd72000-7f31bdd76000 rw-p 00136000 103:06 926622                    /usr/lib/x86_64-linux-gnu/libX11.so.6.3.0
7f31bdd76000-7f31bdd87000 r-xp 00000000 103:06 926639                    /usr/lib/x86_64-linux-gnu/libXext.so.6.4.0
7f31bdd87000-7f31bdf86000 ---p 00011000 103:06 926639                    /usr/lib/x86_64-linux-gnu/libXext.so.6.4.0
7f31bdf86000-7f31bdf87000 r--p 00010000 103:06 926639                    /usr/lib/x86_64-linux-gnu/libXext.so.6.4.0
7f31bdf87000-7f31bdf88000 rw-p 00011000 103:06 926639                    /usr/lib/x86_64-linux-gnu/libXext.so.6.4.0
7f31bdf88000-7f31bdfdc000 r-xp 00000000 103:06 3153032                   /usr/lib/jvm/java-8-oracle/jre/lib/amd64/libawt_xawt.so
7f31bdfdc000-7f31be1dc000 ---p 00054000 103:06 3153032                   /usr/lib/jvm/java-8-oracle/jre/lib/amd64/libawt_xawt.so
7f31be1dc000-7f31be1e0000 rw-p 00054000 103:06 3153032                   /usr/lib/jvm/java-8-oracle/jre/lib/amd64/libawt_xawt.so
7f31be1e0000-7f31be1e1000 rw-p 00000000 00:00 0 
7f31be1e1000-7f31be283000 r-xp 00000000 103:06 3153018                   /usr/lib/jvm/java-8-oracle/jre/lib/amd64/libawt.so
7f31be283000-7f31be483000 ---p 000a2000 103:06 3153018                   /usr/lib/jvm/java-8-oracle/jre/lib/amd64/libawt.so
7f31be483000-7f31be48f000 rw-p 000a2000 103:06 3153018                   /usr/lib/jvm/java-8-oracle/jre/lib/amd64/libawt.so
7f31be48f000-7f31be4b3000 rw-p 00000000 00:00 0 
7f31be4b3000-7f31be4b4000 ---p 00000000 00:00 0 
7f31be4b4000-7f31be5b4000 rw-p 00000000 00:00 0 
7f31be5b4000-7f31be5b7000 ---p 00000000 00:00 0 
7f31be5b7000-7f31be6b5000 rw-p 00000000 00:00 0 
7f31be6b5000-7f31be6b8000 ---p 00000000 00:00 0 
7f31be6b8000-7f31be7b6000 rw-p 00000000 00:00 0 
7f31be7b6000-7f31be7b9000 ---p 00000000 00:00 0 
7f31be7b9000-7f31be8b7000 rw-p 00000000 00:00 0 
7f31be8b7000-7f31be8ba000 ---p 00000000 00:00 0 
7f31be8ba000-7f31be9b8000 rw-p 00000000 00:00 0 
7f31be9b8000-7f31be9bb000 ---p 00000000 00:00 0 
7f31be9bb000-7f31beab9000 rw-p 00000000 00:00 0 
7f31beab9000-7f31bf5f6000 r--p 00000000 103:06 925390                    /usr/lib/locale/locale-archive
7f31bf5f6000-7f31bf5f9000 ---p 00000000 00:00 0 
7f31bf5f9000-7f31bf6f7000 rw-p 00000000 00:00 0 
7f31bf6f7000-7f31bf6fa000 ---p 00000000 00:00 0 
7f31bf6fa000-7f31bf7f8000 rw-p 00000000 00:00 0 
7f31bf7f8000-7f31bf7f9000 ---p 00000000 00:00 0 
7f31bf7f9000-7f31c0000000 rw-p 00000000 00:00 0 
7f31c0000000-7f31c0021000 rw-p 00000000 00:00 0 
7f31c0021000-7f31c4000000 ---p 00000000 00:00 0 
7f31c4000000-7f31c4021000 rw-p 00000000 00:00 0 
7f31c4021000-7f31c8000000 ---p 00000000 00:00 0 
7f31c8000000-7f31c8021000 rw-p 00000000 00:00 0 
7f31c8021000-7f31cc000000 ---p 00000000 00:00 0 
7f31cc04a000-7f31cc04f000 r--s 00084000 103:06 3152938                   /usr/lib/jvm/java-8-oracle/jre/lib/jfr.jar
7f31cc04f000-7f31d1000000 rw-p 00000000 00:00 0 
7f31d1000000-7f31d1280000 rwxp 00000000 00:00 0 
7f31d1280000-7f31e0000000 ---p 00000000 00:00 0 
7f31e0000000-7f31e356b000 rw-p 00000000 00:00 0 
7f31e356b000-7f31e4000000 ---p 00000000 00:00 0 
7f31e4004000-7f31e4154000 rw-p 00000000 00:00 0 
7f31e4154000-7f31e432e000 r--s 03d68000 103:06 3152962                   /usr/lib/jvm/java-8-oracle/jre/lib/rt.jar
7f31e432e000-7f31e43a4000 rw-p 00000000 00:00 0 
7f31e43a4000-7f31e43a5000 ---p 00000000 00:00 0 
7f31e43a5000-7f31e44a5000 rw-p 00000000 00:00 0 
7f31e44a5000-7f31e44a6000 ---p 00000000 00:00 0 
7f31e44a6000-7f31e45a6000 rw-p 00000000 00:00 0 
7f31e45a6000-7f31e45a7000 ---p 00000000 00:00 0 
7f31e45a7000-7f31e46a7000 rw-p 00000000 00:00 0 
7f31e46a7000-7f31e46a8000 ---p 00000000 00:00 0 
7f31e46a8000-7f31e47d1000 rw-p 00000000 00:00 0 
7f31e47d1000-7f31e4a2c000 ---p 00000000 00:00 0 
7f31e4a2c000-7f31e4a55000 rw-p 00000000 00:00 0 
7f31e4a55000-7f31e4cb0000 ---p 00000000 00:00 0 
7f31e4cb0000-7f31e4cc5000 rw-p 00000000 00:00 0 
7f31e4cc5000-7f31e4df2000 ---p 00000000 00:00 0 
7f31e4df2000-7f31e4dfd000 rw-p 00000000 00:00 0 
7f31e4dfd000-7f31e51b3000 ---p 00000000 00:00 0 
7f31e51b3000-7f31e51ce000 r-xp 00000000 103:06 3153021                   /usr/lib/jvm/java-8-oracle/jre/lib/amd64/libzip.so
7f31e51ce000-7f31e53ce000 ---p 0001b000 103:06 3153021                   /usr/lib/jvm/java-8-oracle/jre/lib/amd64/libzip.so
7f31e53ce000-7f31e53cf000 rw-p 0001b000 103:06 3153021                   /usr/lib/jvm/java-8-oracle/jre/lib/amd64/libzip.so
7f31e53cf000-7f31e53da000 r-xp 00000000 103:06 2888533                   /lib/x86_64-linux-gnu/libnss_files-2.23.so
7f31e53da000-7f31e55d9000 ---p 0000b000 103:06 2888533                   /lib/x86_64-linux-gnu/libnss_files-2.23.so
7f31e55d9000-7f31e55da000 r--p 0000a000 103:06 2888533                   /lib/x86_64-linux-gnu/libnss_files-2.23.so
7f31e55da000-7f31e55db000 rw-p 0000b000 103:06 2888533                   /lib/x86_64-linux-gnu/libnss_files-2.23.so
7f31e55db000-7f31e55e1000 rw-p 00000000 00:00 0 
7f31e55e1000-7f31e55ec000 r-xp 00000000 103:06 2888543                   /lib/x86_64-linux-gnu/libnss_nis-2.23.so
7f31e55ec000-7f31e57eb000 ---p 0000b000 103:06 2888543                   /lib/x86_64-linux-gnu/libnss_nis-2.23.so
7f31e57eb000-7f31e57ec000 r--p 0000a000 103:06 2888543                   /lib/x86_64-linux-gnu/libnss_nis-2.23.so
7f31e57ec000-7f31e57ed000 rw-p 0000b000 103:06 2888543                   /lib/x86_64-linux-gnu/libnss_nis-2.23.so
7f31e57ed000-7f31e5803000 r-xp 00000000 103:06 2888527                   /lib/x86_64-linux-gnu/libnsl-2.23.so
7f31e5803000-7f31e5a02000 ---p 00016000 103:06 2888527                   /lib/x86_64-linux-gnu/libnsl-2.23.so
7f31e5a02000-7f31e5a03000 r--p 00015000 103:06 2888527                   /lib/x86_64-linux-gnu/libnsl-2.23.so
7f31e5a03000-7f31e5a04000 rw-p 00016000 103:06 2888527                   /lib/x86_64-linux-gnu/libnsl-2.23.so
7f31e5a04000-7f31e5a06000 rw-p 00000000 00:00 0 
7f31e5a06000-7f31e5a0e000 r-xp 00000000 103:06 2888529                   /lib/x86_64-linux-gnu/libnss_compat-2.23.so
7f31e5a0e000-7f31e5c0d000 ---p 00008000 103:06 2888529                   /lib/x86_64-linux-gnu/libnss_compat-2.23.so
7f31e5c0d000-7f31e5c0e000 r--p 00007000 103:06 2888529                   /lib/x86_64-linux-gnu/libnss_compat-2.23.so
7f31e5c0e000-7f31e5c0f000 rw-p 00008000 103:06 2888529                   /lib/x86_64-linux-gnu/libnss_compat-2.23.so
7f31e5c0f000-7f31e5c3a000 r-xp 00000000 103:06 3153015                   /usr/lib/jvm/java-8-oracle/jre/lib/amd64/libjava.so
7f31e5c3a000-7f31e5e39000 ---p 0002b000 103:06 3153015                   /usr/lib/jvm/java-8-oracle/jre/lib/amd64/libjava.so
7f31e5e39000-7f31e5e3b000 rw-p 0002a000 103:06 3153015                   /usr/lib/jvm/java-8-oracle/jre/lib/amd64/libjava.so
7f31e5e3b000-7f31e5e48000 r-xp 00000000 103:06 3153020                   /usr/lib/jvm/java-8-oracle/jre/lib/amd64/libverify.so
7f31e5e48000-7f31e6048000 ---p 0000d000 103:06 3153020                   /usr/lib/jvm/java-8-oracle/jre/lib/amd64/libverify.so
7f31e6048000-7f31e604a000 rw-p 0000d000 103:06 3153020                   /usr/lib/jvm/java-8-oracle/jre/lib/amd64/libverify.so
7f31e604a000-7f31e6051000 r-xp 00000000 103:06 2888588                   /lib/x86_64-linux-gnu/librt-2.23.so
7f31e6051000-7f31e6250000 ---p 00007000 103:06 2888588                   /lib/x86_64-linux-gnu/librt-2.23.so
7f31e6250000-7f31e6251000 r--p 00006000 103:06 2888588                   /lib/x86_64-linux-gnu/librt-2.23.so
7f31e6251000-7f31e6252000 rw-p 00007000 103:06 2888588                   /lib/x86_64-linux-gnu/librt-2.23.so
7f31e6252000-7f31e635a000 r-xp 00000000 103:06 2888504                   /lib/x86_64-linux-gnu/libm-2.23.so
7f31e635a000-7f31e6559000 ---p 00108000 103:06 2888504                   /lib/x86_64-linux-gnu/libm-2.23.so
7f31e6559000-7f31e655a000 r--p 00107000 103:06 2888504                   /lib/x86_64-linux-gnu/libm-2.23.so
7f31e655a000-7f31e655b000 rw-p 00108000 103:06 2888504                   /lib/x86_64-linux-gnu/libm-2.23.so
7f31e655b000-7f31e7234000 r-xp 00000000 103:06 3413835                   /usr/lib/jvm/java-8-oracle/jre/lib/amd64/server/libjvm.so
7f31e7234000-7f31e7433000 ---p 00cd9000 103:06 3413835                   /usr/lib/jvm/java-8-oracle/jre/lib/amd64/server/libjvm.so
7f31e7433000-7f31e750d000 rw-p 00cd8000 103:06 3413835                   /usr/lib/jvm/java-8-oracle/jre/lib/amd64/server/libjvm.so
7f31e750d000-7f31e7558000 rw-p 00000000 00:00 0 
7f31e7558000-7f31e7718000 r-xp 00000000 103:06 2888434                   /lib/x86_64-linux-gnu/libc-2.23.so
7f31e7718000-7f31e7918000 ---p 001c0000 103:06 2888434                   /lib/x86_64-linux-gnu/libc-2.23.so
7f31e7918000-7f31e791c000 r--p 001c0000 103:06 2888434                   /lib/x86_64-linux-gnu/libc-2.23.so
7f31e791c000-7f31e791e000 rw-p 001c4000 103:06 2888434                   /lib/x86_64-linux-gnu/libc-2.23.so
7f31e791e000-7f31e7922000 rw-p 00000000 00:00 0 
7f31e7922000-7f31e7925000 r-xp 00000000 103:06 2888458                   /lib/x86_64-linux-gnu/libdl-2.23.so
7f31e7925000-7f31e7b24000 ---p 00003000 103:06 2888458                   /lib/x86_64-linux-gnu/libdl-2.23.so
7f31e7b24000-7f31e7b25000 r--p 00002000 103:06 2888458                   /lib/x86_64-linux-gnu/libdl-2.23.so
7f31e7b25000-7f31e7b26000 rw-p 00003000 103:06 2888458                   /lib/x86_64-linux-gnu/libdl-2.23.so
7f31e7b26000-7f31e7b3c000 r-xp 00000000 103:06 1461277                   /usr/lib/jvm/java-8-oracle/lib/amd64/jli/libjli.so
7f31e7b3c000-7f31e7d3b000 ---p 00016000 103:06 1461277                   /usr/lib/jvm/java-8-oracle/lib/amd64/jli/libjli.so
7f31e7d3b000-7f31e7d3c000 rw-p 00015000 103:06 1461277                   /usr/lib/jvm/java-8-oracle/lib/amd64/jli/libjli.so
7f31e7d3c000-7f31e7d54000 r-xp 00000000 103:06 2888580                   /lib/x86_64-linux-gnu/libpthread-2.23.so
7f31e7d54000-7f31e7f53000 ---p 00018000 103:06 2888580                   /lib/x86_64-linux-gnu/libpthread-2.23.so
7f31e7f53000-7f31e7f54000 r--p 00017000 103:06 2888580                   /lib/x86_64-linux-gnu/libpthread-2.23.so
7f31e7f54000-7f31e7f55000 rw-p 00018000 103:06 2888580                   /lib/x86_64-linux-gnu/libpthread-2.23.so
7f31e7f55000-7f31e7f59000 rw-p 00000000 00:00 0 
7f31e7f59000-7f31e7f7f000 r-xp 00000000 103:06 2888406                   /lib/x86_64-linux-gnu/ld-2.23.so
7f31e7f81000-7f31e7f94000 r--s 00345000 103:06 3152966                   /usr/lib/jvm/java-8-oracle/jre/lib/resources.jar
7f31e7f94000-7f31e805e000 rw-p 00000000 00:00 0 
7f31e805e000-7f31e8061000 ---p 00000000 00:00 0 
7f31e8061000-7f31e8164000 rw-p 00000000 00:00 0 
7f31e8165000-7f31e8166000 r--s 00003000 103:06 659120                    /home/michael/Downloads/json-simple-1.1.jar
7f31e8166000-7f31e8167000 r--s 00014000 103:06 132978                    /home/michael/Downloads/java-json.jar
7f31e8167000-7f31e816c000 r--s 002f9000 103:06 3152960                   /usr/lib/jvm/java-8-oracle/jre/lib/charsets.jar
7f31e816c000-7f31e816f000 r--s 0001a000 103:06 3153041                   /usr/lib/jvm/java-8-oracle/jre/lib/jce.jar
7f31e816f000-7f31e8174000 r--s 0009d000 103:06 3152970                   /usr/lib/jvm/java-8-oracle/jre/lib/jsse.jar
7f31e8174000-7f31e817c000 rw-s 00000000 103:06 2887716                   /tmp/hsperfdata_michael/24813
7f31e817c000-7f31e817d000 rw-p 00000000 00:00 0 
7f31e817d000-7f31e817e000 ---p 00000000 00:00 0 
7f31e817e000-7f31e817f000 r--p 00025000 103:06 2888406                   /lib/x86_64-linux-gnu/ld-2.23.so
7f31e817f000-7f31e8180000 rw-p 00026000 103:06 2888406                   /lib/x86_64-linux-gnu/ld-2.23.so
7f31e8180000-7f31e8181000 rw-p 00000000 00:00 0 
7fff56b12000-7fff56b33000 rw-p 00000000 00:00 0                          [stack]
7fff56bb6000-7fff56bb9000 r--p 00000000 00:00 0                          [vvar]
7fff56bb9000-7fff56bbb000 r-xp 00000000 00:00 0                          [vdso]
ffffffffff600000-ffffffffff601000 r-xp 00000000 00:00 0                  [vsyscall]

VM Arguments:
jvm_args: -Dfile.encoding=UTF-8 
java_command: Sql
java_class_path (initial): /usr/lib/jvm/java-8-oracle/jre/lib/resources.jar:/usr/lib/jvm/java-8-oracle/jre/lib/rt.jar:/usr/lib/jvm/java-8-oracle/jre/lib/jsse.jar:/usr/lib/jvm/java-8-oracle/jre/lib/jce.jar:/usr/lib/jvm/java-8-oracle/jre/lib/charsets.jar:/usr/lib/jvm/java-8-oracle/jre/lib/jfr.jar:/usr/lib/jvm/java-8-oracle/jre/lib/ext/cldrdata.jar:/usr/lib/jvm/java-8-oracle/jre/lib/ext/sunjce_provider.jar:/usr/lib/jvm/java-8-oracle/jre/lib/ext/dnsns.jar:/usr/lib/jvm/java-8-oracle/jre/lib/ext/nashorn.jar:/usr/lib/jvm/java-8-oracle/jre/lib/ext/sunpkcs11.jar:/usr/lib/jvm/java-8-oracle/jre/lib/ext/jaccess.jar:/usr/lib/jvm/java-8-oracle/jre/lib/ext/jfxrt.jar:/usr/lib/jvm/java-8-oracle/jre/lib/ext/localedata.jar:/usr/lib/jvm/java-8-oracle/jre/lib/ext/sunec.jar:/usr/lib/jvm/java-8-oracle/jre/lib/ext/zipfs.jar:/home/michael/eclipse-workspace/SQL/bin:/home/michael/Downloads/java-json.jar:/home/michael/Downloads/json-simple-1.1.jar
Launcher Type: SUN_STANDARD

Environment Variables:
JAVA_HOME=/usr/lib/jvm/java-8-oracle
PATH=/home/michael/bin:/home/michael/.local/bin:/usr/local/sbin:/usr/local/bin:/usr/sbin:/usr/bin:/sbin:/bin:/usr/games:/usr/local/games:/snap/bin:/usr/lib/jvm/java-8-oracle/bin:/usr/lib/jvm/java-8-oracle/db/bin:/usr/lib/jvm/java-8-oracle/jre/bin
SHELL=/bin/bash
DISPLAY=:0

Signal Handlers:
SIGSEGV: [libjvm.so+0xad0890], sa_mask[0]=11111111011111111101111111111110, sa_flags=SA_RESTART|SA_SIGINFO
SIGBUS: [libjvm.so+0xad0890], sa_mask[0]=11111111011111111101111111111110, sa_flags=SA_RESTART|SA_SIGINFO
SIGFPE: [libjvm.so+0x928640], sa_mask[0]=11111111011111111101111111111110, sa_flags=SA_RESTART|SA_SIGINFO
SIGPIPE: [libjvm.so+0x928640], sa_mask[0]=11111111011111111101111111111110, sa_flags=SA_RESTART|SA_SIGINFO
SIGXFSZ: [libjvm.so+0x928640], sa_mask[0]=11111111011111111101111111111110, sa_flags=SA_RESTART|SA_SIGINFO
SIGILL: [libjvm.so+0x928640], sa_mask[0]=11111111011111111101111111111110, sa_flags=SA_RESTART|SA_SIGINFO
SIGUSR1: SIG_DFL, sa_mask[0]=00000000000000000000000000000000, sa_flags=none
SIGUSR2: [libjvm.so+0x929ea0], sa_mask[0]=00100000000000000000000000000000, sa_flags=SA_RESTART|SA_SIGINFO
SIGHUP: [libjvm.so+0x92b2a0], sa_mask[0]=11111111011111111101111111111110, sa_flags=SA_RESTART|SA_SIGINFO
SIGINT: [libjvm.so+0x92b2a0], sa_mask[0]=11111111011111111101111111111110, sa_flags=SA_RESTART|SA_SIGINFO
SIGTERM: [libjvm.so+0x92b2a0], sa_mask[0]=11111111011111111101111111111110, sa_flags=SA_RESTART|SA_SIGINFO
SIGQUIT: [libjvm.so+0x92b2a0], sa_mask[0]=11111111011111111101111111111110, sa_flags=SA_RESTART|SA_SIGINFO


---------------  S Y S T E M  ---------------

OS:DISTRIB_ID=Ubuntu
DISTRIB_RELEASE=16.04
DISTRIB_CODENAME=xenial
DISTRIB_DESCRIPTION="Ubuntu 16.04.4 LTS"

uname:Linux 4.13.0-45-generic #50~16.04.1-Ubuntu SMP Wed May 30 11:18:27 UTC 2018 x86_64
libc:glibc 2.23 NPTL 2.23 
rlimit: STACK 8192k, CORE 0k, NPROC 30466, NOFILE 1048576, AS infinity
load average:1,98 1,84 1,61

/proc/meminfo:
MemTotal:        7913268 kB
MemFree:          169148 kB
MemAvailable:      82520 kB
Buffers:             340 kB
Cached:           331872 kB
SwapCached:        11656 kB
Active:          6594288 kB
Inactive:         898288 kB
Active(anon):    6577944 kB
Inactive(anon):   836464 kB
Active(file):      16344 kB
Inactive(file):    61824 kB
Unevictable:         104 kB
Mlocked:             104 kB
SwapTotal:       3320828 kB
SwapFree:          30940 kB
Dirty:               412 kB
Writeback:             0 kB
AnonPages:       7148892 kB
Mapped:           226572 kB
Shmem:            253984 kB
Slab:              95860 kB
SReclaimable:      39080 kB
SUnreclaim:        56780 kB
KernelStack:       26272 kB
PageTables:        75212 kB
NFS_Unstable:          0 kB
Bounce:                0 kB
WritebackTmp:          0 kB
CommitLimit:     7277460 kB
Committed_AS:   25816540 kB
VmallocTotal:   34359738367 kB
VmallocUsed:           0 kB
VmallocChunk:          0 kB
HardwareCorrupted:     0 kB
AnonHugePages:         0 kB
ShmemHugePages:        0 kB
ShmemPmdMapped:        0 kB
CmaTotal:              0 kB
CmaFree:               0 kB
HugePages_Total:       0
HugePages_Free:        0
HugePages_Rsvd:        0
HugePages_Surp:        0
Hugepagesize:       2048 kB
DirectMap4k:      145012 kB
DirectMap2M:     6938624 kB
DirectMap1G:     2097152 kB


CPU:total 4 (initial active 4) (2 cores per cpu, 2 threads per core) family 6 model 142 stepping 9, cmov, cx8, fxsr, mmx, sse, sse2, sse3, ssse3, sse4.1, sse4.2, popcnt, avx, avx2, aes, clmul, erms, 3dnowpref, lzcnt, ht, tsc, tscinvbit, bmi1, bmi2, adx

/proc/cpuinfo:
processor	: 0
vendor_id	: GenuineIntel
cpu family	: 6
model		: 142
model name	: Intel(R) Core(TM) i5-7200U CPU @ 2.50GHz
stepping	: 9
microcode	: 0x84
cpu MHz		: 3099.997
cache size	: 3072 KB
physical id	: 0
siblings	: 4
core id		: 0
cpu cores	: 2
apicid		: 0
initial apicid	: 0
fpu		: yes
fpu_exception	: yes
cpuid level	: 22
wp		: yes
flags		: fpu vme de pse tsc msr pae mce cx8 apic sep mtrr pge mca cmov pat pse36 clflush dts acpi mmx fxsr sse sse2 ss ht tm pbe syscall nx pdpe1gb rdtscp lm constant_tsc art arch_perfmon pebs bts rep_good nopl xtopology nonstop_tsc cpuid aperfmperf tsc_known_freq pni pclmulqdq dtes64 monitor ds_cpl vmx est tm2 ssse3 sdbg fma cx16 xtpr pdcm pcid sse4_1 sse4_2 x2apic movbe popcnt tsc_deadline_timer aes xsave avx f16c rdrand lahf_lm abm 3dnowprefetch cpuid_fault invpcid_single pti retpoline intel_pt rsb_ctxsw spec_ctrl tpr_shadow vnmi flexpriority ept vpid fsgsbase tsc_adjust bmi1 avx2 smep bmi2 erms invpcid mpx rdseed adx smap clflushopt xsaveopt xsavec xgetbv1 xsaves dtherm ida arat pln pts hwp hwp_notify hwp_act_window hwp_epp
bugs		: cpu_meltdown spectre_v1 spectre_v2 spec_store_bypass
bogomips	: 5424.00
clflush size	: 64
cache_alignment	: 64
address sizes	: 39 bits physical, 48 bits virtual
power management:

processor	: 1
vendor_id	: GenuineIntel
cpu family	: 6
model		: 142
model name	: Intel(R) Core(TM) i5-7200U CPU @ 2.50GHz
stepping	: 9
microcode	: 0x84
cpu MHz		: 3100.001
cache size	: 3072 KB
physical id	: 0
siblings	: 4
core id		: 1
cpu cores	: 2
apicid		: 2
initial apicid	: 2
fpu		: yes
fpu_exception	: yes
cpuid level	: 22
wp		: yes
flags		: fpu vme de pse tsc msr pae mce cx8 apic sep mtrr pge mca cmov pat pse36 clflush dts acpi mmx fxsr sse sse2 ss ht tm pbe syscall nx pdpe1gb rdtscp lm constant_tsc art arch_perfmon pebs bts rep_good nopl xtopology nonstop_tsc cpuid aperfmperf tsc_known_freq pni pclmulqdq dtes64 monitor ds_cpl vmx est tm2 ssse3 sdbg fma cx16 xtpr pdcm pcid sse4_1 sse4_2 x2apic movbe popcnt tsc_deadline_timer aes xsave avx f16c rdrand lahf_lm abm 3dnowprefetch cpuid_fault invpcid_single pti retpoline intel_pt rsb_ctxsw spec_ctrl tpr_shadow vnmi flexpriority ept vpid fsgsbase tsc_adjust bmi1 avx2 smep bmi2 erms invpcid mpx rdseed adx smap clflushopt xsaveopt xsavec xgetbv1 xsaves dtherm ida arat pln pts hwp hwp_notify hwp_act_window hwp_epp
bugs		: cpu_meltdown spectre_v1 spectre_v2 spec_store_bypass
bogomips	: 5424.00
clflush size	: 64
cache_alignment	: 64
address sizes	: 39 bits physical, 48 bits virtual
power management:

processor	: 2
vendor_id	: GenuineIntel
cpu family	: 6
model		: 142
model name	: Intel(R) Core(TM) i5-7200U CPU @ 2.50GHz
stepping	: 9
microcode	: 0x84
cpu MHz		: 3099.998
cache size	: 3072 KB
physical id	: 0
siblings	: 4
core id		: 0
cpu cores	: 2
apicid		: 1
initial apicid	: 1
fpu		: yes
fpu_exception	: yes
cpuid level	: 22
wp		: yes
flags		: fpu vme de pse tsc msr pae mce cx8 apic sep mtrr pge mca cmov pat pse36 clflush dts acpi mmx fxsr sse sse2 ss ht tm pbe syscall nx pdpe1gb rdtscp lm constant_tsc art arch_perfmon pebs bts rep_good nopl xtopology nonstop_tsc cpuid aperfmperf tsc_known_freq pni pclmulqdq dtes64 monitor ds_cpl vmx est tm2 ssse3 sdbg fma cx16 xtpr pdcm pcid sse4_1 sse4_2 x2apic movbe popcnt tsc_deadline_timer aes xsave avx f16c rdrand lahf_lm abm 3dnowprefetch cpuid_fault invpcid_single pti retpoline intel_pt rsb_ctxsw spec_ctrl tpr_shadow vnmi flexpriority ept vpid fsgsbase tsc_adjust bmi1 avx2 smep bmi2 erms invpcid mpx rdseed adx smap clflushopt xsaveopt xsavec xgetbv1 xsaves dtherm ida arat pln pts hwp hwp_notify hwp_act_window hwp_epp
bugs		: cpu_meltdown spectre_v1 spectre_v2 spec_store_bypass
bogomips	: 5424.00
clflush size	: 64
cache_alignment	: 64
address sizes	: 39 bits physical, 48 bits virtual
power management:

processor	: 3
vendor_id	: GenuineIntel
cpu family	: 6
model		: 142
model name	: Intel(R) Core(TM) i5-7200U CPU @ 2.50GHz
stepping	: 9
microcode	: 0x84
cpu MHz		: 3099.998
cache size	: 3072 KB
physical id	: 0
siblings	: 4
core id		: 1
cpu cores	: 2
apicid		: 3
initial apicid	: 3
fpu		: yes
fpu_exception	: yes
cpuid level	: 22
wp		: yes
flags		: fpu vme de pse tsc msr pae mce cx8 apic sep mtrr pge mca cmov pat pse36 clflush dts acpi mmx fxsr sse sse2 ss ht tm pbe syscall nx pdpe1gb rdtscp lm constant_tsc art arch_perfmon pebs bts rep_good nopl xtopology nonstop_tsc cpuid aperfmperf tsc_known_freq pni pclmulqdq dtes64 monitor ds_cpl vmx est tm2 ssse3 sdbg fma cx16 xtpr pdcm pcid sse4_1 sse4_2 x2apic movbe popcnt tsc_deadline_timer aes xsave avx f16c rdrand lahf_lm abm 3dnowprefetch cpuid_fault invpcid_single pti retpoline intel_pt rsb_ctxsw spec_ctrl tpr_shadow vnmi flexpriority ept vpid fsgsbase tsc_adjust bmi1 avx2 smep bmi2 erms invpcid mpx rdseed adx smap clflushopt xsaveopt xsavec xgetbv1 xsaves dtherm ida arat pln pts hwp hwp_notify hwp_act_window hwp_epp
bugs		: cpu_meltdown spectre_v1 spectre_v2 spec_store_bypass
bogomips	: 5424.00
clflush size	: 64
cache_alignment	: 64
address sizes	: 39 bits physical, 48 bits virtual
power management:



Memory: 4k page, physical 7913268k(163568k free), swap 3320828k(31452k free)

vm_info: Java HotSpot(TM) 64-Bit Server VM (25.171-b11) for linux-amd64 JRE (1.8.0_171-b11), built on Mar 28 2018 17:07:08 by "java_re" with gcc 4.3.0 20080428 (Red Hat 4.3.0-8)

time: Mon Jul  2 08:13:59 2018
elapsed time: 6 seconds (0d 0h 0m 6s)

