#
# There is insufficient memory for the Java Runtime Environment to continue.
# Native memory allocation (mmap) failed to map 31981568 bytes for committing reserved memory.
# Possible reasons:
#   The system is out of physical RAM or swap space
#   In 32 bit mode, the process size limit was hit
# Possible solutions:
#   Reduce memory load on the system
#   Increase physical memory or swap space
#   Check if swap backing store is full
#   Use 64 bit Java on a 64 bit OS
#   Decrease Java heap size (-Xmx/-Xms)
#   Decrease number of Java threads
#   Decrease Java thread stack sizes (-Xss)
#   Set larger code cache with -XX:ReservedCodeCacheSize=
# This output file may be truncated or incomplete.
#
#  Out of Memory Error (os_linux.cpp:2640), pid=321, tid=0x00007facbf5f5700
#
# JRE version: Java(TM) SE Runtime Environment (8.0_171-b11) (build 1.8.0_171-b11)
# Java VM: Java HotSpot(TM) 64-Bit Server VM (25.171-b11 mixed mode linux-amd64 compressed oops)
# Failed to write core dump. Core dumps have been disabled. To enable core dumping, try "ulimit -c unlimited" before starting Java again
#

---------------  T H R E A D  ---------------

Current thread (0x00007face4078800):  VMThread [stack: 0x00007facbf4f5000,0x00007facbf5f6000] [id=332]

Stack: [0x00007facbf4f5000,0x00007facbf5f6000],  sp=0x00007facbf5f40a0,  free space=1020k
Native frames: (J=compiled Java code, j=interpreted, Vv=VM code, C=native code)
V  [libjvm.so+0xacfffa]  VMError::report_and_die()+0x2ba
V  [libjvm.so+0x5005cb]  report_vm_out_of_memory(char const*, int, unsigned long, VMErrorType, char const*)+0x8b
V  [libjvm.so+0x92dd93]  os::Linux::commit_memory_impl(char*, unsigned long, bool)+0x123
V  [libjvm.so+0x92dfb9]  os::pd_commit_memory(char*, unsigned long, unsigned long, bool)+0x29
V  [libjvm.so+0x92527a]  os::commit_memory(char*, unsigned long, unsigned long, bool)+0x2a
V  [libjvm.so+0x99b223]  PSVirtualSpace::expand_by(unsigned long)+0x53
V  [libjvm.so+0x99c628]  PSYoungGen::resize_generation(unsigned long, unsigned long)+0xf8
V  [libjvm.so+0x99b782]  PSYoungGen::resize(unsigned long, unsigned long)+0x22
V  [libjvm.so+0x998a5b]  PSScavenge::invoke_no_policy()+0xf3b
V  [libjvm.so+0x9991e1]  PSScavenge::invoke()+0x41
V  [libjvm.so+0x94fcb0]  ParallelScavengeHeap::failed_mem_allocate(unsigned long)+0x70
V  [libjvm.so+0xad1a77]  VM_ParallelGCFailedAllocation::doit()+0x97
V  [libjvm.so+0xad9595]  VM_Operation::evaluate()+0x55
V  [libjvm.so+0xad795a]  VMThread::evaluate_operation(VM_Operation*)+0xba
V  [libjvm.so+0xad7cde]  VMThread::loop()+0x1ce
V  [libjvm.so+0xad8150]  VMThread::run()+0x70
V  [libjvm.so+0x92e0f8]  java_start(Thread*)+0x108

VM_Operation (0x00007facebf38460): ParallelGCFailedAllocation, mode: safepoint, requested by thread 0x00007face400b000


---------------  P R O C E S S  ---------------

Java Threads: ( => current thread )
  0x00007face42c6800 JavaThread "AWT-EventQueue-0" [_thread_blocked, id=344, stack(0x00007fac8fdfe000,0x00007fac8feff000)]
  0x00007face42c4800 JavaThread "AWT-Shutdown" [_thread_blocked, id=343, stack(0x00007fac8feff000,0x00007fac90000000)]
  0x00007face4275800 JavaThread "AWT-XAWT" daemon [_thread_blocked, id=342, stack(0x00007facbc04c000,0x00007facbc14d000)]
  0x00007face4250800 JavaThread "Java2D Disposer" daemon [_thread_blocked, id=341, stack(0x00007facbc55d000,0x00007facbc65e000)]
  0x00007face40ec800 JavaThread "Service Thread" daemon [_thread_blocked, id=339, stack(0x00007facbe2b1000,0x00007facbe3b2000)]
  0x00007face40bf800 JavaThread "C1 CompilerThread2" daemon [_thread_blocked, id=338, stack(0x00007facbe3b2000,0x00007facbe4b3000)]
  0x00007face40bd800 JavaThread "C2 CompilerThread1" daemon [_thread_blocked, id=337, stack(0x00007facbe4b3000,0x00007facbe5b4000)]
  0x00007face40ba800 JavaThread "C2 CompilerThread0" daemon [_thread_blocked, id=336, stack(0x00007facbe5b4000,0x00007facbe6b5000)]
  0x00007face40b9000 JavaThread "Signal Dispatcher" daemon [_thread_blocked, id=335, stack(0x00007facbe6b5000,0x00007facbe7b6000)]
  0x00007face4085000 JavaThread "Finalizer" daemon [_thread_blocked, id=334, stack(0x00007facbf2f3000,0x00007facbf3f4000)]
  0x00007face4080800 JavaThread "Reference Handler" daemon [_thread_blocked, id=333, stack(0x00007facbf3f4000,0x00007facbf4f5000)]
  0x00007face400b000 JavaThread "main" [_thread_blocked, id=326, stack(0x00007facebe39000,0x00007facebf3a000)]

Other Threads:
=>0x00007face4078800 VMThread [stack: 0x00007facbf4f5000,0x00007facbf5f6000] [id=332]
  0x00007face40f9800 WatcherThread [stack: 0x00007facbe1b0000,0x00007facbe2b1000] [id=340]

VM state:at safepoint (normal execution)

VM Mutex/Monitor currently owned by a thread:  ([mutex/lock_event])
[0x00007face4007120] Threads_lock - owner thread: 0x00007face4078800
[0x00007face4007620] Heap_lock - owner thread: 0x00007face400b000

Heap:
 PSYoungGen      total 36352K, used 5088K [0x00000000d7c00000, 0x00000000da480000, 0x0000000100000000)
  eden space 31232K, 0% used [0x00000000d7c00000,0x00000000d7c00000,0x00000000d9a80000)
  from space 5120K, 99% used [0x00000000d9a80000,0x00000000d9f78150,0x00000000d9f80000)
  to   space 5120K, 0% used [0x00000000d9f80000,0x00000000d9f80000,0x00000000da480000)
 ParOldGen       total 83456K, used 7604K [0x0000000087400000, 0x000000008c580000, 0x00000000d7c00000)
  object space 83456K, 9% used [0x0000000087400000,0x0000000087b6d030,0x000000008c580000)
 Metaspace       used 10647K, capacity 10824K, committed 11136K, reserved 1058816K
  class space    used 1238K, capacity 1291K, committed 1408K, reserved 1048576K

Card table byte_map: [0x00007face8807000,0x00007face8bce000] byte_map_base: 0x00007face83cd000

Marking Bits: (ParMarkBitMap*) 0x00007faceb306280
 Begin Bits: [0x00007faccc3a0000, 0x00007facce1d0000)
 End Bits:   [0x00007facce1d0000, 0x00007facd0000000)

Polling page: 0x00007facebf58000

CodeCache: size=245760Kb used=2509Kb max_used=2510Kb free=243250Kb
 bounds [0x00007facd5000000, 0x00007facd5280000, 0x00007face4000000]
 total_blobs=1030 nmethods=518 adapters=426
 compilation: enabled

Compilation events (10 events):
Event: 1,095 Thread 0x00007face40bf800  516   !   3       javax.swing.JComponent::getClientProperty (56 bytes)
Event: 1,098 Thread 0x00007face40bf800 nmethod 516 0x00007facd523a0d0 code [0x00007facd523a260, 0x00007facd523a6a8]
Event: 1,098 Thread 0x00007face40bf800  517   !   3       java.nio.CharBuffer::wrap (20 bytes)
Event: 1,099 Thread 0x00007face40bf800 nmethod 517 0x00007facd5275e10 code [0x00007facd5275fa0, 0x00007facd5276378]
Event: 1,099 Thread 0x00007face40bf800  515       3       javax.swing.JComponent::getFlag (20 bytes)
Event: 1,104 Thread 0x00007face40bf800 nmethod 515 0x00007facd5275a50 code [0x00007facd5275bc0, 0x00007facd5275d90]
Event: 1,104 Thread 0x00007face40bf800  518       3       java.io.InputStreamReader::read (11 bytes)
Event: 1,104 Thread 0x00007face40bf800 nmethod 518 0x00007facd5275650 code [0x00007facd52757c0, 0x00007facd5275968]
Event: 1,104 Thread 0x00007face40bf800  519   !   3       sun.nio.cs.StreamDecoder::read (196 bytes)
Event: 1,105 Thread 0x00007face40bf800 nmethod 519 0x00007facd5273f90 code [0x00007facd52741c0, 0x00007facd5274f08]

GC Heap History (1 events):
Event: 1,113 GC heap before
{Heap before GC invocations=1 (full 0):
 PSYoungGen      total 36352K, used 31232K [0x00000000d7c00000, 0x00000000da480000, 0x0000000100000000)
  eden space 31232K, 100% used [0x00000000d7c00000,0x00000000d9a80000,0x00000000d9a80000)
  from space 5120K, 0% used [0x00000000d9f80000,0x00000000d9f80000,0x00000000da480000)
  to   space 5120K, 0% used [0x00000000d9a80000,0x00000000d9a80000,0x00000000d9f80000)
 ParOldGen       total 83456K, used 0K [0x0000000087400000, 0x000000008c580000, 0x00000000d7c00000)
  object space 83456K, 0% used [0x0000000087400000,0x0000000087400000,0x000000008c580000)
 Metaspace       used 10647K, capacity 10824K, committed 11136K, reserved 1058816K
  class space    used 1238K, capacity 1291K, committed 1408K, reserved 1048576K

Deoptimization events (0 events):
No events

Classes redefined (0 events):
No events

Internal exceptions (10 events):
Event: 0,048 Thread 0x00007face400b000 Exception <a 'java/lang/NoSuchMethodError': Method sun.misc.Unsafe.prefetchRead(Ljava/lang/Object;J)V name or signature does not match> (0x00000000d7c07f98) thrown at [/HUDSON/workspace/8-2-build-linux-amd64/jdk8u171/10807/hotspot/src/share/vm/prims/jni.c
Event: 0,179 Thread 0x00007face400b000 Exception <a 'java/security/PrivilegedActionException'> (0x00000000d7d44b90) thrown at [/HUDSON/workspace/8-2-build-linux-amd64/jdk8u171/10807/hotspot/src/share/vm/prims/jvm.cpp, line 1435]
Event: 0,179 Thread 0x00007face400b000 Exception <a 'java/security/PrivilegedActionException'> (0x00000000d7d44da0) thrown at [/HUDSON/workspace/8-2-build-linux-amd64/jdk8u171/10807/hotspot/src/share/vm/prims/jvm.cpp, line 1435]
Event: 0,179 Thread 0x00007face400b000 Exception <a 'java/security/PrivilegedActionException'> (0x00000000d7d47208) thrown at [/HUDSON/workspace/8-2-build-linux-amd64/jdk8u171/10807/hotspot/src/share/vm/prims/jvm.cpp, line 1435]
Event: 0,179 Thread 0x00007face400b000 Exception <a 'java/security/PrivilegedActionException'> (0x00000000d7d47418) thrown at [/HUDSON/workspace/8-2-build-linux-amd64/jdk8u171/10807/hotspot/src/share/vm/prims/jvm.cpp, line 1435]
Event: 0,235 Thread 0x00007face400b000 Exception <a 'java/lang/NoSuchFieldError': method resolution failed> (0x00000000d7e16440) thrown at [/HUDSON/workspace/8-2-build-linux-amd64/jdk8u171/10807/hotspot/src/share/vm/prims/methodHandles.cpp, line 1167]
Event: 0,241 Thread 0x00007face400b000 Exception <a 'java/lang/NoSuchFieldError': method resolution failed> (0x00000000d7e23c10) thrown at [/HUDSON/workspace/8-2-build-linux-amd64/jdk8u171/10807/hotspot/src/share/vm/prims/methodHandles.cpp, line 1167]
Event: 0,290 Thread 0x00007face400b000 Exception <a 'java/io/FileNotFoundException'> (0x00000000d7ea31c0) thrown at [/HUDSON/workspace/8-2-build-linux-amd64/jdk8u171/10807/hotspot/src/share/vm/prims/jni.cpp, line 709]
Event: 0,290 Thread 0x00007face400b000 Exception <a 'java/io/FileNotFoundException'> (0x00000000d7ea3b78) thrown at [/HUDSON/workspace/8-2-build-linux-amd64/jdk8u171/10807/hotspot/src/share/vm/prims/jni.cpp, line 709]
Event: 1,073 Thread 0x00007face42c6800 Exception <a 'java/lang/UnsupportedOperationException': > (0x00000000d810c198) thrown at [/HUDSON/workspace/8-2-build-linux-amd64/jdk8u171/10807/hotspot/src/share/vm/prims/jni.cpp, line 735]

Events (10 events):
Event: 1,076 loading class sun/awt/im/CompositionAreaHandler done
Event: 1,077 loading class java/text/AttributedString
Event: 1,079 loading class java/text/AttributedString done
Event: 1,079 loading class java/text/AttributedString$AttributedStringIterator
Event: 1,080 loading class java/text/AttributedCharacterIterator
Event: 1,080 loading class java/text/CharacterIterator
Event: 1,081 loading class java/text/CharacterIterator done
Event: 1,081 loading class java/text/AttributedCharacterIterator done
Event: 1,081 loading class java/text/AttributedString$AttributedStringIterator done
Event: 1,108 Executing VM operation: ParallelGCFailedAllocation


Dynamic libraries:
00400000-00401000 r-xp 00000000 103:06 1323899                           /usr/lib/jvm/java-8-oracle/bin/java
00600000-00601000 rw-p 00000000 103:06 1323899                           /usr/lib/jvm/java-8-oracle/bin/java
01484000-014a5000 rw-p 00000000 00:00 0                                  [heap]
87400000-8c580000 rw-p 00000000 00:00 0 
8c580000-d7c00000 ---p 00000000 00:00 0 
d7c00000-da480000 rw-p 00000000 00:00 0 
dc300000-100000000 ---p 00000000 00:00 0 
100000000-100160000 rw-p 00000000 00:00 0 
100160000-140000000 ---p 00000000 00:00 0 
7fac80000000-7fac80049000 rw-p 00000000 00:00 0 
7fac80049000-7fac84000000 ---p 00000000 00:00 0 
7fac88000000-7fac88021000 rw-p 00000000 00:00 0 
7fac88021000-7fac8c000000 ---p 00000000 00:00 0 
7fac8c555000-7fac8c5bf000 r-xp 00000000 103:06 3152993                   /usr/lib/jvm/java-8-oracle/jre/lib/amd64/libt2k.so
7fac8c5bf000-7fac8c7be000 ---p 0006a000 103:06 3152993                   /usr/lib/jvm/java-8-oracle/jre/lib/amd64/libt2k.so
7fac8c7be000-7fac8c7c5000 rw-p 00069000 103:06 3152993                   /usr/lib/jvm/java-8-oracle/jre/lib/amd64/libt2k.so
7fac8c7c5000-7fac8c7d5000 rw-p 00000000 00:00 0 
7fac8c7d5000-7fac8c7e6000 r-xp 00000000 103:06 3153028                   /usr/lib/jvm/java-8-oracle/jre/lib/amd64/libnio.so
7fac8c7e6000-7fac8c9e5000 ---p 00011000 103:06 3153028                   /usr/lib/jvm/java-8-oracle/jre/lib/amd64/libnio.so
7fac8c9e5000-7fac8c9e6000 rw-p 00010000 103:06 3153028                   /usr/lib/jvm/java-8-oracle/jre/lib/amd64/libnio.so
7fac8c9e6000-7fac8f9e7000 rw-p 00000000 00:00 0 
7fac8f9e7000-7fac8f9fd000 r-xp 00000000 103:06 3153025                   /usr/lib/jvm/java-8-oracle/jre/lib/amd64/libnet.so
7fac8f9fd000-7fac8fbfd000 ---p 00016000 103:06 3153025                   /usr/lib/jvm/java-8-oracle/jre/lib/amd64/libnet.so
7fac8fbfd000-7fac8fbfe000 rw-p 00016000 103:06 3153025                   /usr/lib/jvm/java-8-oracle/jre/lib/amd64/libnet.so
7fac8fbfe000-7fac8fd7e000 rw-p 00000000 00:00 0 
7fac8fd7e000-7fac8fdfe000 ---p 00000000 00:00 0 
7fac8fdfe000-7fac8fe01000 ---p 00000000 00:00 0 
7fac8fe01000-7fac8feff000 rw-p 00000000 00:00 0 
7fac8feff000-7fac8ff02000 ---p 00000000 00:00 0 
7fac8ff02000-7fac90000000 rw-p 00000000 00:00 0 
7fac90000000-7fac90021000 rw-p 00000000 00:00 0 
7fac90021000-7fac94000000 ---p 00000000 00:00 0 
7fac94000000-7fac94021000 rw-p 00000000 00:00 0 
7fac94021000-7fac98000000 ---p 00000000 00:00 0 
7fac98000000-7fac98021000 rw-p 00000000 00:00 0 
7fac98021000-7fac9c000000 ---p 00000000 00:00 0 
7fac9c000000-7fac9c021000 rw-p 00000000 00:00 0 
7fac9c021000-7faca0000000 ---p 00000000 00:00 0 
7faca0000000-7faca03d9000 rw-p 00000000 00:00 0 
7faca03d9000-7faca4000000 ---p 00000000 00:00 0 
7faca4000000-7faca4276000 rw-p 00000000 00:00 0 
7faca4276000-7faca8000000 ---p 00000000 00:00 0 
7faca8000000-7faca8021000 rw-p 00000000 00:00 0 
7faca8021000-7facac000000 ---p 00000000 00:00 0 
7facac000000-7facac233000 rw-p 00000000 00:00 0 
7facac233000-7facb0000000 ---p 00000000 00:00 0 
7facb0000000-7facb0021000 rw-p 00000000 00:00 0 
7facb0021000-7facb4000000 ---p 00000000 00:00 0 
7facb4000000-7facb4021000 rw-p 00000000 00:00 0 
7facb4021000-7facb8000000 ---p 00000000 00:00 0 
7facb8000000-7facb828f000 rw-p 00000000 00:00 0 
7facb828f000-7facbc000000 ---p 00000000 00:00 0 
7facbc04c000-7facbc04f000 ---p 00000000 00:00 0 
7facbc04f000-7facbc14d000 rw-p 00000000 00:00 0 
7facbc14d000-7facbc152000 r-xp 00000000 103:06 926641                    /usr/lib/x86_64-linux-gnu/libXfixes.so.3.1.0
7facbc152000-7facbc351000 ---p 00005000 103:06 926641                    /usr/lib/x86_64-linux-gnu/libXfixes.so.3.1.0
7facbc351000-7facbc352000 r--p 00004000 103:06 926641                    /usr/lib/x86_64-linux-gnu/libXfixes.so.3.1.0
7facbc352000-7facbc353000 rw-p 00005000 103:06 926641                    /usr/lib/x86_64-linux-gnu/libXfixes.so.3.1.0
7facbc353000-7facbc35c000 r-xp 00000000 103:06 926633                    /usr/lib/x86_64-linux-gnu/libXcursor.so.1.0.2
7facbc35c000-7facbc55b000 ---p 00009000 103:06 926633                    /usr/lib/x86_64-linux-gnu/libXcursor.so.1.0.2
7facbc55b000-7facbc55c000 r--p 00008000 103:06 926633                    /usr/lib/x86_64-linux-gnu/libXcursor.so.1.0.2
7facbc55c000-7facbc55d000 rw-p 00009000 103:06 926633                    /usr/lib/x86_64-linux-gnu/libXcursor.so.1.0.2
7facbc55d000-7facbc560000 ---p 00000000 00:00 0 
7facbc560000-7facbc65e000 rw-p 00000000 00:00 0 
7facbc65e000-7facbc674000 r-xp 00000000 103:06 2888472                   /lib/x86_64-linux-gnu/libgcc_s.so.1
7facbc674000-7facbc873000 ---p 00016000 103:06 2888472                   /lib/x86_64-linux-gnu/libgcc_s.so.1
7facbc873000-7facbc874000 rw-p 00015000 103:06 2888472                   /lib/x86_64-linux-gnu/libgcc_s.so.1
7facbc874000-7facbc8d9000 r-xp 00000000 103:06 3153005                   /usr/lib/jvm/java-8-oracle/jre/lib/amd64/libfontmanager.so
7facbc8d9000-7facbcad8000 ---p 00065000 103:06 3153005                   /usr/lib/jvm/java-8-oracle/jre/lib/amd64/libfontmanager.so
7facbcad8000-7facbcadd000 rw-p 00064000 103:06 3153005                   /usr/lib/jvm/java-8-oracle/jre/lib/amd64/libfontmanager.so
7facbcadd000-7facbcaed000 rw-p 00000000 00:00 0 
7facbcaed000-7facbcaf2000 r-xp 00000000 103:06 926637                    /usr/lib/x86_64-linux-gnu/libXdmcp.so.6.0.0
7facbcaf2000-7facbccf1000 ---p 00005000 103:06 926637                    /usr/lib/x86_64-linux-gnu/libXdmcp.so.6.0.0
7facbccf1000-7facbccf2000 r--p 00004000 103:06 926637                    /usr/lib/x86_64-linux-gnu/libXdmcp.so.6.0.0
7facbccf2000-7facbccf3000 rw-p 00005000 103:06 926637                    /usr/lib/x86_64-linux-gnu/libXdmcp.so.6.0.0
7facbccf3000-7facbccf5000 r-xp 00000000 103:06 926626                    /usr/lib/x86_64-linux-gnu/libXau.so.6.0.0
7facbccf5000-7facbcef5000 ---p 00002000 103:06 926626                    /usr/lib/x86_64-linux-gnu/libXau.so.6.0.0
7facbcef5000-7facbcef6000 r--p 00002000 103:06 926626                    /usr/lib/x86_64-linux-gnu/libXau.so.6.0.0
7facbcef6000-7facbcef7000 rw-p 00003000 103:06 926626                    /usr/lib/x86_64-linux-gnu/libXau.so.6.0.0
7facbcef7000-7facbcf18000 r-xp 00000000 103:06 928046                    /usr/lib/x86_64-linux-gnu/libxcb.so.1.1.0
7facbcf18000-7facbd117000 ---p 00021000 103:06 928046                    /usr/lib/x86_64-linux-gnu/libxcb.so.1.1.0
7facbd117000-7facbd118000 r--p 00020000 103:06 928046                    /usr/lib/x86_64-linux-gnu/libxcb.so.1.1.0
7facbd118000-7facbd119000 rw-p 00021000 103:06 928046                    /usr/lib/x86_64-linux-gnu/libxcb.so.1.1.0
7facbd119000-7facbd128000 r-xp 00000000 103:06 926649                    /usr/lib/x86_64-linux-gnu/libXi.so.6.1.0
7facbd128000-7facbd327000 ---p 0000f000 103:06 926649                    /usr/lib/x86_64-linux-gnu/libXi.so.6.1.0
7facbd327000-7facbd328000 r--p 0000e000 103:06 926649                    /usr/lib/x86_64-linux-gnu/libXi.so.6.1.0
7facbd328000-7facbd329000 rw-p 0000f000 103:06 926649                    /usr/lib/x86_64-linux-gnu/libXi.so.6.1.0
7facbd329000-7facbd32e000 r-xp 00000000 103:06 926667                    /usr/lib/x86_64-linux-gnu/libXtst.so.6.1.0
7facbd32e000-7facbd52d000 ---p 00005000 103:06 926667                    /usr/lib/x86_64-linux-gnu/libXtst.so.6.1.0
7facbd52d000-7facbd52e000 r--p 00004000 103:06 926667                    /usr/lib/x86_64-linux-gnu/libXtst.so.6.1.0
7facbd52e000-7facbd52f000 rw-p 00005000 103:06 926667                    /usr/lib/x86_64-linux-gnu/libXtst.so.6.1.0
7facbd52f000-7facbd538000 r-xp 00000000 103:06 926661                    /usr/lib/x86_64-linux-gnu/libXrender.so.1.3.0
7facbd538000-7facbd737000 ---p 00009000 103:06 926661                    /usr/lib/x86_64-linux-gnu/libXrender.so.1.3.0
7facbd737000-7facbd738000 r--p 00008000 103:06 926661                    /usr/lib/x86_64-linux-gnu/libXrender.so.1.3.0
7facbd738000-7facbd739000 rw-p 00009000 103:06 926661                    /usr/lib/x86_64-linux-gnu/libXrender.so.1.3.0
7facbd739000-7facbd86e000 r-xp 00000000 103:06 926622                    /usr/lib/x86_64-linux-gnu/libX11.so.6.3.0
7facbd86e000-7facbda6e000 ---p 00135000 103:06 926622                    /usr/lib/x86_64-linux-gnu/libX11.so.6.3.0
7facbda6e000-7facbda6f000 r--p 00135000 103:06 926622                    /usr/lib/x86_64-linux-gnu/libX11.so.6.3.0
7facbda6f000-7facbda73000 rw-p 00136000 103:06 926622                    /usr/lib/x86_64-linux-gnu/libX11.so.6.3.0
7facbda73000-7facbda84000 r-xp 00000000 103:06 926639                    /usr/lib/x86_64-linux-gnu/libXext.so.6.4.0
7facbda84000-7facbdc83000 ---p 00011000 103:06 926639                    /usr/lib/x86_64-linux-gnu/libXext.so.6.4.0
7facbdc83000-7facbdc84000 r--p 00010000 103:06 926639                    /usr/lib/x86_64-linux-gnu/libXext.so.6.4.0
7facbdc84000-7facbdc85000 rw-p 00011000 103:06 926639                    /usr/lib/x86_64-linux-gnu/libXext.so.6.4.0
7facbdc85000-7facbdcd9000 r-xp 00000000 103:06 3153032                   /usr/lib/jvm/java-8-oracle/jre/lib/amd64/libawt_xawt.so
7facbdcd9000-7facbded9000 ---p 00054000 103:06 3153032                   /usr/lib/jvm/java-8-oracle/jre/lib/amd64/libawt_xawt.so
7facbded9000-7facbdedd000 rw-p 00054000 103:06 3153032                   /usr/lib/jvm/java-8-oracle/jre/lib/amd64/libawt_xawt.so
7facbdedd000-7facbdede000 rw-p 00000000 00:00 0 
7facbdede000-7facbdf80000 r-xp 00000000 103:06 3153018                   /usr/lib/jvm/java-8-oracle/jre/lib/amd64/libawt.so
7facbdf80000-7facbe180000 ---p 000a2000 103:06 3153018                   /usr/lib/jvm/java-8-oracle/jre/lib/amd64/libawt.so
7facbe180000-7facbe18c000 rw-p 000a2000 103:06 3153018                   /usr/lib/jvm/java-8-oracle/jre/lib/amd64/libawt.so
7facbe18c000-7facbe1b0000 rw-p 00000000 00:00 0 
7facbe1b0000-7facbe1b1000 ---p 00000000 00:00 0 
7facbe1b1000-7facbe2b1000 rw-p 00000000 00:00 0 
7facbe2b1000-7facbe2b4000 ---p 00000000 00:00 0 
7facbe2b4000-7facbe3b2000 rw-p 00000000 00:00 0 
7facbe3b2000-7facbe3b5000 ---p 00000000 00:00 0 
7facbe3b5000-7facbe4b3000 rw-p 00000000 00:00 0 
7facbe4b3000-7facbe4b6000 ---p 00000000 00:00 0 
7facbe4b6000-7facbe5b4000 rw-p 00000000 00:00 0 
7facbe5b4000-7facbe5b7000 ---p 00000000 00:00 0 
7facbe5b7000-7facbe6b5000 rw-p 00000000 00:00 0 
7facbe6b5000-7facbe6b8000 ---p 00000000 00:00 0 
7facbe6b8000-7facbe7b6000 rw-p 00000000 00:00 0 
7facbe7b6000-7facbf2f3000 r--p 00000000 103:06 925390                    /usr/lib/locale/locale-archive
7facbf2f3000-7facbf2f6000 ---p 00000000 00:00 0 
7facbf2f6000-7facbf3f4000 rw-p 00000000 00:00 0 
7facbf3f4000-7facbf3f7000 ---p 00000000 00:00 0 
7facbf3f7000-7facbf4f5000 rw-p 00000000 00:00 0 
7facbf4f5000-7facbf4f6000 ---p 00000000 00:00 0 
7facbf4f6000-7facc0000000 rw-p 00000000 00:00 0 
7facc0000000-7facc0021000 rw-p 00000000 00:00 0 
7facc0021000-7facc4000000 ---p 00000000 00:00 0 
7facc4000000-7facc4021000 rw-p 00000000 00:00 0 
7facc4021000-7facc8000000 ---p 00000000 00:00 0 
7facc8000000-7facc8021000 rw-p 00000000 00:00 0 
7facc8021000-7faccc000000 ---p 00000000 00:00 0 
7faccc09d000-7facd0000000 rw-p 00000000 00:00 0 
7facd0000000-7facd0021000 rw-p 00000000 00:00 0 
7facd0021000-7facd4000000 ---p 00000000 00:00 0 
7facd405e000-7facd4260000 rw-p 00000000 00:00 0 
7facd4260000-7facd443a000 r--s 03d68000 103:06 3152962                   /usr/lib/jvm/java-8-oracle/jre/lib/rt.jar
7facd443a000-7facd5000000 rw-p 00000000 00:00 0 
7facd5000000-7facd5280000 rwxp 00000000 00:00 0 
7facd5280000-7face4000000 ---p 00000000 00:00 0 
7face4000000-7face45b9000 rw-p 00000000 00:00 0 
7face45b9000-7face8000000 ---p 00000000 00:00 0 
7face8031000-7face8036000 r--s 00084000 103:06 3152938                   /usr/lib/jvm/java-8-oracle/jre/lib/jfr.jar
7face8036000-7face817f000 rw-p 00000000 00:00 0 
7face817f000-7face8180000 ---p 00000000 00:00 0 
7face8180000-7face8280000 rw-p 00000000 00:00 0 
7face8280000-7face8281000 ---p 00000000 00:00 0 
7face8281000-7face8381000 rw-p 00000000 00:00 0 
7face8381000-7face8382000 ---p 00000000 00:00 0 
7face8382000-7face8482000 rw-p 00000000 00:00 0 
7face8482000-7face8483000 ---p 00000000 00:00 0 
7face8483000-7face85ac000 rw-p 00000000 00:00 0 
7face85ac000-7face8807000 ---p 00000000 00:00 0 
7face8807000-7face8830000 rw-p 00000000 00:00 0 
7face8830000-7face8a8b000 ---p 00000000 00:00 0 
7face8a8b000-7face8aa0000 rw-p 00000000 00:00 0 
7face8aa0000-7face8bcd000 ---p 00000000 00:00 0 
7face8bcd000-7face8bd8000 rw-p 00000000 00:00 0 
7face8bd8000-7face8f8e000 ---p 00000000 00:00 0 
7face8f8e000-7face8fa9000 r-xp 00000000 103:06 3153021                   /usr/lib/jvm/java-8-oracle/jre/lib/amd64/libzip.so
7face8fa9000-7face91a9000 ---p 0001b000 103:06 3153021                   /usr/lib/jvm/java-8-oracle/jre/lib/amd64/libzip.so
7face91a9000-7face91aa000 rw-p 0001b000 103:06 3153021                   /usr/lib/jvm/java-8-oracle/jre/lib/amd64/libzip.so
7face91aa000-7face91b5000 r-xp 00000000 103:06 2888533                   /lib/x86_64-linux-gnu/libnss_files-2.23.so
7face91b5000-7face93b4000 ---p 0000b000 103:06 2888533                   /lib/x86_64-linux-gnu/libnss_files-2.23.so
7face93b4000-7face93b5000 r--p 0000a000 103:06 2888533                   /lib/x86_64-linux-gnu/libnss_files-2.23.so
7face93b5000-7face93b6000 rw-p 0000b000 103:06 2888533                   /lib/x86_64-linux-gnu/libnss_files-2.23.so
7face93b6000-7face93bc000 rw-p 00000000 00:00 0 
7face93bc000-7face93c7000 r-xp 00000000 103:06 2888543                   /lib/x86_64-linux-gnu/libnss_nis-2.23.so
7face93c7000-7face95c6000 ---p 0000b000 103:06 2888543                   /lib/x86_64-linux-gnu/libnss_nis-2.23.so
7face95c6000-7face95c7000 r--p 0000a000 103:06 2888543                   /lib/x86_64-linux-gnu/libnss_nis-2.23.so
7face95c7000-7face95c8000 rw-p 0000b000 103:06 2888543                   /lib/x86_64-linux-gnu/libnss_nis-2.23.so
7face95c8000-7face95de000 r-xp 00000000 103:06 2888527                   /lib/x86_64-linux-gnu/libnsl-2.23.so
7face95de000-7face97dd000 ---p 00016000 103:06 2888527                   /lib/x86_64-linux-gnu/libnsl-2.23.so
7face97dd000-7face97de000 r--p 00015000 103:06 2888527                   /lib/x86_64-linux-gnu/libnsl-2.23.so
7face97de000-7face97df000 rw-p 00016000 103:06 2888527                   /lib/x86_64-linux-gnu/libnsl-2.23.so
7face97df000-7face97e1000 rw-p 00000000 00:00 0 
7face97e1000-7face97e9000 r-xp 00000000 103:06 2888529                   /lib/x86_64-linux-gnu/libnss_compat-2.23.so
7face97e9000-7face99e8000 ---p 00008000 103:06 2888529                   /lib/x86_64-linux-gnu/libnss_compat-2.23.so
7face99e8000-7face99e9000 r--p 00007000 103:06 2888529                   /lib/x86_64-linux-gnu/libnss_compat-2.23.so
7face99e9000-7face99ea000 rw-p 00008000 103:06 2888529                   /lib/x86_64-linux-gnu/libnss_compat-2.23.so
7face99ea000-7face9a15000 r-xp 00000000 103:06 3153015                   /usr/lib/jvm/java-8-oracle/jre/lib/amd64/libjava.so
7face9a15000-7face9c14000 ---p 0002b000 103:06 3153015                   /usr/lib/jvm/java-8-oracle/jre/lib/amd64/libjava.so
7face9c14000-7face9c16000 rw-p 0002a000 103:06 3153015                   /usr/lib/jvm/java-8-oracle/jre/lib/amd64/libjava.so
7face9c16000-7face9c23000 r-xp 00000000 103:06 3153020                   /usr/lib/jvm/java-8-oracle/jre/lib/amd64/libverify.so
7face9c23000-7face9e23000 ---p 0000d000 103:06 3153020                   /usr/lib/jvm/java-8-oracle/jre/lib/amd64/libverify.so
7face9e23000-7face9e25000 rw-p 0000d000 103:06 3153020                   /usr/lib/jvm/java-8-oracle/jre/lib/amd64/libverify.so
7face9e25000-7face9e2c000 r-xp 00000000 103:06 2888588                   /lib/x86_64-linux-gnu/librt-2.23.so
7face9e2c000-7facea02b000 ---p 00007000 103:06 2888588                   /lib/x86_64-linux-gnu/librt-2.23.so
7facea02b000-7facea02c000 r--p 00006000 103:06 2888588                   /lib/x86_64-linux-gnu/librt-2.23.so
7facea02c000-7facea02d000 rw-p 00007000 103:06 2888588                   /lib/x86_64-linux-gnu/librt-2.23.so
7facea02d000-7facea135000 r-xp 00000000 103:06 2888504                   /lib/x86_64-linux-gnu/libm-2.23.so
7facea135000-7facea334000 ---p 00108000 103:06 2888504                   /lib/x86_64-linux-gnu/libm-2.23.so
7facea334000-7facea335000 r--p 00107000 103:06 2888504                   /lib/x86_64-linux-gnu/libm-2.23.so
7facea335000-7facea336000 rw-p 00108000 103:06 2888504                   /lib/x86_64-linux-gnu/libm-2.23.so
7facea336000-7faceb00f000 r-xp 00000000 103:06 3413835                   /usr/lib/jvm/java-8-oracle/jre/lib/amd64/server/libjvm.so
7faceb00f000-7faceb20e000 ---p 00cd9000 103:06 3413835                   /usr/lib/jvm/java-8-oracle/jre/lib/amd64/server/libjvm.so
7faceb20e000-7faceb2e8000 rw-p 00cd8000 103:06 3413835                   /usr/lib/jvm/java-8-oracle/jre/lib/amd64/server/libjvm.so
7faceb2e8000-7faceb333000 rw-p 00000000 00:00 0 
7faceb333000-7faceb4f3000 r-xp 00000000 103:06 2888434                   /lib/x86_64-linux-gnu/libc-2.23.so
7faceb4f3000-7faceb6f3000 ---p 001c0000 103:06 2888434                   /lib/x86_64-linux-gnu/libc-2.23.so
7faceb6f3000-7faceb6f7000 r--p 001c0000 103:06 2888434                   /lib/x86_64-linux-gnu/libc-2.23.so
7faceb6f7000-7faceb6f9000 rw-p 001c4000 103:06 2888434                   /lib/x86_64-linux-gnu/libc-2.23.so
7faceb6f9000-7faceb6fd000 rw-p 00000000 00:00 0 
7faceb6fd000-7faceb700000 r-xp 00000000 103:06 2888458                   /lib/x86_64-linux-gnu/libdl-2.23.so
7faceb700000-7faceb8ff000 ---p 00003000 103:06 2888458                   /lib/x86_64-linux-gnu/libdl-2.23.so
7faceb8ff000-7faceb900000 r--p 00002000 103:06 2888458                   /lib/x86_64-linux-gnu/libdl-2.23.so
7faceb900000-7faceb901000 rw-p 00003000 103:06 2888458                   /lib/x86_64-linux-gnu/libdl-2.23.so
7faceb901000-7faceb917000 r-xp 00000000 103:06 1461277                   /usr/lib/jvm/java-8-oracle/lib/amd64/jli/libjli.so
7faceb917000-7facebb16000 ---p 00016000 103:06 1461277                   /usr/lib/jvm/java-8-oracle/lib/amd64/jli/libjli.so
7facebb16000-7facebb17000 rw-p 00015000 103:06 1461277                   /usr/lib/jvm/java-8-oracle/lib/amd64/jli/libjli.so
7facebb17000-7facebb2f000 r-xp 00000000 103:06 2888580                   /lib/x86_64-linux-gnu/libpthread-2.23.so
7facebb2f000-7facebd2e000 ---p 00018000 103:06 2888580                   /lib/x86_64-linux-gnu/libpthread-2.23.so
7facebd2e000-7facebd2f000 r--p 00017000 103:06 2888580                   /lib/x86_64-linux-gnu/libpthread-2.23.so
7facebd2f000-7facebd30000 rw-p 00018000 103:06 2888580                   /lib/x86_64-linux-gnu/libpthread-2.23.so
7facebd30000-7facebd34000 rw-p 00000000 00:00 0 
7facebd34000-7facebd5a000 r-xp 00000000 103:06 2888406                   /lib/x86_64-linux-gnu/ld-2.23.so
7facebd5c000-7facebd6f000 r--s 00345000 103:06 3152966                   /usr/lib/jvm/java-8-oracle/jre/lib/resources.jar
7facebd6f000-7facebe39000 rw-p 00000000 00:00 0 
7facebe39000-7facebe3c000 ---p 00000000 00:00 0 
7facebe3c000-7facebf3f000 rw-p 00000000 00:00 0 
7facebf40000-7facebf41000 r--s 00003000 103:06 659120                    /home/michael/Downloads/json-simple-1.1.jar
7facebf41000-7facebf42000 r--s 00014000 103:06 132978                    /home/michael/Downloads/java-json.jar
7facebf42000-7facebf47000 r--s 002f9000 103:06 3152960                   /usr/lib/jvm/java-8-oracle/jre/lib/charsets.jar
7facebf47000-7facebf4a000 r--s 0001a000 103:06 3153041                   /usr/lib/jvm/java-8-oracle/jre/lib/jce.jar
7facebf4a000-7facebf4f000 r--s 0009d000 103:06 3152970                   /usr/lib/jvm/java-8-oracle/jre/lib/jsse.jar
7facebf4f000-7facebf57000 rw-s 00000000 103:06 2887843                   /tmp/hsperfdata_michael/321
7facebf57000-7facebf58000 rw-p 00000000 00:00 0 
7facebf58000-7facebf59000 ---p 00000000 00:00 0 
7facebf59000-7facebf5a000 r--p 00025000 103:06 2888406                   /lib/x86_64-linux-gnu/ld-2.23.so
7facebf5a000-7facebf5b000 rw-p 00026000 103:06 2888406                   /lib/x86_64-linux-gnu/ld-2.23.so
7facebf5b000-7facebf5c000 rw-p 00000000 00:00 0 
7ffcd3418000-7ffcd3439000 rw-p 00000000 00:00 0                          [stack]
7ffcd35af000-7ffcd35b2000 r--p 00000000 00:00 0                          [vvar]
7ffcd35b2000-7ffcd35b4000 r-xp 00000000 00:00 0                          [vdso]
ffffffffff600000-ffffffffff601000 r-xp 00000000 00:00 0                  [vsyscall]

VM Arguments:
jvm_args: -Dfile.encoding=UTF-8 
java_command: Sql
java_class_path (initial): /usr/lib/jvm/java-8-oracle/jre/lib/resources.jar:/usr/lib/jvm/java-8-oracle/jre/lib/rt.jar:/usr/lib/jvm/java-8-oracle/jre/lib/jsse.jar:/usr/lib/jvm/java-8-oracle/jre/lib/jce.jar:/usr/lib/jvm/java-8-oracle/jre/lib/charsets.jar:/usr/lib/jvm/java-8-oracle/jre/lib/jfr.jar:/usr/lib/jvm/java-8-oracle/jre/lib/ext/cldrdata.jar:/usr/lib/jvm/java-8-oracle/jre/lib/ext/sunjce_provider.jar:/usr/lib/jvm/java-8-oracle/jre/lib/ext/dnsns.jar:/usr/lib/jvm/java-8-oracle/jre/lib/ext/nashorn.jar:/usr/lib/jvm/java-8-oracle/jre/lib/ext/sunpkcs11.jar:/usr/lib/jvm/java-8-oracle/jre/lib/ext/jaccess.jar:/usr/lib/jvm/java-8-oracle/jre/lib/ext/jfxrt.jar:/usr/lib/jvm/java-8-oracle/jre/lib/ext/localedata.jar:/usr/lib/jvm/java-8-oracle/jre/lib/ext/sunec.jar:/usr/lib/jvm/java-8-oracle/jre/lib/ext/zipfs.jar:/home/michael/eclipse-workspace/SQL/bin:/home/michael/Downloads/java-json.jar:/home/michael/Downloads/json-simple-1.1.jar
Launcher Type: SUN_STANDARD

Environment Variables:
JAVA_HOME=/usr/lib/jvm/java-8-oracle
PATH=/home/michael/bin:/home/michael/.local/bin:/usr/local/sbin:/usr/local/bin:/usr/sbin:/usr/bin:/sbin:/bin:/usr/games:/usr/local/games:/snap/bin:/usr/lib/jvm/java-8-oracle/bin:/usr/lib/jvm/java-8-oracle/db/bin:/usr/lib/jvm/java-8-oracle/jre/bin
SHELL=/bin/bash
DISPLAY=:0

Signal Handlers:
SIGSEGV: [libjvm.so+0xad0890], sa_mask[0]=11111111011111111101111111111110, sa_flags=SA_RESTART|SA_SIGINFO
SIGBUS: [libjvm.so+0xad0890], sa_mask[0]=11111111011111111101111111111110, sa_flags=SA_RESTART|SA_SIGINFO
SIGFPE: [libjvm.so+0x928640], sa_mask[0]=11111111011111111101111111111110, sa_flags=SA_RESTART|SA_SIGINFO
SIGPIPE: [libjvm.so+0x928640], sa_mask[0]=11111111011111111101111111111110, sa_flags=SA_RESTART|SA_SIGINFO
SIGXFSZ: [libjvm.so+0x928640], sa_mask[0]=11111111011111111101111111111110, sa_flags=SA_RESTART|SA_SIGINFO
SIGILL: [libjvm.so+0x928640], sa_mask[0]=11111111011111111101111111111110, sa_flags=SA_RESTART|SA_SIGINFO
SIGUSR1: SIG_DFL, sa_mask[0]=00000000000000000000000000000000, sa_flags=none
SIGUSR2: [libjvm.so+0x929ea0], sa_mask[0]=00100000000000000000000000000000, sa_flags=SA_RESTART|SA_SIGINFO
SIGHUP: [libjvm.so+0x92b2a0], sa_mask[0]=11111111011111111101111111111110, sa_flags=SA_RESTART|SA_SIGINFO
SIGINT: [libjvm.so+0x92b2a0], sa_mask[0]=11111111011111111101111111111110, sa_flags=SA_RESTART|SA_SIGINFO
SIGTERM: [libjvm.so+0x92b2a0], sa_mask[0]=11111111011111111101111111111110, sa_flags=SA_RESTART|SA_SIGINFO
SIGQUIT: [libjvm.so+0x92b2a0], sa_mask[0]=11111111011111111101111111111110, sa_flags=SA_RESTART|SA_SIGINFO


---------------  S Y S T E M  ---------------

OS:DISTRIB_ID=Ubuntu
DISTRIB_RELEASE=16.04
DISTRIB_CODENAME=xenial
DISTRIB_DESCRIPTION="Ubuntu 16.04.4 LTS"

uname:Linux 4.13.0-45-generic #50~16.04.1-Ubuntu SMP Wed May 30 11:18:27 UTC 2018 x86_64
libc:glibc 2.23 NPTL 2.23 
rlimit: STACK 8192k, CORE 0k, NPROC 30466, NOFILE 1048576, AS infinity
load average:3,54 1,85 1,32

/proc/meminfo:
MemTotal:        7913268 kB
MemFree:          111796 kB
MemAvailable:          0 kB
Buffers:             176 kB
Cached:           289996 kB
SwapCached:         9444 kB
Active:          6705588 kB
Inactive:         843720 kB
Active(anon):    6701692 kB
Inactive(anon):   837740 kB
Active(file):       3896 kB
Inactive(file):     5980 kB
Unevictable:         104 kB
Mlocked:             104 kB
SwapTotal:       3320828 kB
SwapFree:              0 kB
Dirty:                16 kB
Writeback:             0 kB
AnonPages:       7250352 kB
Mapped:           163880 kB
Shmem:            280248 kB
Slab:              93388 kB
SReclaimable:      35896 kB
SUnreclaim:        57492 kB
KernelStack:       27984 kB
PageTables:        77784 kB
NFS_Unstable:          0 kB
Bounce:                0 kB
WritebackTmp:          0 kB
CommitLimit:     7277460 kB
Committed_AS:   27183904 kB
VmallocTotal:   34359738367 kB
VmallocUsed:           0 kB
VmallocChunk:          0 kB
HardwareCorrupted:     0 kB
AnonHugePages:         0 kB
ShmemHugePages:        0 kB
ShmemPmdMapped:        0 kB
CmaTotal:              0 kB
CmaFree:               0 kB
HugePages_Total:       0
HugePages_Free:        0
HugePages_Rsvd:        0
HugePages_Surp:        0
Hugepagesize:       2048 kB
DirectMap4k:      161396 kB
DirectMap2M:     6922240 kB
DirectMap1G:     2097152 kB


CPU:total 4 (initial active 4) (2 cores per cpu, 2 threads per core) family 6 model 142 stepping 9, cmov, cx8, fxsr, mmx, sse, sse2, sse3, ssse3, sse4.1, sse4.2, popcnt, avx, avx2, aes, clmul, erms, 3dnowpref, lzcnt, ht, tsc, tscinvbit, bmi1, bmi2, adx

/proc/cpuinfo:
processor	: 0
vendor_id	: GenuineIntel
cpu family	: 6
model		: 142
model name	: Intel(R) Core(TM) i5-7200U CPU @ 2.50GHz
stepping	: 9
microcode	: 0x84
cpu MHz		: 3099.991
cache size	: 3072 KB
physical id	: 0
siblings	: 4
core id		: 0
cpu cores	: 2
apicid		: 0
initial apicid	: 0
fpu		: yes
fpu_exception	: yes
cpuid level	: 22
wp		: yes
flags		: fpu vme de pse tsc msr pae mce cx8 apic sep mtrr pge mca cmov pat pse36 clflush dts acpi mmx fxsr sse sse2 ss ht tm pbe syscall nx pdpe1gb rdtscp lm constant_tsc art arch_perfmon pebs bts rep_good nopl xtopology nonstop_tsc cpuid aperfmperf tsc_known_freq pni pclmulqdq dtes64 monitor ds_cpl vmx est tm2 ssse3 sdbg fma cx16 xtpr pdcm pcid sse4_1 sse4_2 x2apic movbe popcnt tsc_deadline_timer aes xsave avx f16c rdrand lahf_lm abm 3dnowprefetch cpuid_fault invpcid_single pti retpoline intel_pt rsb_ctxsw spec_ctrl tpr_shadow vnmi flexpriority ept vpid fsgsbase tsc_adjust bmi1 avx2 smep bmi2 erms invpcid mpx rdseed adx smap clflushopt xsaveopt xsavec xgetbv1 xsaves dtherm ida arat pln pts hwp hwp_notify hwp_act_window hwp_epp
bugs		: cpu_meltdown spectre_v1 spectre_v2 spec_store_bypass
bogomips	: 5424.00
clflush size	: 64
cache_alignment	: 64
address sizes	: 39 bits physical, 48 bits virtual
power management:

processor	: 1
vendor_id	: GenuineIntel
cpu family	: 6
model		: 142
model name	: Intel(R) Core(TM) i5-7200U CPU @ 2.50GHz
stepping	: 9
microcode	: 0x84
cpu MHz		: 3099.992
cache size	: 3072 KB
physical id	: 0
siblings	: 4
core id		: 1
cpu cores	: 2
apicid		: 2
initial apicid	: 2
fpu		: yes
fpu_exception	: yes
cpuid level	: 22
wp		: yes
flags		: fpu vme de pse tsc msr pae mce cx8 apic sep mtrr pge mca cmov pat pse36 clflush dts acpi mmx fxsr sse sse2 ss ht tm pbe syscall nx pdpe1gb rdtscp lm constant_tsc art arch_perfmon pebs bts rep_good nopl xtopology nonstop_tsc cpuid aperfmperf tsc_known_freq pni pclmulqdq dtes64 monitor ds_cpl vmx est tm2 ssse3 sdbg fma cx16 xtpr pdcm pcid sse4_1 sse4_2 x2apic movbe popcnt tsc_deadline_timer aes xsave avx f16c rdrand lahf_lm abm 3dnowprefetch cpuid_fault invpcid_single pti retpoline intel_pt rsb_ctxsw spec_ctrl tpr_shadow vnmi flexpriority ept vpid fsgsbase tsc_adjust bmi1 avx2 smep bmi2 erms invpcid mpx rdseed adx smap clflushopt xsaveopt xsavec xgetbv1 xsaves dtherm ida arat pln pts hwp hwp_notify hwp_act_window hwp_epp
bugs		: cpu_meltdown spectre_v1 spectre_v2 spec_store_bypass
bogomips	: 5424.00
clflush size	: 64
cache_alignment	: 64
address sizes	: 39 bits physical, 48 bits virtual
power management:

processor	: 2
vendor_id	: GenuineIntel
cpu family	: 6
model		: 142
model name	: Intel(R) Core(TM) i5-7200U CPU @ 2.50GHz
stepping	: 9
microcode	: 0x84
cpu MHz		: 3100.000
cache size	: 3072 KB
physical id	: 0
siblings	: 4
core id		: 0
cpu cores	: 2
apicid		: 1
initial apicid	: 1
fpu		: yes
fpu_exception	: yes
cpuid level	: 22
wp		: yes
flags		: fpu vme de pse tsc msr pae mce cx8 apic sep mtrr pge mca cmov pat pse36 clflush dts acpi mmx fxsr sse sse2 ss ht tm pbe syscall nx pdpe1gb rdtscp lm constant_tsc art arch_perfmon pebs bts rep_good nopl xtopology nonstop_tsc cpuid aperfmperf tsc_known_freq pni pclmulqdq dtes64 monitor ds_cpl vmx est tm2 ssse3 sdbg fma cx16 xtpr pdcm pcid sse4_1 sse4_2 x2apic movbe popcnt tsc_deadline_timer aes xsave avx f16c rdrand lahf_lm abm 3dnowprefetch cpuid_fault invpcid_single pti retpoline intel_pt rsb_ctxsw spec_ctrl tpr_shadow vnmi flexpriority ept vpid fsgsbase tsc_adjust bmi1 avx2 smep bmi2 erms invpcid mpx rdseed adx smap clflushopt xsaveopt xsavec xgetbv1 xsaves dtherm ida arat pln pts hwp hwp_notify hwp_act_window hwp_epp
bugs		: cpu_meltdown spectre_v1 spectre_v2 spec_store_bypass
bogomips	: 5424.00
clflush size	: 64
cache_alignment	: 64
address sizes	: 39 bits physical, 48 bits virtual
power management:

processor	: 3
vendor_id	: GenuineIntel
cpu family	: 6
model		: 142
model name	: Intel(R) Core(TM) i5-7200U CPU @ 2.50GHz
stepping	: 9
microcode	: 0x84
cpu MHz		: 3100.000
cache size	: 3072 KB
physical id	: 0
siblings	: 4
core id		: 1
cpu cores	: 2
apicid		: 3
initial apicid	: 3
fpu		: yes
fpu_exception	: yes
cpuid level	: 22
wp		: yes
flags		: fpu vme de pse tsc msr pae mce cx8 apic sep mtrr pge mca cmov pat pse36 clflush dts acpi mmx fxsr sse sse2 ss ht tm pbe syscall nx pdpe1gb rdtscp lm constant_tsc art arch_perfmon pebs bts rep_good nopl xtopology nonstop_tsc cpuid aperfmperf tsc_known_freq pni pclmulqdq dtes64 monitor ds_cpl vmx est tm2 ssse3 sdbg fma cx16 xtpr pdcm pcid sse4_1 sse4_2 x2apic movbe popcnt tsc_deadline_timer aes xsave avx f16c rdrand lahf_lm abm 3dnowprefetch cpuid_fault invpcid_single pti retpoline intel_pt rsb_ctxsw spec_ctrl tpr_shadow vnmi flexpriority ept vpid fsgsbase tsc_adjust bmi1 avx2 smep bmi2 erms invpcid mpx rdseed adx smap clflushopt xsaveopt xsavec xgetbv1 xsaves dtherm ida arat pln pts hwp hwp_notify hwp_act_window hwp_epp
bugs		: cpu_meltdown spectre_v1 spectre_v2 spec_store_bypass
bogomips	: 5424.00
clflush size	: 64
cache_alignment	: 64
address sizes	: 39 bits physical, 48 bits virtual
power management:



Memory: 4k page, physical 7913268k(111908k free), swap 3320828k(0k free)

vm_info: Java HotSpot(TM) 64-Bit Server VM (25.171-b11) for linux-amd64 JRE (1.8.0_171-b11), built on Mar 28 2018 17:07:08 by "java_re" with gcc 4.3.0 20080428 (Red Hat 4.3.0-8)

time: Mon Jul  2 18:33:40 2018
elapsed time: 1 seconds (0d 0h 0m 1s)

