#
# There is insufficient memory for the Java Runtime Environment to continue.
# Native memory allocation (mmap) failed to map 85458944 bytes for committing reserved memory.
# Possible reasons:
#   The system is out of physical RAM or swap space
#   In 32 bit mode, the process size limit was hit
# Possible solutions:
#   Reduce memory load on the system
#   Increase physical memory or swap space
#   Check if swap backing store is full
#   Use 64 bit Java on a 64 bit OS
#   Decrease Java heap size (-Xmx/-Xms)
#   Decrease number of Java threads
#   Decrease Java thread stack sizes (-Xss)
#   Set larger code cache with -XX:ReservedCodeCacheSize=
# This output file may be truncated or incomplete.
#
#  Out of Memory Error (os_linux.cpp:2640), pid=32704, tid=0x00007f4712c21700
#
# JRE version:  (8.0_171-b11) (build )
# Java VM: Java HotSpot(TM) 64-Bit Server VM (25.171-b11 mixed mode linux-amd64 compressed oops)
# Failed to write core dump. Core dumps have been disabled. To enable core dumping, try "ulimit -c unlimited" before starting Java again
#

---------------  T H R E A D  ---------------

Current thread (0x00007f470c00b000):  JavaThread "Unknown thread" [_thread_in_vm, id=32709, stack(0x00007f4712b21000,0x00007f4712c22000)]

Stack: [0x00007f4712b21000,0x00007f4712c22000],  sp=0x00007f4712c203c0,  free space=1020k
Native frames: (J=compiled Java code, j=interpreted, Vv=VM code, C=native code)
V  [libjvm.so+0xacfffa]  VMError::report_and_die()+0x2ba
V  [libjvm.so+0x5005cb]  report_vm_out_of_memory(char const*, int, unsigned long, VMErrorType, char const*)+0x8b
V  [libjvm.so+0x92dd93]  os::Linux::commit_memory_impl(char*, unsigned long, bool)+0x123
V  [libjvm.so+0x92dfb9]  os::pd_commit_memory(char*, unsigned long, unsigned long, bool)+0x29
V  [libjvm.so+0x92527a]  os::commit_memory(char*, unsigned long, unsigned long, bool)+0x2a
V  [libjvm.so+0x99b223]  PSVirtualSpace::expand_by(unsigned long)+0x53
V  [libjvm.so+0x98b337]  PSOldGen::initialize(ReservedSpace, unsigned long, char const*, int)+0xb7
V  [libjvm.so+0x2db31a]  AdjoiningGenerations::AdjoiningGenerations(ReservedSpace, GenerationSizer*, unsigned long)+0x39a
V  [libjvm.so+0x94f366]  ParallelScavengeHeap::initialize()+0x1d6
V  [libjvm.so+0xa98033]  Universe::initialize_heap()+0xf3
V  [libjvm.so+0xa9859e]  universe_init()+0x3e
V  [libjvm.so+0x642105]  init_globals()+0x65
V  [libjvm.so+0xa7cd4e]  Threads::create_vm(JavaVMInitArgs*, bool*)+0x23e
V  [libjvm.so+0x6d6e44]  JNI_CreateJavaVM+0x74
C  [libjli.so+0x797e]  JavaMain+0x9e
C  [libpthread.so.0+0x76ba]  start_thread+0xca


---------------  P R O C E S S  ---------------

Java Threads: ( => current thread )

Other Threads:

=>0x00007f470c00b000 (exited) JavaThread "Unknown thread" [_thread_in_vm, id=32709, stack(0x00007f4712b21000,0x00007f4712c22000)]

VM state:not at safepoint (not fully initialized)

VM Mutex/Monitor currently owned by a thread: None

GC Heap History (0 events):
No events

Deoptimization events (0 events):
No events

Classes redefined (0 events):
No events

Internal exceptions (0 events):
No events

Events (0 events):
No events


Dynamic libraries:
00400000-00401000 r-xp 00000000 103:06 1323899                           /usr/lib/jvm/java-8-oracle/bin/java
00600000-00601000 rw-p 00000000 103:06 1323899                           /usr/lib/jvm/java-8-oracle/bin/java
019ef000-01a10000 rw-p 00000000 00:00 0                                  [heap]
8c580000-d7c00000 ---p 00000000 00:00 0 
d7c00000-da480000 rw-p 00000000 00:00 0 
da480000-100000000 ---p 00000000 00:00 0 
7f46fc1c3000-7f46fc44b000 rw-p 00000000 00:00 0 
7f46fc44b000-7f46fc6cf000 ---p 00000000 00:00 0 
7f46fc6cf000-7f46fc6e4000 rw-p 00000000 00:00 0 
7f46fc6e4000-7f46fc811000 ---p 00000000 00:00 0 
7f46fc811000-7f46fc81c000 rw-p 00000000 00:00 0 
7f46fc81c000-7f46fcbd2000 ---p 00000000 00:00 0 
7f46fcbd2000-7f46fce42000 rwxp 00000000 00:00 0 
7f46fce42000-7f470bbd2000 ---p 00000000 00:00 0 
7f470bbd2000-7f470bbed000 r-xp 00000000 103:06 3153021                   /usr/lib/jvm/java-8-oracle/jre/lib/amd64/libzip.so
7f470bbed000-7f470bded000 ---p 0001b000 103:06 3153021                   /usr/lib/jvm/java-8-oracle/jre/lib/amd64/libzip.so
7f470bded000-7f470bdee000 rw-p 0001b000 103:06 3153021                   /usr/lib/jvm/java-8-oracle/jre/lib/amd64/libzip.so
7f470bdee000-7f470bdf9000 r-xp 00000000 103:06 2888533                   /lib/x86_64-linux-gnu/libnss_files-2.23.so
7f470bdf9000-7f470bff8000 ---p 0000b000 103:06 2888533                   /lib/x86_64-linux-gnu/libnss_files-2.23.so
7f470bff8000-7f470bff9000 r--p 0000a000 103:06 2888533                   /lib/x86_64-linux-gnu/libnss_files-2.23.so
7f470bff9000-7f470bffa000 rw-p 0000b000 103:06 2888533                   /lib/x86_64-linux-gnu/libnss_files-2.23.so
7f470bffa000-7f470c000000 rw-p 00000000 00:00 0 
7f470c000000-7f470c036000 rw-p 00000000 00:00 0 
7f470c036000-7f4710000000 ---p 00000000 00:00 0 
7f47100a4000-7f47100af000 r-xp 00000000 103:06 2888543                   /lib/x86_64-linux-gnu/libnss_nis-2.23.so
7f47100af000-7f47102ae000 ---p 0000b000 103:06 2888543                   /lib/x86_64-linux-gnu/libnss_nis-2.23.so
7f47102ae000-7f47102af000 r--p 0000a000 103:06 2888543                   /lib/x86_64-linux-gnu/libnss_nis-2.23.so
7f47102af000-7f47102b0000 rw-p 0000b000 103:06 2888543                   /lib/x86_64-linux-gnu/libnss_nis-2.23.so
7f47102b0000-7f47102c6000 r-xp 00000000 103:06 2888527                   /lib/x86_64-linux-gnu/libnsl-2.23.so
7f47102c6000-7f47104c5000 ---p 00016000 103:06 2888527                   /lib/x86_64-linux-gnu/libnsl-2.23.so
7f47104c5000-7f47104c6000 r--p 00015000 103:06 2888527                   /lib/x86_64-linux-gnu/libnsl-2.23.so
7f47104c6000-7f47104c7000 rw-p 00016000 103:06 2888527                   /lib/x86_64-linux-gnu/libnsl-2.23.so
7f47104c7000-7f47104c9000 rw-p 00000000 00:00 0 
7f47104c9000-7f47104d1000 r-xp 00000000 103:06 2888529                   /lib/x86_64-linux-gnu/libnss_compat-2.23.so
7f47104d1000-7f47106d0000 ---p 00008000 103:06 2888529                   /lib/x86_64-linux-gnu/libnss_compat-2.23.so
7f47106d0000-7f47106d1000 r--p 00007000 103:06 2888529                   /lib/x86_64-linux-gnu/libnss_compat-2.23.so
7f47106d1000-7f47106d2000 rw-p 00008000 103:06 2888529                   /lib/x86_64-linux-gnu/libnss_compat-2.23.so
7f47106d2000-7f47106fd000 r-xp 00000000 103:06 3153015                   /usr/lib/jvm/java-8-oracle/jre/lib/amd64/libjava.so
7f47106fd000-7f47108fc000 ---p 0002b000 103:06 3153015                   /usr/lib/jvm/java-8-oracle/jre/lib/amd64/libjava.so
7f47108fc000-7f47108fe000 rw-p 0002a000 103:06 3153015                   /usr/lib/jvm/java-8-oracle/jre/lib/amd64/libjava.so
7f47108fe000-7f471090b000 r-xp 00000000 103:06 3153020                   /usr/lib/jvm/java-8-oracle/jre/lib/amd64/libverify.so
7f471090b000-7f4710b0b000 ---p 0000d000 103:06 3153020                   /usr/lib/jvm/java-8-oracle/jre/lib/amd64/libverify.so
7f4710b0b000-7f4710b0d000 rw-p 0000d000 103:06 3153020                   /usr/lib/jvm/java-8-oracle/jre/lib/amd64/libverify.so
7f4710b0d000-7f4710b14000 r-xp 00000000 103:06 2888588                   /lib/x86_64-linux-gnu/librt-2.23.so
7f4710b14000-7f4710d13000 ---p 00007000 103:06 2888588                   /lib/x86_64-linux-gnu/librt-2.23.so
7f4710d13000-7f4710d14000 r--p 00006000 103:06 2888588                   /lib/x86_64-linux-gnu/librt-2.23.so
7f4710d14000-7f4710d15000 rw-p 00007000 103:06 2888588                   /lib/x86_64-linux-gnu/librt-2.23.so
7f4710d15000-7f4710e1d000 r-xp 00000000 103:06 2888504                   /lib/x86_64-linux-gnu/libm-2.23.so
7f4710e1d000-7f471101c000 ---p 00108000 103:06 2888504                   /lib/x86_64-linux-gnu/libm-2.23.so
7f471101c000-7f471101d000 r--p 00107000 103:06 2888504                   /lib/x86_64-linux-gnu/libm-2.23.so
7f471101d000-7f471101e000 rw-p 00108000 103:06 2888504                   /lib/x86_64-linux-gnu/libm-2.23.so
7f471101e000-7f4711cf7000 r-xp 00000000 103:06 3413835                   /usr/lib/jvm/java-8-oracle/jre/lib/amd64/server/libjvm.so
7f4711cf7000-7f4711ef6000 ---p 00cd9000 103:06 3413835                   /usr/lib/jvm/java-8-oracle/jre/lib/amd64/server/libjvm.so
7f4711ef6000-7f4711fd0000 rw-p 00cd8000 103:06 3413835                   /usr/lib/jvm/java-8-oracle/jre/lib/amd64/server/libjvm.so
7f4711fd0000-7f471201b000 rw-p 00000000 00:00 0 
7f471201b000-7f47121db000 r-xp 00000000 103:06 2888434                   /lib/x86_64-linux-gnu/libc-2.23.so
7f47121db000-7f47123db000 ---p 001c0000 103:06 2888434                   /lib/x86_64-linux-gnu/libc-2.23.so
7f47123db000-7f47123df000 r--p 001c0000 103:06 2888434                   /lib/x86_64-linux-gnu/libc-2.23.so
7f47123df000-7f47123e1000 rw-p 001c4000 103:06 2888434                   /lib/x86_64-linux-gnu/libc-2.23.so
7f47123e1000-7f47123e5000 rw-p 00000000 00:00 0 
7f47123e5000-7f47123e8000 r-xp 00000000 103:06 2888458                   /lib/x86_64-linux-gnu/libdl-2.23.so
7f47123e8000-7f47125e7000 ---p 00003000 103:06 2888458                   /lib/x86_64-linux-gnu/libdl-2.23.so
7f47125e7000-7f47125e8000 r--p 00002000 103:06 2888458                   /lib/x86_64-linux-gnu/libdl-2.23.so
7f47125e8000-7f47125e9000 rw-p 00003000 103:06 2888458                   /lib/x86_64-linux-gnu/libdl-2.23.so
7f47125e9000-7f47125ff000 r-xp 00000000 103:06 1461277                   /usr/lib/jvm/java-8-oracle/lib/amd64/jli/libjli.so
7f47125ff000-7f47127fe000 ---p 00016000 103:06 1461277                   /usr/lib/jvm/java-8-oracle/lib/amd64/jli/libjli.so
7f47127fe000-7f47127ff000 rw-p 00015000 103:06 1461277                   /usr/lib/jvm/java-8-oracle/lib/amd64/jli/libjli.so
7f47127ff000-7f4712817000 r-xp 00000000 103:06 2888580                   /lib/x86_64-linux-gnu/libpthread-2.23.so
7f4712817000-7f4712a16000 ---p 00018000 103:06 2888580                   /lib/x86_64-linux-gnu/libpthread-2.23.so
7f4712a16000-7f4712a17000 r--p 00017000 103:06 2888580                   /lib/x86_64-linux-gnu/libpthread-2.23.so
7f4712a17000-7f4712a18000 rw-p 00018000 103:06 2888580                   /lib/x86_64-linux-gnu/libpthread-2.23.so
7f4712a18000-7f4712a1c000 rw-p 00000000 00:00 0 
7f4712a1c000-7f4712a42000 r-xp 00000000 103:06 2888406                   /lib/x86_64-linux-gnu/ld-2.23.so
7f4712b21000-7f4712b24000 ---p 00000000 00:00 0 
7f4712b24000-7f4712c27000 rw-p 00000000 00:00 0 
7f4712c37000-7f4712c3f000 rw-s 00000000 103:06 2887840                   /tmp/hsperfdata_michael/32704
7f4712c3f000-7f4712c40000 rw-p 00000000 00:00 0 
7f4712c40000-7f4712c41000 r--p 00000000 00:00 0 
7f4712c41000-7f4712c42000 r--p 00025000 103:06 2888406                   /lib/x86_64-linux-gnu/ld-2.23.so
7f4712c42000-7f4712c43000 rw-p 00026000 103:06 2888406                   /lib/x86_64-linux-gnu/ld-2.23.so
7f4712c43000-7f4712c44000 rw-p 00000000 00:00 0 
7fff4ae55000-7fff4ae76000 rw-p 00000000 00:00 0                          [stack]
7fff4ae77000-7fff4ae7a000 r--p 00000000 00:00 0                          [vvar]
7fff4ae7a000-7fff4ae7c000 r-xp 00000000 00:00 0                          [vdso]
ffffffffff600000-ffffffffff601000 r-xp 00000000 00:00 0                  [vsyscall]

VM Arguments:
jvm_args: -Dfile.encoding=UTF-8 
java_command: Sql
java_class_path (initial): /usr/lib/jvm/java-8-oracle/jre/lib/resources.jar:/usr/lib/jvm/java-8-oracle/jre/lib/rt.jar:/usr/lib/jvm/java-8-oracle/jre/lib/jsse.jar:/usr/lib/jvm/java-8-oracle/jre/lib/jce.jar:/usr/lib/jvm/java-8-oracle/jre/lib/charsets.jar:/usr/lib/jvm/java-8-oracle/jre/lib/jfr.jar:/usr/lib/jvm/java-8-oracle/jre/lib/ext/cldrdata.jar:/usr/lib/jvm/java-8-oracle/jre/lib/ext/sunjce_provider.jar:/usr/lib/jvm/java-8-oracle/jre/lib/ext/dnsns.jar:/usr/lib/jvm/java-8-oracle/jre/lib/ext/nashorn.jar:/usr/lib/jvm/java-8-oracle/jre/lib/ext/sunpkcs11.jar:/usr/lib/jvm/java-8-oracle/jre/lib/ext/jaccess.jar:/usr/lib/jvm/java-8-oracle/jre/lib/ext/jfxrt.jar:/usr/lib/jvm/java-8-oracle/jre/lib/ext/localedata.jar:/usr/lib/jvm/java-8-oracle/jre/lib/ext/sunec.jar:/usr/lib/jvm/java-8-oracle/jre/lib/ext/zipfs.jar:/home/michael/eclipse-workspace/SQL/bin:/home/michael/Downloads/java-json.jar:/home/michael/Downloads/json-simple-1.1.jar
Launcher Type: SUN_STANDARD

Environment Variables:
JAVA_HOME=/usr/lib/jvm/java-8-oracle
PATH=/home/michael/bin:/home/michael/.local/bin:/usr/local/sbin:/usr/local/bin:/usr/sbin:/usr/bin:/sbin:/bin:/usr/games:/usr/local/games:/snap/bin:/usr/lib/jvm/java-8-oracle/bin:/usr/lib/jvm/java-8-oracle/db/bin:/usr/lib/jvm/java-8-oracle/jre/bin
SHELL=/bin/bash
DISPLAY=:0

Signal Handlers:
SIGSEGV: [libjvm.so+0xad0890], sa_mask[0]=11111111011111111101111111111110, sa_flags=SA_RESTART|SA_SIGINFO
SIGBUS: [libjvm.so+0xad0890], sa_mask[0]=11111111011111111101111111111110, sa_flags=SA_RESTART|SA_SIGINFO
SIGFPE: [libjvm.so+0x928640], sa_mask[0]=11111111011111111101111111111110, sa_flags=SA_RESTART|SA_SIGINFO
SIGPIPE: [libjvm.so+0x928640], sa_mask[0]=11111111011111111101111111111110, sa_flags=SA_RESTART|SA_SIGINFO
SIGXFSZ: [libjvm.so+0x928640], sa_mask[0]=11111111011111111101111111111110, sa_flags=SA_RESTART|SA_SIGINFO
SIGILL: [libjvm.so+0x928640], sa_mask[0]=11111111011111111101111111111110, sa_flags=SA_RESTART|SA_SIGINFO
SIGUSR1: SIG_DFL, sa_mask[0]=00000000000000000000000000000000, sa_flags=none
SIGUSR2: [libjvm.so+0x929ea0], sa_mask[0]=00100000000000000000000000000000, sa_flags=SA_RESTART|SA_SIGINFO
SIGHUP: SIG_DFL, sa_mask[0]=00000000000000000000000000000000, sa_flags=none
SIGINT: SIG_DFL, sa_mask[0]=00000000000000000000000000000000, sa_flags=none
SIGTERM: SIG_DFL, sa_mask[0]=00000000000000000000000000000000, sa_flags=none
SIGQUIT: SIG_DFL, sa_mask[0]=00000000000000000000000000000000, sa_flags=none


---------------  S Y S T E M  ---------------

OS:DISTRIB_ID=Ubuntu
DISTRIB_RELEASE=16.04
DISTRIB_CODENAME=xenial
DISTRIB_DESCRIPTION="Ubuntu 16.04.4 LTS"

uname:Linux 4.13.0-45-generic #50~16.04.1-Ubuntu SMP Wed May 30 11:18:27 UTC 2018 x86_64
libc:glibc 2.23 NPTL 2.23 
rlimit: STACK 8192k, CORE 0k, NPROC 30466, NOFILE 1048576, AS infinity
load average:3.28 1.59 1.21

/proc/meminfo:
MemTotal:        7913268 kB
MemFree:          139004 kB
MemAvailable:      42016 kB
Buffers:            2660 kB
Cached:           334936 kB
SwapCached:         6276 kB
Active:          6663288 kB
Inactive:         858724 kB
Active(anon):    6628928 kB
Inactive(anon):   832612 kB
Active(file):      34360 kB
Inactive(file):    26112 kB
Unevictable:         104 kB
Mlocked:             104 kB
SwapTotal:       3320828 kB
SwapFree:              0 kB
Dirty:               192 kB
Writeback:             0 kB
AnonPages:       7179116 kB
Mapped:           203760 kB
Shmem:            276728 kB
Slab:              93476 kB
SReclaimable:      36052 kB
SUnreclaim:        57424 kB
KernelStack:       27600 kB
PageTables:        77444 kB
NFS_Unstable:          0 kB
Bounce:                0 kB
WritebackTmp:          0 kB
CommitLimit:     7277460 kB
Committed_AS:   26932584 kB
VmallocTotal:   34359738367 kB
VmallocUsed:           0 kB
VmallocChunk:          0 kB
HardwareCorrupted:     0 kB
AnonHugePages:         0 kB
ShmemHugePages:        0 kB
ShmemPmdMapped:        0 kB
CmaTotal:              0 kB
CmaFree:               0 kB
HugePages_Total:       0
HugePages_Free:        0
HugePages_Rsvd:        0
HugePages_Surp:        0
Hugepagesize:       2048 kB
DirectMap4k:      161396 kB
DirectMap2M:     6922240 kB
DirectMap1G:     2097152 kB


CPU:total 4 (initial active 4) (2 cores per cpu, 2 threads per core) family 6 model 142 stepping 9, cmov, cx8, fxsr, mmx, sse, sse2, sse3, ssse3, sse4.1, sse4.2, popcnt, avx, avx2, aes, clmul, erms, 3dnowpref, lzcnt, ht, tsc, tscinvbit, bmi1, bmi2, adx

/proc/cpuinfo:
processor	: 0
vendor_id	: GenuineIntel
cpu family	: 6
model		: 142
model name	: Intel(R) Core(TM) i5-7200U CPU @ 2.50GHz
stepping	: 9
microcode	: 0x84
cpu MHz		: 3099.999
cache size	: 3072 KB
physical id	: 0
siblings	: 4
core id		: 0
cpu cores	: 2
apicid		: 0
initial apicid	: 0
fpu		: yes
fpu_exception	: yes
cpuid level	: 22
wp		: yes
flags		: fpu vme de pse tsc msr pae mce cx8 apic sep mtrr pge mca cmov pat pse36 clflush dts acpi mmx fxsr sse sse2 ss ht tm pbe syscall nx pdpe1gb rdtscp lm constant_tsc art arch_perfmon pebs bts rep_good nopl xtopology nonstop_tsc cpuid aperfmperf tsc_known_freq pni pclmulqdq dtes64 monitor ds_cpl vmx est tm2 ssse3 sdbg fma cx16 xtpr pdcm pcid sse4_1 sse4_2 x2apic movbe popcnt tsc_deadline_timer aes xsave avx f16c rdrand lahf_lm abm 3dnowprefetch cpuid_fault invpcid_single pti retpoline intel_pt rsb_ctxsw spec_ctrl tpr_shadow vnmi flexpriority ept vpid fsgsbase tsc_adjust bmi1 avx2 smep bmi2 erms invpcid mpx rdseed adx smap clflushopt xsaveopt xsavec xgetbv1 xsaves dtherm ida arat pln pts hwp hwp_notify hwp_act_window hwp_epp
bugs		: cpu_meltdown spectre_v1 spectre_v2 spec_store_bypass
bogomips	: 5424.00
clflush size	: 64
cache_alignment	: 64
address sizes	: 39 bits physical, 48 bits virtual
power management:

processor	: 1
vendor_id	: GenuineIntel
cpu family	: 6
model		: 142
model name	: Intel(R) Core(TM) i5-7200U CPU @ 2.50GHz
stepping	: 9
microcode	: 0x84
cpu MHz		: 3100.007
cache size	: 3072 KB
physical id	: 0
siblings	: 4
core id		: 1
cpu cores	: 2
apicid		: 2
initial apicid	: 2
fpu		: yes
fpu_exception	: yes
cpuid level	: 22
wp		: yes
flags		: fpu vme de pse tsc msr pae mce cx8 apic sep mtrr pge mca cmov pat pse36 clflush dts acpi mmx fxsr sse sse2 ss ht tm pbe syscall nx pdpe1gb rdtscp lm constant_tsc art arch_perfmon pebs bts rep_good nopl xtopology nonstop_tsc cpuid aperfmperf tsc_known_freq pni pclmulqdq dtes64 monitor ds_cpl vmx est tm2 ssse3 sdbg fma cx16 xtpr pdcm pcid sse4_1 sse4_2 x2apic movbe popcnt tsc_deadline_timer aes xsave avx f16c rdrand lahf_lm abm 3dnowprefetch cpuid_fault invpcid_single pti retpoline intel_pt rsb_ctxsw spec_ctrl tpr_shadow vnmi flexpriority ept vpid fsgsbase tsc_adjust bmi1 avx2 smep bmi2 erms invpcid mpx rdseed adx smap clflushopt xsaveopt xsavec xgetbv1 xsaves dtherm ida arat pln pts hwp hwp_notify hwp_act_window hwp_epp
bugs		: cpu_meltdown spectre_v1 spectre_v2 spec_store_bypass
bogomips	: 5424.00
clflush size	: 64
cache_alignment	: 64
address sizes	: 39 bits physical, 48 bits virtual
power management:

processor	: 2
vendor_id	: GenuineIntel
cpu family	: 6
model		: 142
model name	: Intel(R) Core(TM) i5-7200U CPU @ 2.50GHz
stepping	: 9
microcode	: 0x84
cpu MHz		: 3099.995
cache size	: 3072 KB
physical id	: 0
siblings	: 4
core id		: 0
cpu cores	: 2
apicid		: 1
initial apicid	: 1
fpu		: yes
fpu_exception	: yes
cpuid level	: 22
wp		: yes
flags		: fpu vme de pse tsc msr pae mce cx8 apic sep mtrr pge mca cmov pat pse36 clflush dts acpi mmx fxsr sse sse2 ss ht tm pbe syscall nx pdpe1gb rdtscp lm constant_tsc art arch_perfmon pebs bts rep_good nopl xtopology nonstop_tsc cpuid aperfmperf tsc_known_freq pni pclmulqdq dtes64 monitor ds_cpl vmx est tm2 ssse3 sdbg fma cx16 xtpr pdcm pcid sse4_1 sse4_2 x2apic movbe popcnt tsc_deadline_timer aes xsave avx f16c rdrand lahf_lm abm 3dnowprefetch cpuid_fault invpcid_single pti retpoline intel_pt rsb_ctxsw spec_ctrl tpr_shadow vnmi flexpriority ept vpid fsgsbase tsc_adjust bmi1 avx2 smep bmi2 erms invpcid mpx rdseed adx smap clflushopt xsaveopt xsavec xgetbv1 xsaves dtherm ida arat pln pts hwp hwp_notify hwp_act_window hwp_epp
bugs		: cpu_meltdown spectre_v1 spectre_v2 spec_store_bypass
bogomips	: 5424.00
clflush size	: 64
cache_alignment	: 64
address sizes	: 39 bits physical, 48 bits virtual
power management:

processor	: 3
vendor_id	: GenuineIntel
cpu family	: 6
model		: 142
model name	: Intel(R) Core(TM) i5-7200U CPU @ 2.50GHz
stepping	: 9
microcode	: 0x84
cpu MHz		: 3100.001
cache size	: 3072 KB
physical id	: 0
siblings	: 4
core id		: 1
cpu cores	: 2
apicid		: 3
initial apicid	: 3
fpu		: yes
fpu_exception	: yes
cpuid level	: 22
wp		: yes
flags		: fpu vme de pse tsc msr pae mce cx8 apic sep mtrr pge mca cmov pat pse36 clflush dts acpi mmx fxsr sse sse2 ss ht tm pbe syscall nx pdpe1gb rdtscp lm constant_tsc art arch_perfmon pebs bts rep_good nopl xtopology nonstop_tsc cpuid aperfmperf tsc_known_freq pni pclmulqdq dtes64 monitor ds_cpl vmx est tm2 ssse3 sdbg fma cx16 xtpr pdcm pcid sse4_1 sse4_2 x2apic movbe popcnt tsc_deadline_timer aes xsave avx f16c rdrand lahf_lm abm 3dnowprefetch cpuid_fault invpcid_single pti retpoline intel_pt rsb_ctxsw spec_ctrl tpr_shadow vnmi flexpriority ept vpid fsgsbase tsc_adjust bmi1 avx2 smep bmi2 erms invpcid mpx rdseed adx smap clflushopt xsaveopt xsavec xgetbv1 xsaves dtherm ida arat pln pts hwp hwp_notify hwp_act_window hwp_epp
bugs		: cpu_meltdown spectre_v1 spectre_v2 spec_store_bypass
bogomips	: 5424.00
clflush size	: 64
cache_alignment	: 64
address sizes	: 39 bits physical, 48 bits virtual
power management:



Memory: 4k page, physical 7913268k(144340k free), swap 3320828k(0k free)

vm_info: Java HotSpot(TM) 64-Bit Server VM (25.171-b11) for linux-amd64 JRE (1.8.0_171-b11), built on Mar 28 2018 17:07:08 by "java_re" with gcc 4.3.0 20080428 (Red Hat 4.3.0-8)

time: Mon Jul  2 18:33:01 2018
elapsed time: 0 seconds (0d 0h 0m 0s)

