#
# There is insufficient memory for the Java Runtime Environment to continue.
# Native memory allocation (mmap) failed to map 85458944 bytes for committing reserved memory.
# Possible reasons:
#   The system is out of physical RAM or swap space
#   In 32 bit mode, the process size limit was hit
# Possible solutions:
#   Reduce memory load on the system
#   Increase physical memory or swap space
#   Check if swap backing store is full
#   Use 64 bit Java on a 64 bit OS
#   Decrease Java heap size (-Xmx/-Xms)
#   Decrease number of Java threads
#   Decrease Java thread stack sizes (-Xss)
#   Set larger code cache with -XX:ReservedCodeCacheSize=
# This output file may be truncated or incomplete.
#
#  Out of Memory Error (os_linux.cpp:2640), pid=17089, tid=0x00007f545a0e5700
#
# JRE version:  (8.0_171-b11) (build )
# Java VM: Java HotSpot(TM) 64-Bit Server VM (25.171-b11 mixed mode linux-amd64 compressed oops)
# Failed to write core dump. Core dumps have been disabled. To enable core dumping, try "ulimit -c unlimited" before starting Java again
#

---------------  T H R E A D  ---------------

Current thread (0x00007f545400b000):  JavaThread "Unknown thread" [_thread_in_vm, id=17095, stack(0x00007f5459fe5000,0x00007f545a0e6000)]

Stack: [0x00007f5459fe5000,0x00007f545a0e6000],  sp=0x00007f545a0e43c0,  free space=1020k
Native frames: (J=compiled Java code, j=interpreted, Vv=VM code, C=native code)
V  [libjvm.so+0xacfffa]  VMError::report_and_die()+0x2ba
V  [libjvm.so+0x5005cb]  report_vm_out_of_memory(char const*, int, unsigned long, VMErrorType, char const*)+0x8b
V  [libjvm.so+0x92dd93]  os::Linux::commit_memory_impl(char*, unsigned long, bool)+0x123
V  [libjvm.so+0x92dfb9]  os::pd_commit_memory(char*, unsigned long, unsigned long, bool)+0x29
V  [libjvm.so+0x92527a]  os::commit_memory(char*, unsigned long, unsigned long, bool)+0x2a
V  [libjvm.so+0x99b223]  PSVirtualSpace::expand_by(unsigned long)+0x53
V  [libjvm.so+0x98b337]  PSOldGen::initialize(ReservedSpace, unsigned long, char const*, int)+0xb7
V  [libjvm.so+0x2db31a]  AdjoiningGenerations::AdjoiningGenerations(ReservedSpace, GenerationSizer*, unsigned long)+0x39a
V  [libjvm.so+0x94f366]  ParallelScavengeHeap::initialize()+0x1d6
V  [libjvm.so+0xa98033]  Universe::initialize_heap()+0xf3
V  [libjvm.so+0xa9859e]  universe_init()+0x3e
V  [libjvm.so+0x642105]  init_globals()+0x65
V  [libjvm.so+0xa7cd4e]  Threads::create_vm(JavaVMInitArgs*, bool*)+0x23e
V  [libjvm.so+0x6d6e44]  JNI_CreateJavaVM+0x74
C  [libjli.so+0x797e]  JavaMain+0x9e
C  [libpthread.so.0+0x76ba]  start_thread+0xca


---------------  P R O C E S S  ---------------

Java Threads: ( => current thread )

Other Threads:

=>0x00007f545400b000 (exited) JavaThread "Unknown thread" [_thread_in_vm, id=17095, stack(0x00007f5459fe5000,0x00007f545a0e6000)]

VM state:not at safepoint (not fully initialized)

VM Mutex/Monitor currently owned by a thread: None

GC Heap History (0 events):
No events

Deoptimization events (0 events):
No events

Classes redefined (0 events):
No events

Internal exceptions (0 events):
No events

Events (0 events):
No events


Dynamic libraries:
00400000-00401000 r-xp 00000000 103:06 1323899                           /usr/lib/jvm/java-8-oracle/bin/java
00600000-00601000 rw-p 00000000 103:06 1323899                           /usr/lib/jvm/java-8-oracle/bin/java
0071a000-0073b000 rw-p 00000000 00:00 0                                  [heap]
8c580000-d7c00000 ---p 00000000 00:00 0 
d7c00000-da480000 rw-p 00000000 00:00 0 
da480000-100000000 ---p 00000000 00:00 0 
7f5443642000-7f54437da000 rw-p 00000000 00:00 0 
7f54437da000-7f5443a5e000 ---p 00000000 00:00 0 
7f5443a5e000-7f5443a73000 rw-p 00000000 00:00 0 
7f5443a73000-7f5443ba0000 ---p 00000000 00:00 0 
7f5443ba0000-7f5443bab000 rw-p 00000000 00:00 0 
7f5443bab000-7f5443f61000 ---p 00000000 00:00 0 
7f5443f61000-7f54441d1000 rwxp 00000000 00:00 0 
7f54441d1000-7f5452f61000 ---p 00000000 00:00 0 
7f5452f61000-7f5452f7c000 r-xp 00000000 103:06 3153021                   /usr/lib/jvm/java-8-oracle/jre/lib/amd64/libzip.so
7f5452f7c000-7f545317c000 ---p 0001b000 103:06 3153021                   /usr/lib/jvm/java-8-oracle/jre/lib/amd64/libzip.so
7f545317c000-7f545317d000 rw-p 0001b000 103:06 3153021                   /usr/lib/jvm/java-8-oracle/jre/lib/amd64/libzip.so
7f545317d000-7f5453188000 r-xp 00000000 103:06 2888533                   /lib/x86_64-linux-gnu/libnss_files-2.23.so
7f5453188000-7f5453387000 ---p 0000b000 103:06 2888533                   /lib/x86_64-linux-gnu/libnss_files-2.23.so
7f5453387000-7f5453388000 r--p 0000a000 103:06 2888533                   /lib/x86_64-linux-gnu/libnss_files-2.23.so
7f5453388000-7f5453389000 rw-p 0000b000 103:06 2888533                   /lib/x86_64-linux-gnu/libnss_files-2.23.so
7f5453389000-7f545338f000 rw-p 00000000 00:00 0 
7f545338f000-7f545339a000 r-xp 00000000 103:06 2888543                   /lib/x86_64-linux-gnu/libnss_nis-2.23.so
7f545339a000-7f5453599000 ---p 0000b000 103:06 2888543                   /lib/x86_64-linux-gnu/libnss_nis-2.23.so
7f5453599000-7f545359a000 r--p 0000a000 103:06 2888543                   /lib/x86_64-linux-gnu/libnss_nis-2.23.so
7f545359a000-7f545359b000 rw-p 0000b000 103:06 2888543                   /lib/x86_64-linux-gnu/libnss_nis-2.23.so
7f545359b000-7f54535b1000 r-xp 00000000 103:06 2888527                   /lib/x86_64-linux-gnu/libnsl-2.23.so
7f54535b1000-7f54537b0000 ---p 00016000 103:06 2888527                   /lib/x86_64-linux-gnu/libnsl-2.23.so
7f54537b0000-7f54537b1000 r--p 00015000 103:06 2888527                   /lib/x86_64-linux-gnu/libnsl-2.23.so
7f54537b1000-7f54537b2000 rw-p 00016000 103:06 2888527                   /lib/x86_64-linux-gnu/libnsl-2.23.so
7f54537b2000-7f54537b4000 rw-p 00000000 00:00 0 
7f54537b4000-7f54537bc000 r-xp 00000000 103:06 2888529                   /lib/x86_64-linux-gnu/libnss_compat-2.23.so
7f54537bc000-7f54539bb000 ---p 00008000 103:06 2888529                   /lib/x86_64-linux-gnu/libnss_compat-2.23.so
7f54539bb000-7f54539bc000 r--p 00007000 103:06 2888529                   /lib/x86_64-linux-gnu/libnss_compat-2.23.so
7f54539bc000-7f54539bd000 rw-p 00008000 103:06 2888529                   /lib/x86_64-linux-gnu/libnss_compat-2.23.so
7f54539bd000-7f54539e8000 r-xp 00000000 103:06 3153015                   /usr/lib/jvm/java-8-oracle/jre/lib/amd64/libjava.so
7f54539e8000-7f5453be7000 ---p 0002b000 103:06 3153015                   /usr/lib/jvm/java-8-oracle/jre/lib/amd64/libjava.so
7f5453be7000-7f5453be9000 rw-p 0002a000 103:06 3153015                   /usr/lib/jvm/java-8-oracle/jre/lib/amd64/libjava.so
7f5453be9000-7f5453bf6000 r-xp 00000000 103:06 3153020                   /usr/lib/jvm/java-8-oracle/jre/lib/amd64/libverify.so
7f5453bf6000-7f5453df6000 ---p 0000d000 103:06 3153020                   /usr/lib/jvm/java-8-oracle/jre/lib/amd64/libverify.so
7f5453df6000-7f5453df8000 rw-p 0000d000 103:06 3153020                   /usr/lib/jvm/java-8-oracle/jre/lib/amd64/libverify.so
7f5453df8000-7f5453dff000 r-xp 00000000 103:06 2888588                   /lib/x86_64-linux-gnu/librt-2.23.so
7f5453dff000-7f5453ffe000 ---p 00007000 103:06 2888588                   /lib/x86_64-linux-gnu/librt-2.23.so
7f5453ffe000-7f5453fff000 r--p 00006000 103:06 2888588                   /lib/x86_64-linux-gnu/librt-2.23.so
7f5453fff000-7f5454000000 rw-p 00007000 103:06 2888588                   /lib/x86_64-linux-gnu/librt-2.23.so
7f5454000000-7f5454036000 rw-p 00000000 00:00 0 
7f5454036000-7f5458000000 ---p 00000000 00:00 0 
7f54580e9000-7f54581d9000 rw-p 00000000 00:00 0 
7f54581d9000-7f54582e1000 r-xp 00000000 103:06 2888504                   /lib/x86_64-linux-gnu/libm-2.23.so
7f54582e1000-7f54584e0000 ---p 00108000 103:06 2888504                   /lib/x86_64-linux-gnu/libm-2.23.so
7f54584e0000-7f54584e1000 r--p 00107000 103:06 2888504                   /lib/x86_64-linux-gnu/libm-2.23.so
7f54584e1000-7f54584e2000 rw-p 00108000 103:06 2888504                   /lib/x86_64-linux-gnu/libm-2.23.so
7f54584e2000-7f54591bb000 r-xp 00000000 103:06 3413835                   /usr/lib/jvm/java-8-oracle/jre/lib/amd64/server/libjvm.so
7f54591bb000-7f54593ba000 ---p 00cd9000 103:06 3413835                   /usr/lib/jvm/java-8-oracle/jre/lib/amd64/server/libjvm.so
7f54593ba000-7f5459494000 rw-p 00cd8000 103:06 3413835                   /usr/lib/jvm/java-8-oracle/jre/lib/amd64/server/libjvm.so
7f5459494000-7f54594df000 rw-p 00000000 00:00 0 
7f54594df000-7f545969f000 r-xp 00000000 103:06 2888434                   /lib/x86_64-linux-gnu/libc-2.23.so
7f545969f000-7f545989f000 ---p 001c0000 103:06 2888434                   /lib/x86_64-linux-gnu/libc-2.23.so
7f545989f000-7f54598a3000 r--p 001c0000 103:06 2888434                   /lib/x86_64-linux-gnu/libc-2.23.so
7f54598a3000-7f54598a5000 rw-p 001c4000 103:06 2888434                   /lib/x86_64-linux-gnu/libc-2.23.so
7f54598a5000-7f54598a9000 rw-p 00000000 00:00 0 
7f54598a9000-7f54598ac000 r-xp 00000000 103:06 2888458                   /lib/x86_64-linux-gnu/libdl-2.23.so
7f54598ac000-7f5459aab000 ---p 00003000 103:06 2888458                   /lib/x86_64-linux-gnu/libdl-2.23.so
7f5459aab000-7f5459aac000 r--p 00002000 103:06 2888458                   /lib/x86_64-linux-gnu/libdl-2.23.so
7f5459aac000-7f5459aad000 rw-p 00003000 103:06 2888458                   /lib/x86_64-linux-gnu/libdl-2.23.so
7f5459aad000-7f5459ac3000 r-xp 00000000 103:06 1461277                   /usr/lib/jvm/java-8-oracle/lib/amd64/jli/libjli.so
7f5459ac3000-7f5459cc2000 ---p 00016000 103:06 1461277                   /usr/lib/jvm/java-8-oracle/lib/amd64/jli/libjli.so
7f5459cc2000-7f5459cc3000 rw-p 00015000 103:06 1461277                   /usr/lib/jvm/java-8-oracle/lib/amd64/jli/libjli.so
7f5459cc3000-7f5459cdb000 r-xp 00000000 103:06 2888580                   /lib/x86_64-linux-gnu/libpthread-2.23.so
7f5459cdb000-7f5459eda000 ---p 00018000 103:06 2888580                   /lib/x86_64-linux-gnu/libpthread-2.23.so
7f5459eda000-7f5459edb000 r--p 00017000 103:06 2888580                   /lib/x86_64-linux-gnu/libpthread-2.23.so
7f5459edb000-7f5459edc000 rw-p 00018000 103:06 2888580                   /lib/x86_64-linux-gnu/libpthread-2.23.so
7f5459edc000-7f5459ee0000 rw-p 00000000 00:00 0 
7f5459ee0000-7f5459f06000 r-xp 00000000 103:06 2888406                   /lib/x86_64-linux-gnu/ld-2.23.so
7f5459fe5000-7f5459fe8000 ---p 00000000 00:00 0 
7f5459fe8000-7f545a0eb000 rw-p 00000000 00:00 0 
7f545a0fb000-7f545a103000 rw-s 00000000 103:06 2888093                   /tmp/hsperfdata_michael/17089
7f545a103000-7f545a104000 rw-p 00000000 00:00 0 
7f545a104000-7f545a105000 r--p 00000000 00:00 0 
7f545a105000-7f545a106000 r--p 00025000 103:06 2888406                   /lib/x86_64-linux-gnu/ld-2.23.so
7f545a106000-7f545a107000 rw-p 00026000 103:06 2888406                   /lib/x86_64-linux-gnu/ld-2.23.so
7f545a107000-7f545a108000 rw-p 00000000 00:00 0 
7fffc91ef000-7fffc9210000 rw-p 00000000 00:00 0                          [stack]
7fffc9261000-7fffc9264000 r--p 00000000 00:00 0                          [vvar]
7fffc9264000-7fffc9266000 r-xp 00000000 00:00 0                          [vdso]
ffffffffff600000-ffffffffff601000 r-xp 00000000 00:00 0                  [vsyscall]

VM Arguments:
jvm_args: -Dfile.encoding=UTF-8 
java_command: Sql
java_class_path (initial): /usr/lib/jvm/java-8-oracle/jre/lib/resources.jar:/usr/lib/jvm/java-8-oracle/jre/lib/rt.jar:/usr/lib/jvm/java-8-oracle/jre/lib/jsse.jar:/usr/lib/jvm/java-8-oracle/jre/lib/jce.jar:/usr/lib/jvm/java-8-oracle/jre/lib/charsets.jar:/usr/lib/jvm/java-8-oracle/jre/lib/jfr.jar:/usr/lib/jvm/java-8-oracle/jre/lib/ext/cldrdata.jar:/usr/lib/jvm/java-8-oracle/jre/lib/ext/sunjce_provider.jar:/usr/lib/jvm/java-8-oracle/jre/lib/ext/dnsns.jar:/usr/lib/jvm/java-8-oracle/jre/lib/ext/nashorn.jar:/usr/lib/jvm/java-8-oracle/jre/lib/ext/sunpkcs11.jar:/usr/lib/jvm/java-8-oracle/jre/lib/ext/jaccess.jar:/usr/lib/jvm/java-8-oracle/jre/lib/ext/jfxrt.jar:/usr/lib/jvm/java-8-oracle/jre/lib/ext/localedata.jar:/usr/lib/jvm/java-8-oracle/jre/lib/ext/sunec.jar:/usr/lib/jvm/java-8-oracle/jre/lib/ext/zipfs.jar:/home/michael/eclipse-workspace/SQL/bin:/home/michael/Downloads/java-json.jar:/home/michael/Downloads/json-simple-1.1.jar
Launcher Type: SUN_STANDARD

Environment Variables:
JAVA_HOME=/usr/lib/jvm/java-8-oracle
PATH=/home/michael/bin:/home/michael/.local/bin:/usr/local/sbin:/usr/local/bin:/usr/sbin:/usr/bin:/sbin:/bin:/usr/games:/usr/local/games:/snap/bin:/usr/lib/jvm/java-8-oracle/bin:/usr/lib/jvm/java-8-oracle/db/bin:/usr/lib/jvm/java-8-oracle/jre/bin
SHELL=/bin/bash
DISPLAY=:0

Signal Handlers:
SIGSEGV: [libjvm.so+0xad0890], sa_mask[0]=11111111011111111101111111111110, sa_flags=SA_RESTART|SA_SIGINFO
SIGBUS: [libjvm.so+0xad0890], sa_mask[0]=11111111011111111101111111111110, sa_flags=SA_RESTART|SA_SIGINFO
SIGFPE: [libjvm.so+0x928640], sa_mask[0]=11111111011111111101111111111110, sa_flags=SA_RESTART|SA_SIGINFO
SIGPIPE: [libjvm.so+0x928640], sa_mask[0]=11111111011111111101111111111110, sa_flags=SA_RESTART|SA_SIGINFO
SIGXFSZ: [libjvm.so+0x928640], sa_mask[0]=11111111011111111101111111111110, sa_flags=SA_RESTART|SA_SIGINFO
SIGILL: [libjvm.so+0x928640], sa_mask[0]=11111111011111111101111111111110, sa_flags=SA_RESTART|SA_SIGINFO
SIGUSR1: SIG_DFL, sa_mask[0]=00000000000000000000000000000000, sa_flags=none
SIGUSR2: [libjvm.so+0x929ea0], sa_mask[0]=00100000000000000000000000000000, sa_flags=SA_RESTART|SA_SIGINFO
SIGHUP: SIG_DFL, sa_mask[0]=00000000000000000000000000000000, sa_flags=none
SIGINT: SIG_DFL, sa_mask[0]=00000000000000000000000000000000, sa_flags=none
SIGTERM: SIG_DFL, sa_mask[0]=00000000000000000000000000000000, sa_flags=none
SIGQUIT: SIG_DFL, sa_mask[0]=00000000000000000000000000000000, sa_flags=none


---------------  S Y S T E M  ---------------

OS:DISTRIB_ID=Ubuntu
DISTRIB_RELEASE=16.04
DISTRIB_CODENAME=xenial
DISTRIB_DESCRIPTION="Ubuntu 16.04.4 LTS"

uname:Linux 4.13.0-45-generic #50~16.04.1-Ubuntu SMP Wed May 30 11:18:27 UTC 2018 x86_64
libc:glibc 2.23 NPTL 2.23 
rlimit: STACK 8192k, CORE 0k, NPROC 30466, NOFILE 1048576, AS infinity
load average:3.38 2.33 1.81

/proc/meminfo:
MemTotal:        7913268 kB
MemFree:          136464 kB
MemAvailable:      34064 kB
Buffers:            2476 kB
Cached:           262616 kB
SwapCached:          884 kB
Active:          6676060 kB
Inactive:         846044 kB
Active(anon):    6647236 kB
Inactive(anon):   826304 kB
Active(file):      28824 kB
Inactive(file):    19740 kB
Unevictable:         104 kB
Mlocked:             104 kB
SwapTotal:       3320828 kB
SwapFree:              0 kB
Dirty:               596 kB
Writeback:             0 kB
AnonPages:       7257016 kB
Mapped:           174600 kB
Shmem:            216424 kB
Slab:              95160 kB
SReclaimable:      37136 kB
SUnreclaim:        58024 kB
KernelStack:       27760 kB
PageTables:        77808 kB
NFS_Unstable:          0 kB
Bounce:                0 kB
WritebackTmp:          0 kB
CommitLimit:     7277460 kB
Committed_AS:   26798104 kB
VmallocTotal:   34359738367 kB
VmallocUsed:           0 kB
VmallocChunk:          0 kB
HardwareCorrupted:     0 kB
AnonHugePages:         0 kB
ShmemHugePages:        0 kB
ShmemPmdMapped:        0 kB
CmaTotal:              0 kB
CmaFree:               0 kB
HugePages_Total:       0
HugePages_Free:        0
HugePages_Rsvd:        0
HugePages_Surp:        0
Hugepagesize:       2048 kB
DirectMap4k:      183924 kB
DirectMap2M:     7948288 kB
DirectMap1G:     1048576 kB


CPU:total 4 (initial active 4) (2 cores per cpu, 2 threads per core) family 6 model 142 stepping 9, cmov, cx8, fxsr, mmx, sse, sse2, sse3, ssse3, sse4.1, sse4.2, popcnt, avx, avx2, aes, clmul, erms, 3dnowpref, lzcnt, ht, tsc, tscinvbit, bmi1, bmi2, adx

/proc/cpuinfo:
processor	: 0
vendor_id	: GenuineIntel
cpu family	: 6
model		: 142
model name	: Intel(R) Core(TM) i5-7200U CPU @ 2.50GHz
stepping	: 9
microcode	: 0x84
cpu MHz		: 3100.000
cache size	: 3072 KB
physical id	: 0
siblings	: 4
core id		: 0
cpu cores	: 2
apicid		: 0
initial apicid	: 0
fpu		: yes
fpu_exception	: yes
cpuid level	: 22
wp		: yes
flags		: fpu vme de pse tsc msr pae mce cx8 apic sep mtrr pge mca cmov pat pse36 clflush dts acpi mmx fxsr sse sse2 ss ht tm pbe syscall nx pdpe1gb rdtscp lm constant_tsc art arch_perfmon pebs bts rep_good nopl xtopology nonstop_tsc cpuid aperfmperf tsc_known_freq pni pclmulqdq dtes64 monitor ds_cpl vmx est tm2 ssse3 sdbg fma cx16 xtpr pdcm pcid sse4_1 sse4_2 x2apic movbe popcnt tsc_deadline_timer aes xsave avx f16c rdrand lahf_lm abm 3dnowprefetch cpuid_fault invpcid_single pti retpoline intel_pt rsb_ctxsw spec_ctrl tpr_shadow vnmi flexpriority ept vpid fsgsbase tsc_adjust bmi1 avx2 smep bmi2 erms invpcid mpx rdseed adx smap clflushopt xsaveopt xsavec xgetbv1 xsaves dtherm ida arat pln pts hwp hwp_notify hwp_act_window hwp_epp
bugs		: cpu_meltdown spectre_v1 spectre_v2 spec_store_bypass
bogomips	: 5424.00
clflush size	: 64
cache_alignment	: 64
address sizes	: 39 bits physical, 48 bits virtual
power management:

processor	: 1
vendor_id	: GenuineIntel
cpu family	: 6
model		: 142
model name	: Intel(R) Core(TM) i5-7200U CPU @ 2.50GHz
stepping	: 9
microcode	: 0x84
cpu MHz		: 3100.002
cache size	: 3072 KB
physical id	: 0
siblings	: 4
core id		: 1
cpu cores	: 2
apicid		: 2
initial apicid	: 2
fpu		: yes
fpu_exception	: yes
cpuid level	: 22
wp		: yes
flags		: fpu vme de pse tsc msr pae mce cx8 apic sep mtrr pge mca cmov pat pse36 clflush dts acpi mmx fxsr sse sse2 ss ht tm pbe syscall nx pdpe1gb rdtscp lm constant_tsc art arch_perfmon pebs bts rep_good nopl xtopology nonstop_tsc cpuid aperfmperf tsc_known_freq pni pclmulqdq dtes64 monitor ds_cpl vmx est tm2 ssse3 sdbg fma cx16 xtpr pdcm pcid sse4_1 sse4_2 x2apic movbe popcnt tsc_deadline_timer aes xsave avx f16c rdrand lahf_lm abm 3dnowprefetch cpuid_fault invpcid_single pti retpoline intel_pt rsb_ctxsw spec_ctrl tpr_shadow vnmi flexpriority ept vpid fsgsbase tsc_adjust bmi1 avx2 smep bmi2 erms invpcid mpx rdseed adx smap clflushopt xsaveopt xsavec xgetbv1 xsaves dtherm ida arat pln pts hwp hwp_notify hwp_act_window hwp_epp
bugs		: cpu_meltdown spectre_v1 spectre_v2 spec_store_bypass
bogomips	: 5424.00
clflush size	: 64
cache_alignment	: 64
address sizes	: 39 bits physical, 48 bits virtual
power management:

processor	: 2
vendor_id	: GenuineIntel
cpu family	: 6
model		: 142
model name	: Intel(R) Core(TM) i5-7200U CPU @ 2.50GHz
stepping	: 9
microcode	: 0x84
cpu MHz		: 3100.001
cache size	: 3072 KB
physical id	: 0
siblings	: 4
core id		: 0
cpu cores	: 2
apicid		: 1
initial apicid	: 1
fpu		: yes
fpu_exception	: yes
cpuid level	: 22
wp		: yes
flags		: fpu vme de pse tsc msr pae mce cx8 apic sep mtrr pge mca cmov pat pse36 clflush dts acpi mmx fxsr sse sse2 ss ht tm pbe syscall nx pdpe1gb rdtscp lm constant_tsc art arch_perfmon pebs bts rep_good nopl xtopology nonstop_tsc cpuid aperfmperf tsc_known_freq pni pclmulqdq dtes64 monitor ds_cpl vmx est tm2 ssse3 sdbg fma cx16 xtpr pdcm pcid sse4_1 sse4_2 x2apic movbe popcnt tsc_deadline_timer aes xsave avx f16c rdrand lahf_lm abm 3dnowprefetch cpuid_fault invpcid_single pti retpoline intel_pt rsb_ctxsw spec_ctrl tpr_shadow vnmi flexpriority ept vpid fsgsbase tsc_adjust bmi1 avx2 smep bmi2 erms invpcid mpx rdseed adx smap clflushopt xsaveopt xsavec xgetbv1 xsaves dtherm ida arat pln pts hwp hwp_notify hwp_act_window hwp_epp
bugs		: cpu_meltdown spectre_v1 spectre_v2 spec_store_bypass
bogomips	: 5424.00
clflush size	: 64
cache_alignment	: 64
address sizes	: 39 bits physical, 48 bits virtual
power management:

processor	: 3
vendor_id	: GenuineIntel
cpu family	: 6
model		: 142
model name	: Intel(R) Core(TM) i5-7200U CPU @ 2.50GHz
stepping	: 9
microcode	: 0x84
cpu MHz		: 3099.995
cache size	: 3072 KB
physical id	: 0
siblings	: 4
core id		: 1
cpu cores	: 2
apicid		: 3
initial apicid	: 3
fpu		: yes
fpu_exception	: yes
cpuid level	: 22
wp		: yes
flags		: fpu vme de pse tsc msr pae mce cx8 apic sep mtrr pge mca cmov pat pse36 clflush dts acpi mmx fxsr sse sse2 ss ht tm pbe syscall nx pdpe1gb rdtscp lm constant_tsc art arch_perfmon pebs bts rep_good nopl xtopology nonstop_tsc cpuid aperfmperf tsc_known_freq pni pclmulqdq dtes64 monitor ds_cpl vmx est tm2 ssse3 sdbg fma cx16 xtpr pdcm pcid sse4_1 sse4_2 x2apic movbe popcnt tsc_deadline_timer aes xsave avx f16c rdrand lahf_lm abm 3dnowprefetch cpuid_fault invpcid_single pti retpoline intel_pt rsb_ctxsw spec_ctrl tpr_shadow vnmi flexpriority ept vpid fsgsbase tsc_adjust bmi1 avx2 smep bmi2 erms invpcid mpx rdseed adx smap clflushopt xsaveopt xsavec xgetbv1 xsaves dtherm ida arat pln pts hwp hwp_notify hwp_act_window hwp_epp
bugs		: cpu_meltdown spectre_v1 spectre_v2 spec_store_bypass
bogomips	: 5424.00
clflush size	: 64
cache_alignment	: 64
address sizes	: 39 bits physical, 48 bits virtual
power management:



Memory: 4k page, physical 7913268k(137964k free), swap 3320828k(0k free)

vm_info: Java HotSpot(TM) 64-Bit Server VM (25.171-b11) for linux-amd64 JRE (1.8.0_171-b11), built on Mar 28 2018 17:07:08 by "java_re" with gcc 4.3.0 20080428 (Red Hat 4.3.0-8)

time: Tue Jul  3 12:19:15 2018
elapsed time: 0 seconds (0d 0h 0m 0s)

