#
# There is insufficient memory for the Java Runtime Environment to continue.
# Native memory allocation (mmap) failed to map 31981568 bytes for committing reserved memory.
# Possible reasons:
#   The system is out of physical RAM or swap space
#   In 32 bit mode, the process size limit was hit
# Possible solutions:
#   Reduce memory load on the system
#   Increase physical memory or swap space
#   Check if swap backing store is full
#   Use 64 bit Java on a 64 bit OS
#   Decrease Java heap size (-Xmx/-Xms)
#   Decrease number of Java threads
#   Decrease Java thread stack sizes (-Xss)
#   Set larger code cache with -XX:ReservedCodeCacheSize=
# This output file may be truncated or incomplete.
#
#  Out of Memory Error (os_linux.cpp:2640), pid=346, tid=0x00007f9b87cfc700
#
# JRE version: Java(TM) SE Runtime Environment (8.0_171-b11) (build 1.8.0_171-b11)
# Java VM: Java HotSpot(TM) 64-Bit Server VM (25.171-b11 mixed mode linux-amd64 compressed oops)
# Failed to write core dump. Core dumps have been disabled. To enable core dumping, try "ulimit -c unlimited" before starting Java again
#

---------------  T H R E A D  ---------------

Current thread (0x00007f9bac078800):  VMThread [stack: 0x00007f9b87bfc000,0x00007f9b87cfd000] [id=357]

Stack: [0x00007f9b87bfc000,0x00007f9b87cfd000],  sp=0x00007f9b87cfb020,  free space=1020k
Native frames: (J=compiled Java code, j=interpreted, Vv=VM code, C=native code)
V  [libjvm.so+0xacfffa]  VMError::report_and_die()+0x2ba
V  [libjvm.so+0x5005cb]  report_vm_out_of_memory(char const*, int, unsigned long, VMErrorType, char const*)+0x8b
V  [libjvm.so+0x92dd93]  os::Linux::commit_memory_impl(char*, unsigned long, bool)+0x123
V  [libjvm.so+0x92dfb9]  os::pd_commit_memory(char*, unsigned long, unsigned long, bool)+0x29
V  [libjvm.so+0x92527a]  os::commit_memory(char*, unsigned long, unsigned long, bool)+0x2a
V  [libjvm.so+0x99b223]  PSVirtualSpace::expand_by(unsigned long)+0x53
V  [libjvm.so+0x99c628]  PSYoungGen::resize_generation(unsigned long, unsigned long)+0xf8
V  [libjvm.so+0x99b782]  PSYoungGen::resize(unsigned long, unsigned long)+0x22
V  [libjvm.so+0x998a5b]  PSScavenge::invoke_no_policy()+0xf3b
V  [libjvm.so+0x9991e1]  PSScavenge::invoke()+0x41
V  [libjvm.so+0x94fcb0]  ParallelScavengeHeap::failed_mem_allocate(unsigned long)+0x70
V  [libjvm.so+0xad1a77]  VM_ParallelGCFailedAllocation::doit()+0x97
V  [libjvm.so+0xad9595]  VM_Operation::evaluate()+0x55
V  [libjvm.so+0xad795a]  VMThread::evaluate_operation(VM_Operation*)+0xba
V  [libjvm.so+0xad7cde]  VMThread::loop()+0x1ce
V  [libjvm.so+0xad8150]  VMThread::run()+0x70
V  [libjvm.so+0x92e0f8]  java_start(Thread*)+0x108

VM_Operation (0x00007f9bb4674220): ParallelGCFailedAllocation, mode: safepoint, requested by thread 0x00007f9bac00b000


---------------  P R O C E S S  ---------------

Java Threads: ( => current thread )
  0x00007f9bac29e800 JavaThread "AWT-EventQueue-0" [_thread_blocked, id=371, stack(0x00007f9b84551000,0x00007f9b84652000)]
  0x00007f9bac29c800 JavaThread "AWT-Shutdown" [_thread_blocked, id=369, stack(0x00007f9b84652000,0x00007f9b84753000)]
  0x00007f9bac24d800 JavaThread "AWT-XAWT" daemon [_thread_blocked, id=368, stack(0x00007f9b84753000,0x00007f9b84854000)]
  0x00007f9bac229000 JavaThread "Java2D Disposer" daemon [_thread_blocked, id=367, stack(0x00007f9b84c64000,0x00007f9b84d65000)]
  0x00007f9bac0cc800 JavaThread "Service Thread" daemon [_thread_blocked, id=365, stack(0x00007f9b869b8000,0x00007f9b86ab9000)]
  0x00007f9bac0bf800 JavaThread "C1 CompilerThread2" daemon [_thread_blocked, id=364, stack(0x00007f9b86ab9000,0x00007f9b86bba000)]
  0x00007f9bac0bd800 JavaThread "C2 CompilerThread1" daemon [_thread_in_native, id=363, stack(0x00007f9b86bba000,0x00007f9b86cbb000)]
  0x00007f9bac0ba800 JavaThread "C2 CompilerThread0" daemon [_thread_blocked, id=362, stack(0x00007f9b86cbb000,0x00007f9b86dbc000)]
  0x00007f9bac0b9000 JavaThread "Signal Dispatcher" daemon [_thread_blocked, id=360, stack(0x00007f9b86dbc000,0x00007f9b86ebd000)]
  0x00007f9bac085000 JavaThread "Finalizer" daemon [_thread_blocked, id=359, stack(0x00007f9b879fa000,0x00007f9b87afb000)]
  0x00007f9bac080800 JavaThread "Reference Handler" daemon [_thread_blocked, id=358, stack(0x00007f9b87afb000,0x00007f9b87bfc000)]
  0x00007f9bac00b000 JavaThread "main" [_thread_blocked, id=352, stack(0x00007f9bb4575000,0x00007f9bb4676000)]

Other Threads:
=>0x00007f9bac078800 VMThread [stack: 0x00007f9b87bfc000,0x00007f9b87cfd000] [id=357]
  0x00007f9bac0d9000 WatcherThread [stack: 0x00007f9b868b7000,0x00007f9b869b8000] [id=366]

VM state:at safepoint (normal execution)

VM Mutex/Monitor currently owned by a thread:  ([mutex/lock_event])
[0x00007f9bac007120] Threads_lock - owner thread: 0x00007f9bac078800
[0x00007f9bac007620] Heap_lock - owner thread: 0x00007f9bac00b000

Heap:
 PSYoungGen      total 36352K, used 5106K [0x00000000d7c00000, 0x00000000da480000, 0x0000000100000000)
  eden space 31232K, 0% used [0x00000000d7c00000,0x00000000d7c00000,0x00000000d9a80000)
  from space 5120K, 99% used [0x00000000d9a80000,0x00000000d9f7c840,0x00000000d9f80000)
  to   space 5120K, 0% used [0x00000000d9f80000,0x00000000d9f80000,0x00000000da480000)
 ParOldGen       total 83456K, used 7015K [0x0000000087400000, 0x000000008c580000, 0x00000000d7c00000)
  object space 83456K, 8% used [0x0000000087400000,0x0000000087ad9f40,0x000000008c580000)
 Metaspace       used 10627K, capacity 10760K, committed 10880K, reserved 1058816K
  class space    used 1238K, capacity 1291K, committed 1408K, reserved 1048576K

Card table byte_map: [0x00007f9bb0f43000,0x00007f9bb130a000] byte_map_base: 0x00007f9bb0b09000

Marking Bits: (ParMarkBitMap*) 0x00007f9bb3a42280
 Begin Bits: [0x00007f9b943a0000, 0x00007f9b961d0000)
 End Bits:   [0x00007f9b961d0000, 0x00007f9b98000000)

Polling page: 0x00007f9bb4694000

CodeCache: size=245760Kb used=2514Kb max_used=2525Kb free=243245Kb
 bounds [0x00007f9b9d000000, 0x00007f9b9d280000, 0x00007f9bac000000]
 total_blobs=1037 nmethods=525 adapters=426
 compilation: enabled

Compilation events (10 events):
Event: 0,878 Thread 0x00007f9bac0bf800  519       1       java.awt.AWTEvent::getID (5 bytes)
Event: 0,878 Thread 0x00007f9bac0bf800 nmethod 519 0x00007f9b9d246750 code [0x00007f9b9d2468a0, 0x00007f9b9d2469b0]
Event: 0,879 Thread 0x00007f9bac0bf800  524   !   3       sun.nio.cs.StreamDecoder::inReady (36 bytes)
Event: 0,882 Thread 0x00007f9bac0bf800 nmethod 524 0x00007f9b9d273fd0 code [0x00007f9b9d274160, 0x00007f9b9d274568]
Event: 0,894 Thread 0x00007f9bac0bf800  525       3       java.awt.geom.RectIterator::isDone (14 bytes)
Event: 0,894 Thread 0x00007f9bac0bf800 nmethod 525 0x00007f9b9d2749d0 code [0x00007f9b9d274b40, 0x00007f9b9d274cf0]
Event: 0,899 Thread 0x00007f9bac0ba800 nmethod 514 0x00007f9b9d277c90 code [0x00007f9b9d277e00, 0x00007f9b9d278138]
Event: 0,906 Thread 0x00007f9bac0bf800  526       1       java.net.URL::getRef (5 bytes)
Event: 0,906 Thread 0x00007f9bac0bf800 nmethod 526 0x00007f9b9d2779d0 code [0x00007f9b9d277b20, 0x00007f9b9d277c30]
Event: 0,912 Thread 0x00007f9bac0ba800  527 % !   4       org.json.simple.parser.JSONParser::parse @ 22 (983 bytes)

GC Heap History (1 events):
Event: 0,954 GC heap before
{Heap before GC invocations=1 (full 0):
 PSYoungGen      total 36352K, used 31232K [0x00000000d7c00000, 0x00000000da480000, 0x0000000100000000)
  eden space 31232K, 100% used [0x00000000d7c00000,0x00000000d9a80000,0x00000000d9a80000)
  from space 5120K, 0% used [0x00000000d9f80000,0x00000000d9f80000,0x00000000da480000)
  to   space 5120K, 0% used [0x00000000d9a80000,0x00000000d9a80000,0x00000000d9f80000)
 ParOldGen       total 83456K, used 0K [0x0000000087400000, 0x000000008c580000, 0x00000000d7c00000)
  object space 83456K, 0% used [0x0000000087400000,0x0000000087400000,0x000000008c580000)
 Metaspace       used 10627K, capacity 10760K, committed 10880K, reserved 1058816K
  class space    used 1238K, capacity 1291K, committed 1408K, reserved 1048576K

Deoptimization events (2 events):
Event: 0,696 Thread 0x00007f9bac29e800 Uncommon trap: reason=unstable_if action=reinterpret pc=0x00007f9b9d20a3bc method=java.util.LinkedList.unlinkFirst(Ljava/util/LinkedList$Node;)Ljava/lang/Object; @ 26
Event: 0,697 Thread 0x00007f9bac29e800 Uncommon trap: reason=unstable_if action=reinterpret pc=0x00007f9b9d20ebb0 method=java.util.LinkedList.unlinkFirst(Ljava/util/LinkedList$Node;)Ljava/lang/Object; @ 26

Classes redefined (0 events):
No events

Internal exceptions (10 events):
Event: 0,151 Thread 0x00007f9bac00b000 Exception <a 'java/security/PrivilegedActionException'> (0x00000000d7d44da0) thrown at [/HUDSON/workspace/8-2-build-linux-amd64/jdk8u171/10807/hotspot/src/share/vm/prims/jvm.cpp, line 1435]
Event: 0,151 Thread 0x00007f9bac00b000 Exception <a 'java/security/PrivilegedActionException'> (0x00000000d7d47208) thrown at [/HUDSON/workspace/8-2-build-linux-amd64/jdk8u171/10807/hotspot/src/share/vm/prims/jvm.cpp, line 1435]
Event: 0,151 Thread 0x00007f9bac00b000 Exception <a 'java/security/PrivilegedActionException'> (0x00000000d7d47418) thrown at [/HUDSON/workspace/8-2-build-linux-amd64/jdk8u171/10807/hotspot/src/share/vm/prims/jvm.cpp, line 1435]
Event: 0,199 Thread 0x00007f9bac00b000 Exception <a 'java/lang/NoSuchFieldError': method resolution failed> (0x00000000d7e16440) thrown at [/HUDSON/workspace/8-2-build-linux-amd64/jdk8u171/10807/hotspot/src/share/vm/prims/methodHandles.cpp, line 1167]
Event: 0,204 Thread 0x00007f9bac00b000 Exception <a 'java/lang/NoSuchFieldError': method resolution failed> (0x00000000d7e23c10) thrown at [/HUDSON/workspace/8-2-build-linux-amd64/jdk8u171/10807/hotspot/src/share/vm/prims/methodHandles.cpp, line 1167]
Event: 0,245 Thread 0x00007f9bac00b000 Exception <a 'java/io/FileNotFoundException'> (0x00000000d7ea31c0) thrown at [/HUDSON/workspace/8-2-build-linux-amd64/jdk8u171/10807/hotspot/src/share/vm/prims/jni.cpp, line 709]
Event: 0,245 Thread 0x00007f9bac00b000 Exception <a 'java/io/FileNotFoundException'> (0x00000000d7ea3b78) thrown at [/HUDSON/workspace/8-2-build-linux-amd64/jdk8u171/10807/hotspot/src/share/vm/prims/jni.cpp, line 709]
Event: 0,696 Thread 0x00007f9bac29e800 Implicit null exception at 0x00007f9b9d20a379 to 0x00007f9b9d20a3a9
Event: 0,697 Thread 0x00007f9bac29e800 Implicit null exception at 0x00007f9b9d20eb74 to 0x00007f9b9d20eb9d
Event: 0,858 Thread 0x00007f9bac29e800 Exception <a 'java/lang/UnsupportedOperationException': > (0x00000000d810c218) thrown at [/HUDSON/workspace/8-2-build-linux-amd64/jdk8u171/10807/hotspot/src/share/vm/prims/jni.cpp, line 735]

Events (10 events):
Event: 0,930 Thread 0x00007f9bac00b000 DEOPT UNPACKING pc=0x00007f9b9d047784 sp=0x00007f9bb46742f8 mode 0
Event: 0,934 Thread 0x00007f9bac00b000 DEOPT PACKING pc=0x00007f9b9d1ffbb2 sp=0x00007f9bb46743a0
Event: 0,934 Thread 0x00007f9bac00b000 DEOPT UNPACKING pc=0x00007f9b9d047784 sp=0x00007f9bb46742f8 mode 0
Event: 0,937 Thread 0x00007f9bac00b000 DEOPT PACKING pc=0x00007f9b9d1ffbc9 sp=0x00007f9bb46743a0
Event: 0,937 Thread 0x00007f9bac00b000 DEOPT UNPACKING pc=0x00007f9b9d047784 sp=0x00007f9bb46742f8 mode 0
Event: 0,938 Thread 0x00007f9bac00b000 DEOPT PACKING pc=0x00007f9b9d1ffbc9 sp=0x00007f9bb46743a0
Event: 0,938 Thread 0x00007f9bac00b000 DEOPT UNPACKING pc=0x00007f9b9d047784 sp=0x00007f9bb46742f8 mode 0
Event: 0,942 Thread 0x00007f9bac00b000 DEOPT PACKING pc=0x00007f9b9d1ffc53 sp=0x00007f9bb46743a0
Event: 0,942 Thread 0x00007f9bac00b000 DEOPT UNPACKING pc=0x00007f9b9d047784 sp=0x00007f9bb46742f8 mode 0
Event: 0,946 Executing VM operation: ParallelGCFailedAllocation


Dynamic libraries:
00400000-00401000 r-xp 00000000 103:06 1323899                           /usr/lib/jvm/java-8-oracle/bin/java
00600000-00601000 rw-p 00000000 103:06 1323899                           /usr/lib/jvm/java-8-oracle/bin/java
01ebb000-01edc000 rw-p 00000000 00:00 0                                  [heap]
87400000-8c580000 rw-p 00000000 00:00 0 
8c580000-d7c00000 ---p 00000000 00:00 0 
d7c00000-da480000 rw-p 00000000 00:00 0 
dc300000-100000000 ---p 00000000 00:00 0 
100000000-100160000 rw-p 00000000 00:00 0 
100160000-140000000 ---p 00000000 00:00 0 
7f9b4cb6e000-7f9b4cbd8000 r-xp 00000000 103:06 3152993                   /usr/lib/jvm/java-8-oracle/jre/lib/amd64/libt2k.so
7f9b4cbd8000-7f9b4cdd7000 ---p 0006a000 103:06 3152993                   /usr/lib/jvm/java-8-oracle/jre/lib/amd64/libt2k.so
7f9b4cdd7000-7f9b4cdde000 rw-p 00069000 103:06 3152993                   /usr/lib/jvm/java-8-oracle/jre/lib/amd64/libt2k.so
7f9b4cdde000-7f9b4cdee000 rw-p 00000000 00:00 0 
7f9b4cdee000-7f9b4cdff000 r-xp 00000000 103:06 3153028                   /usr/lib/jvm/java-8-oracle/jre/lib/amd64/libnio.so
7f9b4cdff000-7f9b4cffe000 ---p 00011000 103:06 3153028                   /usr/lib/jvm/java-8-oracle/jre/lib/amd64/libnio.so
7f9b4cffe000-7f9b4cfff000 rw-p 00010000 103:06 3153028                   /usr/lib/jvm/java-8-oracle/jre/lib/amd64/libnio.so
7f9b4cfff000-7f9b50000000 rw-p 00000000 00:00 0 
7f9b50000000-7f9b50021000 rw-p 00000000 00:00 0 
7f9b50021000-7f9b54000000 ---p 00000000 00:00 0 
7f9b54000000-7f9b5405f000 rw-p 00000000 00:00 0 
7f9b5405f000-7f9b58000000 ---p 00000000 00:00 0 
7f9b58000000-7f9b58021000 rw-p 00000000 00:00 0 
7f9b58021000-7f9b5c000000 ---p 00000000 00:00 0 
7f9b5c000000-7f9b5c021000 rw-p 00000000 00:00 0 
7f9b5c021000-7f9b60000000 ---p 00000000 00:00 0 
7f9b60000000-7f9b60021000 rw-p 00000000 00:00 0 
7f9b60021000-7f9b64000000 ---p 00000000 00:00 0 
7f9b64000000-7f9b64021000 rw-p 00000000 00:00 0 
7f9b64021000-7f9b68000000 ---p 00000000 00:00 0 
7f9b68000000-7f9b684a1000 rw-p 00000000 00:00 0 
7f9b684a1000-7f9b6c000000 ---p 00000000 00:00 0 
7f9b6c000000-7f9b6c387000 rw-p 00000000 00:00 0 
7f9b6c387000-7f9b70000000 ---p 00000000 00:00 0 
7f9b70000000-7f9b70021000 rw-p 00000000 00:00 0 
7f9b70021000-7f9b74000000 ---p 00000000 00:00 0 
7f9b74000000-7f9b7439a000 rw-p 00000000 00:00 0 
7f9b7439a000-7f9b78000000 ---p 00000000 00:00 0 
7f9b78000000-7f9b78021000 rw-p 00000000 00:00 0 
7f9b78021000-7f9b7c000000 ---p 00000000 00:00 0 
7f9b7c000000-7f9b7c021000 rw-p 00000000 00:00 0 
7f9b7c021000-7f9b80000000 ---p 00000000 00:00 0 
7f9b80000000-7f9b8028f000 rw-p 00000000 00:00 0 
7f9b8028f000-7f9b84000000 ---p 00000000 00:00 0 
7f9b8413a000-7f9b84150000 r-xp 00000000 103:06 3153025                   /usr/lib/jvm/java-8-oracle/jre/lib/amd64/libnet.so
7f9b84150000-7f9b84350000 ---p 00016000 103:06 3153025                   /usr/lib/jvm/java-8-oracle/jre/lib/amd64/libnet.so
7f9b84350000-7f9b84351000 rw-p 00016000 103:06 3153025                   /usr/lib/jvm/java-8-oracle/jre/lib/amd64/libnet.so
7f9b84351000-7f9b84491000 rw-p 00000000 00:00 0 
7f9b84491000-7f9b84551000 ---p 00000000 00:00 0 
7f9b84551000-7f9b84554000 ---p 00000000 00:00 0 
7f9b84554000-7f9b84652000 rw-p 00000000 00:00 0 
7f9b84652000-7f9b84655000 ---p 00000000 00:00 0 
7f9b84655000-7f9b84753000 rw-p 00000000 00:00 0 
7f9b84753000-7f9b84756000 ---p 00000000 00:00 0 
7f9b84756000-7f9b84854000 rw-p 00000000 00:00 0 
7f9b84854000-7f9b84859000 r-xp 00000000 103:06 926641                    /usr/lib/x86_64-linux-gnu/libXfixes.so.3.1.0
7f9b84859000-7f9b84a58000 ---p 00005000 103:06 926641                    /usr/lib/x86_64-linux-gnu/libXfixes.so.3.1.0
7f9b84a58000-7f9b84a59000 r--p 00004000 103:06 926641                    /usr/lib/x86_64-linux-gnu/libXfixes.so.3.1.0
7f9b84a59000-7f9b84a5a000 rw-p 00005000 103:06 926641                    /usr/lib/x86_64-linux-gnu/libXfixes.so.3.1.0
7f9b84a5a000-7f9b84a63000 r-xp 00000000 103:06 926633                    /usr/lib/x86_64-linux-gnu/libXcursor.so.1.0.2
7f9b84a63000-7f9b84c62000 ---p 00009000 103:06 926633                    /usr/lib/x86_64-linux-gnu/libXcursor.so.1.0.2
7f9b84c62000-7f9b84c63000 r--p 00008000 103:06 926633                    /usr/lib/x86_64-linux-gnu/libXcursor.so.1.0.2
7f9b84c63000-7f9b84c64000 rw-p 00009000 103:06 926633                    /usr/lib/x86_64-linux-gnu/libXcursor.so.1.0.2
7f9b84c64000-7f9b84c67000 ---p 00000000 00:00 0 
7f9b84c67000-7f9b84d65000 rw-p 00000000 00:00 0 
7f9b84d65000-7f9b84d7b000 r-xp 00000000 103:06 2888472                   /lib/x86_64-linux-gnu/libgcc_s.so.1
7f9b84d7b000-7f9b84f7a000 ---p 00016000 103:06 2888472                   /lib/x86_64-linux-gnu/libgcc_s.so.1
7f9b84f7a000-7f9b84f7b000 rw-p 00015000 103:06 2888472                   /lib/x86_64-linux-gnu/libgcc_s.so.1
7f9b84f7b000-7f9b84fe0000 r-xp 00000000 103:06 3153005                   /usr/lib/jvm/java-8-oracle/jre/lib/amd64/libfontmanager.so
7f9b84fe0000-7f9b851df000 ---p 00065000 103:06 3153005                   /usr/lib/jvm/java-8-oracle/jre/lib/amd64/libfontmanager.so
7f9b851df000-7f9b851e4000 rw-p 00064000 103:06 3153005                   /usr/lib/jvm/java-8-oracle/jre/lib/amd64/libfontmanager.so
7f9b851e4000-7f9b851f4000 rw-p 00000000 00:00 0 
7f9b851f4000-7f9b851f9000 r-xp 00000000 103:06 926637                    /usr/lib/x86_64-linux-gnu/libXdmcp.so.6.0.0
7f9b851f9000-7f9b853f8000 ---p 00005000 103:06 926637                    /usr/lib/x86_64-linux-gnu/libXdmcp.so.6.0.0
7f9b853f8000-7f9b853f9000 r--p 00004000 103:06 926637                    /usr/lib/x86_64-linux-gnu/libXdmcp.so.6.0.0
7f9b853f9000-7f9b853fa000 rw-p 00005000 103:06 926637                    /usr/lib/x86_64-linux-gnu/libXdmcp.so.6.0.0
7f9b853fa000-7f9b853fc000 r-xp 00000000 103:06 926626                    /usr/lib/x86_64-linux-gnu/libXau.so.6.0.0
7f9b853fc000-7f9b855fc000 ---p 00002000 103:06 926626                    /usr/lib/x86_64-linux-gnu/libXau.so.6.0.0
7f9b855fc000-7f9b855fd000 r--p 00002000 103:06 926626                    /usr/lib/x86_64-linux-gnu/libXau.so.6.0.0
7f9b855fd000-7f9b855fe000 rw-p 00003000 103:06 926626                    /usr/lib/x86_64-linux-gnu/libXau.so.6.0.0
7f9b855fe000-7f9b8561f000 r-xp 00000000 103:06 928046                    /usr/lib/x86_64-linux-gnu/libxcb.so.1.1.0
7f9b8561f000-7f9b8581e000 ---p 00021000 103:06 928046                    /usr/lib/x86_64-linux-gnu/libxcb.so.1.1.0
7f9b8581e000-7f9b8581f000 r--p 00020000 103:06 928046                    /usr/lib/x86_64-linux-gnu/libxcb.so.1.1.0
7f9b8581f000-7f9b85820000 rw-p 00021000 103:06 928046                    /usr/lib/x86_64-linux-gnu/libxcb.so.1.1.0
7f9b85820000-7f9b8582f000 r-xp 00000000 103:06 926649                    /usr/lib/x86_64-linux-gnu/libXi.so.6.1.0
7f9b8582f000-7f9b85a2e000 ---p 0000f000 103:06 926649                    /usr/lib/x86_64-linux-gnu/libXi.so.6.1.0
7f9b85a2e000-7f9b85a2f000 r--p 0000e000 103:06 926649                    /usr/lib/x86_64-linux-gnu/libXi.so.6.1.0
7f9b85a2f000-7f9b85a30000 rw-p 0000f000 103:06 926649                    /usr/lib/x86_64-linux-gnu/libXi.so.6.1.0
7f9b85a30000-7f9b85a35000 r-xp 00000000 103:06 926667                    /usr/lib/x86_64-linux-gnu/libXtst.so.6.1.0
7f9b85a35000-7f9b85c34000 ---p 00005000 103:06 926667                    /usr/lib/x86_64-linux-gnu/libXtst.so.6.1.0
7f9b85c34000-7f9b85c35000 r--p 00004000 103:06 926667                    /usr/lib/x86_64-linux-gnu/libXtst.so.6.1.0
7f9b85c35000-7f9b85c36000 rw-p 00005000 103:06 926667                    /usr/lib/x86_64-linux-gnu/libXtst.so.6.1.0
7f9b85c36000-7f9b85c3f000 r-xp 00000000 103:06 926661                    /usr/lib/x86_64-linux-gnu/libXrender.so.1.3.0
7f9b85c3f000-7f9b85e3e000 ---p 00009000 103:06 926661                    /usr/lib/x86_64-linux-gnu/libXrender.so.1.3.0
7f9b85e3e000-7f9b85e3f000 r--p 00008000 103:06 926661                    /usr/lib/x86_64-linux-gnu/libXrender.so.1.3.0
7f9b85e3f000-7f9b85e40000 rw-p 00009000 103:06 926661                    /usr/lib/x86_64-linux-gnu/libXrender.so.1.3.0
7f9b85e40000-7f9b85f75000 r-xp 00000000 103:06 926622                    /usr/lib/x86_64-linux-gnu/libX11.so.6.3.0
7f9b85f75000-7f9b86175000 ---p 00135000 103:06 926622                    /usr/lib/x86_64-linux-gnu/libX11.so.6.3.0
7f9b86175000-7f9b86176000 r--p 00135000 103:06 926622                    /usr/lib/x86_64-linux-gnu/libX11.so.6.3.0
7f9b86176000-7f9b8617a000 rw-p 00136000 103:06 926622                    /usr/lib/x86_64-linux-gnu/libX11.so.6.3.0
7f9b8617a000-7f9b8618b000 r-xp 00000000 103:06 926639                    /usr/lib/x86_64-linux-gnu/libXext.so.6.4.0
7f9b8618b000-7f9b8638a000 ---p 00011000 103:06 926639                    /usr/lib/x86_64-linux-gnu/libXext.so.6.4.0
7f9b8638a000-7f9b8638b000 r--p 00010000 103:06 926639                    /usr/lib/x86_64-linux-gnu/libXext.so.6.4.0
7f9b8638b000-7f9b8638c000 rw-p 00011000 103:06 926639                    /usr/lib/x86_64-linux-gnu/libXext.so.6.4.0
7f9b8638c000-7f9b863e0000 r-xp 00000000 103:06 3153032                   /usr/lib/jvm/java-8-oracle/jre/lib/amd64/libawt_xawt.so
7f9b863e0000-7f9b865e0000 ---p 00054000 103:06 3153032                   /usr/lib/jvm/java-8-oracle/jre/lib/amd64/libawt_xawt.so
7f9b865e0000-7f9b865e4000 rw-p 00054000 103:06 3153032                   /usr/lib/jvm/java-8-oracle/jre/lib/amd64/libawt_xawt.so
7f9b865e4000-7f9b865e5000 rw-p 00000000 00:00 0 
7f9b865e5000-7f9b86687000 r-xp 00000000 103:06 3153018                   /usr/lib/jvm/java-8-oracle/jre/lib/amd64/libawt.so
7f9b86687000-7f9b86887000 ---p 000a2000 103:06 3153018                   /usr/lib/jvm/java-8-oracle/jre/lib/amd64/libawt.so
7f9b86887000-7f9b86893000 rw-p 000a2000 103:06 3153018                   /usr/lib/jvm/java-8-oracle/jre/lib/amd64/libawt.so
7f9b86893000-7f9b868b7000 rw-p 00000000 00:00 0 
7f9b868b7000-7f9b868b8000 ---p 00000000 00:00 0 
7f9b868b8000-7f9b869b8000 rw-p 00000000 00:00 0 
7f9b869b8000-7f9b869bb000 ---p 00000000 00:00 0 
7f9b869bb000-7f9b86ab9000 rw-p 00000000 00:00 0 
7f9b86ab9000-7f9b86abc000 ---p 00000000 00:00 0 
7f9b86abc000-7f9b86bba000 rw-p 00000000 00:00 0 
7f9b86bba000-7f9b86bbd000 ---p 00000000 00:00 0 
7f9b86bbd000-7f9b86cbb000 rw-p 00000000 00:00 0 
7f9b86cbb000-7f9b86cbe000 ---p 00000000 00:00 0 
7f9b86cbe000-7f9b86dbc000 rw-p 00000000 00:00 0 
7f9b86dbc000-7f9b86dbf000 ---p 00000000 00:00 0 
7f9b86dbf000-7f9b86ebd000 rw-p 00000000 00:00 0 
7f9b86ebd000-7f9b879fa000 r--p 00000000 103:06 925390                    /usr/lib/locale/locale-archive
7f9b879fa000-7f9b879fd000 ---p 00000000 00:00 0 
7f9b879fd000-7f9b87afb000 rw-p 00000000 00:00 0 
7f9b87afb000-7f9b87afe000 ---p 00000000 00:00 0 
7f9b87afe000-7f9b87bfc000 rw-p 00000000 00:00 0 
7f9b87bfc000-7f9b87bfd000 ---p 00000000 00:00 0 
7f9b87bfd000-7f9b88000000 rw-p 00000000 00:00 0 
7f9b88000000-7f9b88021000 rw-p 00000000 00:00 0 
7f9b88021000-7f9b8c000000 ---p 00000000 00:00 0 
7f9b8c000000-7f9b8c021000 rw-p 00000000 00:00 0 
7f9b8c021000-7f9b90000000 ---p 00000000 00:00 0 
7f9b90000000-7f9b90021000 rw-p 00000000 00:00 0 
7f9b90021000-7f9b94000000 ---p 00000000 00:00 0 
7f9b9409d000-7f9b98000000 rw-p 00000000 00:00 0 
7f9b98000000-7f9b98021000 rw-p 00000000 00:00 0 
7f9b98021000-7f9b9c000000 ---p 00000000 00:00 0 
7f9b9c0b7000-7f9b9d000000 rw-p 00000000 00:00 0 
7f9b9d000000-7f9b9d280000 rwxp 00000000 00:00 0 
7f9b9d280000-7f9bac000000 ---p 00000000 00:00 0 
7f9bac000000-7f9bac591000 rw-p 00000000 00:00 0 
7f9bac591000-7f9bb0000000 ---p 00000000 00:00 0 
7f9bb000d000-7f9bb0012000 r--s 00084000 103:06 3152938                   /usr/lib/jvm/java-8-oracle/jre/lib/jfr.jar
7f9bb0012000-7f9bb02a5000 rw-p 00000000 00:00 0 
7f9bb02a5000-7f9bb047f000 r--s 03d68000 103:06 3152962                   /usr/lib/jvm/java-8-oracle/jre/lib/rt.jar
7f9bb047f000-7f9bb08bb000 rw-p 00000000 00:00 0 
7f9bb08bb000-7f9bb08bc000 ---p 00000000 00:00 0 
7f9bb08bc000-7f9bb09bc000 rw-p 00000000 00:00 0 
7f9bb09bc000-7f9bb09bd000 ---p 00000000 00:00 0 
7f9bb09bd000-7f9bb0abd000 rw-p 00000000 00:00 0 
7f9bb0abd000-7f9bb0abe000 ---p 00000000 00:00 0 
7f9bb0abe000-7f9bb0bbe000 rw-p 00000000 00:00 0 
7f9bb0bbe000-7f9bb0bbf000 ---p 00000000 00:00 0 
7f9bb0bbf000-7f9bb0ce8000 rw-p 00000000 00:00 0 
7f9bb0ce8000-7f9bb0f43000 ---p 00000000 00:00 0 
7f9bb0f43000-7f9bb0f6c000 rw-p 00000000 00:00 0 
7f9bb0f6c000-7f9bb11c7000 ---p 00000000 00:00 0 
7f9bb11c7000-7f9bb11dc000 rw-p 00000000 00:00 0 
7f9bb11dc000-7f9bb1309000 ---p 00000000 00:00 0 
7f9bb1309000-7f9bb1314000 rw-p 00000000 00:00 0 
7f9bb1314000-7f9bb16ca000 ---p 00000000 00:00 0 
7f9bb16ca000-7f9bb16e5000 r-xp 00000000 103:06 3153021                   /usr/lib/jvm/java-8-oracle/jre/lib/amd64/libzip.so
7f9bb16e5000-7f9bb18e5000 ---p 0001b000 103:06 3153021                   /usr/lib/jvm/java-8-oracle/jre/lib/amd64/libzip.so
7f9bb18e5000-7f9bb18e6000 rw-p 0001b000 103:06 3153021                   /usr/lib/jvm/java-8-oracle/jre/lib/amd64/libzip.so
7f9bb18e6000-7f9bb18f1000 r-xp 00000000 103:06 2888533                   /lib/x86_64-linux-gnu/libnss_files-2.23.so
7f9bb18f1000-7f9bb1af0000 ---p 0000b000 103:06 2888533                   /lib/x86_64-linux-gnu/libnss_files-2.23.so
7f9bb1af0000-7f9bb1af1000 r--p 0000a000 103:06 2888533                   /lib/x86_64-linux-gnu/libnss_files-2.23.so
7f9bb1af1000-7f9bb1af2000 rw-p 0000b000 103:06 2888533                   /lib/x86_64-linux-gnu/libnss_files-2.23.so
7f9bb1af2000-7f9bb1af8000 rw-p 00000000 00:00 0 
7f9bb1af8000-7f9bb1b03000 r-xp 00000000 103:06 2888543                   /lib/x86_64-linux-gnu/libnss_nis-2.23.so
7f9bb1b03000-7f9bb1d02000 ---p 0000b000 103:06 2888543                   /lib/x86_64-linux-gnu/libnss_nis-2.23.so
7f9bb1d02000-7f9bb1d03000 r--p 0000a000 103:06 2888543                   /lib/x86_64-linux-gnu/libnss_nis-2.23.so
7f9bb1d03000-7f9bb1d04000 rw-p 0000b000 103:06 2888543                   /lib/x86_64-linux-gnu/libnss_nis-2.23.so
7f9bb1d04000-7f9bb1d1a000 r-xp 00000000 103:06 2888527                   /lib/x86_64-linux-gnu/libnsl-2.23.so
7f9bb1d1a000-7f9bb1f19000 ---p 00016000 103:06 2888527                   /lib/x86_64-linux-gnu/libnsl-2.23.so
7f9bb1f19000-7f9bb1f1a000 r--p 00015000 103:06 2888527                   /lib/x86_64-linux-gnu/libnsl-2.23.so
7f9bb1f1a000-7f9bb1f1b000 rw-p 00016000 103:06 2888527                   /lib/x86_64-linux-gnu/libnsl-2.23.so
7f9bb1f1b000-7f9bb1f1d000 rw-p 00000000 00:00 0 
7f9bb1f1d000-7f9bb1f25000 r-xp 00000000 103:06 2888529                   /lib/x86_64-linux-gnu/libnss_compat-2.23.so
7f9bb1f25000-7f9bb2124000 ---p 00008000 103:06 2888529                   /lib/x86_64-linux-gnu/libnss_compat-2.23.so
7f9bb2124000-7f9bb2125000 r--p 00007000 103:06 2888529                   /lib/x86_64-linux-gnu/libnss_compat-2.23.so
7f9bb2125000-7f9bb2126000 rw-p 00008000 103:06 2888529                   /lib/x86_64-linux-gnu/libnss_compat-2.23.so
7f9bb2126000-7f9bb2151000 r-xp 00000000 103:06 3153015                   /usr/lib/jvm/java-8-oracle/jre/lib/amd64/libjava.so
7f9bb2151000-7f9bb2350000 ---p 0002b000 103:06 3153015                   /usr/lib/jvm/java-8-oracle/jre/lib/amd64/libjava.so
7f9bb2350000-7f9bb2352000 rw-p 0002a000 103:06 3153015                   /usr/lib/jvm/java-8-oracle/jre/lib/amd64/libjava.so
7f9bb2352000-7f9bb235f000 r-xp 00000000 103:06 3153020                   /usr/lib/jvm/java-8-oracle/jre/lib/amd64/libverify.so
7f9bb235f000-7f9bb255f000 ---p 0000d000 103:06 3153020                   /usr/lib/jvm/java-8-oracle/jre/lib/amd64/libverify.so
7f9bb255f000-7f9bb2561000 rw-p 0000d000 103:06 3153020                   /usr/lib/jvm/java-8-oracle/jre/lib/amd64/libverify.so
7f9bb2561000-7f9bb2568000 r-xp 00000000 103:06 2888588                   /lib/x86_64-linux-gnu/librt-2.23.so
7f9bb2568000-7f9bb2767000 ---p 00007000 103:06 2888588                   /lib/x86_64-linux-gnu/librt-2.23.so
7f9bb2767000-7f9bb2768000 r--p 00006000 103:06 2888588                   /lib/x86_64-linux-gnu/librt-2.23.so
7f9bb2768000-7f9bb2769000 rw-p 00007000 103:06 2888588                   /lib/x86_64-linux-gnu/librt-2.23.so
7f9bb2769000-7f9bb2871000 r-xp 00000000 103:06 2888504                   /lib/x86_64-linux-gnu/libm-2.23.so
7f9bb2871000-7f9bb2a70000 ---p 00108000 103:06 2888504                   /lib/x86_64-linux-gnu/libm-2.23.so
7f9bb2a70000-7f9bb2a71000 r--p 00107000 103:06 2888504                   /lib/x86_64-linux-gnu/libm-2.23.so
7f9bb2a71000-7f9bb2a72000 rw-p 00108000 103:06 2888504                   /lib/x86_64-linux-gnu/libm-2.23.so
7f9bb2a72000-7f9bb374b000 r-xp 00000000 103:06 3413835                   /usr/lib/jvm/java-8-oracle/jre/lib/amd64/server/libjvm.so
7f9bb374b000-7f9bb394a000 ---p 00cd9000 103:06 3413835                   /usr/lib/jvm/java-8-oracle/jre/lib/amd64/server/libjvm.so
7f9bb394a000-7f9bb3a24000 rw-p 00cd8000 103:06 3413835                   /usr/lib/jvm/java-8-oracle/jre/lib/amd64/server/libjvm.so
7f9bb3a24000-7f9bb3a6f000 rw-p 00000000 00:00 0 
7f9bb3a6f000-7f9bb3c2f000 r-xp 00000000 103:06 2888434                   /lib/x86_64-linux-gnu/libc-2.23.so
7f9bb3c2f000-7f9bb3e2f000 ---p 001c0000 103:06 2888434                   /lib/x86_64-linux-gnu/libc-2.23.so
7f9bb3e2f000-7f9bb3e33000 r--p 001c0000 103:06 2888434                   /lib/x86_64-linux-gnu/libc-2.23.so
7f9bb3e33000-7f9bb3e35000 rw-p 001c4000 103:06 2888434                   /lib/x86_64-linux-gnu/libc-2.23.so
7f9bb3e35000-7f9bb3e39000 rw-p 00000000 00:00 0 
7f9bb3e39000-7f9bb3e3c000 r-xp 00000000 103:06 2888458                   /lib/x86_64-linux-gnu/libdl-2.23.so
7f9bb3e3c000-7f9bb403b000 ---p 00003000 103:06 2888458                   /lib/x86_64-linux-gnu/libdl-2.23.so
7f9bb403b000-7f9bb403c000 r--p 00002000 103:06 2888458                   /lib/x86_64-linux-gnu/libdl-2.23.so
7f9bb403c000-7f9bb403d000 rw-p 00003000 103:06 2888458                   /lib/x86_64-linux-gnu/libdl-2.23.so
7f9bb403d000-7f9bb4053000 r-xp 00000000 103:06 1461277                   /usr/lib/jvm/java-8-oracle/lib/amd64/jli/libjli.so
7f9bb4053000-7f9bb4252000 ---p 00016000 103:06 1461277                   /usr/lib/jvm/java-8-oracle/lib/amd64/jli/libjli.so
7f9bb4252000-7f9bb4253000 rw-p 00015000 103:06 1461277                   /usr/lib/jvm/java-8-oracle/lib/amd64/jli/libjli.so
7f9bb4253000-7f9bb426b000 r-xp 00000000 103:06 2888580                   /lib/x86_64-linux-gnu/libpthread-2.23.so
7f9bb426b000-7f9bb446a000 ---p 00018000 103:06 2888580                   /lib/x86_64-linux-gnu/libpthread-2.23.so
7f9bb446a000-7f9bb446b000 r--p 00017000 103:06 2888580                   /lib/x86_64-linux-gnu/libpthread-2.23.so
7f9bb446b000-7f9bb446c000 rw-p 00018000 103:06 2888580                   /lib/x86_64-linux-gnu/libpthread-2.23.so
7f9bb446c000-7f9bb4470000 rw-p 00000000 00:00 0 
7f9bb4470000-7f9bb4496000 r-xp 00000000 103:06 2888406                   /lib/x86_64-linux-gnu/ld-2.23.so
7f9bb4498000-7f9bb44ab000 r--s 00345000 103:06 3152966                   /usr/lib/jvm/java-8-oracle/jre/lib/resources.jar
7f9bb44ab000-7f9bb4575000 rw-p 00000000 00:00 0 
7f9bb4575000-7f9bb4578000 ---p 00000000 00:00 0 
7f9bb4578000-7f9bb467b000 rw-p 00000000 00:00 0 
7f9bb467c000-7f9bb467d000 r--s 00003000 103:06 659120                    /home/michael/Downloads/json-simple-1.1.jar
7f9bb467d000-7f9bb467e000 r--s 00014000 103:06 132978                    /home/michael/Downloads/java-json.jar
7f9bb467e000-7f9bb4683000 r--s 002f9000 103:06 3152960                   /usr/lib/jvm/java-8-oracle/jre/lib/charsets.jar
7f9bb4683000-7f9bb4686000 r--s 0001a000 103:06 3153041                   /usr/lib/jvm/java-8-oracle/jre/lib/jce.jar
7f9bb4686000-7f9bb468b000 r--s 0009d000 103:06 3152970                   /usr/lib/jvm/java-8-oracle/jre/lib/jsse.jar
7f9bb468b000-7f9bb4693000 rw-s 00000000 103:06 2887843                   /tmp/hsperfdata_michael/346
7f9bb4693000-7f9bb4694000 rw-p 00000000 00:00 0 
7f9bb4694000-7f9bb4695000 ---p 00000000 00:00 0 
7f9bb4695000-7f9bb4696000 r--p 00025000 103:06 2888406                   /lib/x86_64-linux-gnu/ld-2.23.so
7f9bb4696000-7f9bb4697000 rw-p 00026000 103:06 2888406                   /lib/x86_64-linux-gnu/ld-2.23.so
7f9bb4697000-7f9bb4698000 rw-p 00000000 00:00 0 
7ffd33c6f000-7ffd33c90000 rw-p 00000000 00:00 0                          [stack]
7ffd33d8c000-7ffd33d8f000 r--p 00000000 00:00 0                          [vvar]
7ffd33d8f000-7ffd33d91000 r-xp 00000000 00:00 0                          [vdso]
ffffffffff600000-ffffffffff601000 r-xp 00000000 00:00 0                  [vsyscall]

VM Arguments:
jvm_args: -Dfile.encoding=UTF-8 
java_command: Sql
java_class_path (initial): /usr/lib/jvm/java-8-oracle/jre/lib/resources.jar:/usr/lib/jvm/java-8-oracle/jre/lib/rt.jar:/usr/lib/jvm/java-8-oracle/jre/lib/jsse.jar:/usr/lib/jvm/java-8-oracle/jre/lib/jce.jar:/usr/lib/jvm/java-8-oracle/jre/lib/charsets.jar:/usr/lib/jvm/java-8-oracle/jre/lib/jfr.jar:/usr/lib/jvm/java-8-oracle/jre/lib/ext/cldrdata.jar:/usr/lib/jvm/java-8-oracle/jre/lib/ext/sunjce_provider.jar:/usr/lib/jvm/java-8-oracle/jre/lib/ext/dnsns.jar:/usr/lib/jvm/java-8-oracle/jre/lib/ext/nashorn.jar:/usr/lib/jvm/java-8-oracle/jre/lib/ext/sunpkcs11.jar:/usr/lib/jvm/java-8-oracle/jre/lib/ext/jaccess.jar:/usr/lib/jvm/java-8-oracle/jre/lib/ext/jfxrt.jar:/usr/lib/jvm/java-8-oracle/jre/lib/ext/localedata.jar:/usr/lib/jvm/java-8-oracle/jre/lib/ext/sunec.jar:/usr/lib/jvm/java-8-oracle/jre/lib/ext/zipfs.jar:/home/michael/eclipse-workspace/SQL/bin:/home/michael/Downloads/java-json.jar:/home/michael/Downloads/json-simple-1.1.jar
Launcher Type: SUN_STANDARD

Environment Variables:
JAVA_HOME=/usr/lib/jvm/java-8-oracle
PATH=/home/michael/bin:/home/michael/.local/bin:/usr/local/sbin:/usr/local/bin:/usr/sbin:/usr/bin:/sbin:/bin:/usr/games:/usr/local/games:/snap/bin:/usr/lib/jvm/java-8-oracle/bin:/usr/lib/jvm/java-8-oracle/db/bin:/usr/lib/jvm/java-8-oracle/jre/bin
SHELL=/bin/bash
DISPLAY=:0

Signal Handlers:
SIGSEGV: [libjvm.so+0xad0890], sa_mask[0]=11111111011111111101111111111110, sa_flags=SA_RESTART|SA_SIGINFO
SIGBUS: [libjvm.so+0xad0890], sa_mask[0]=11111111011111111101111111111110, sa_flags=SA_RESTART|SA_SIGINFO
SIGFPE: [libjvm.so+0x928640], sa_mask[0]=11111111011111111101111111111110, sa_flags=SA_RESTART|SA_SIGINFO
SIGPIPE: [libjvm.so+0x928640], sa_mask[0]=11111111011111111101111111111110, sa_flags=SA_RESTART|SA_SIGINFO
SIGXFSZ: [libjvm.so+0x928640], sa_mask[0]=11111111011111111101111111111110, sa_flags=SA_RESTART|SA_SIGINFO
SIGILL: [libjvm.so+0x928640], sa_mask[0]=11111111011111111101111111111110, sa_flags=SA_RESTART|SA_SIGINFO
SIGUSR1: SIG_DFL, sa_mask[0]=00000000000000000000000000000000, sa_flags=none
SIGUSR2: [libjvm.so+0x929ea0], sa_mask[0]=00100000000000000000000000000000, sa_flags=SA_RESTART|SA_SIGINFO
SIGHUP: [libjvm.so+0x92b2a0], sa_mask[0]=11111111011111111101111111111110, sa_flags=SA_RESTART|SA_SIGINFO
SIGINT: [libjvm.so+0x92b2a0], sa_mask[0]=11111111011111111101111111111110, sa_flags=SA_RESTART|SA_SIGINFO
SIGTERM: [libjvm.so+0x92b2a0], sa_mask[0]=11111111011111111101111111111110, sa_flags=SA_RESTART|SA_SIGINFO
SIGQUIT: [libjvm.so+0x92b2a0], sa_mask[0]=11111111011111111101111111111110, sa_flags=SA_RESTART|SA_SIGINFO


---------------  S Y S T E M  ---------------

OS:DISTRIB_ID=Ubuntu
DISTRIB_RELEASE=16.04
DISTRIB_CODENAME=xenial
DISTRIB_DESCRIPTION="Ubuntu 16.04.4 LTS"

uname:Linux 4.13.0-45-generic #50~16.04.1-Ubuntu SMP Wed May 30 11:18:27 UTC 2018 x86_64
libc:glibc 2.23 NPTL 2.23 
rlimit: STACK 8192k, CORE 0k, NPROC 30466, NOFILE 1048576, AS infinity
load average:3,66 1,90 1,34

/proc/meminfo:
MemTotal:        7913268 kB
MemFree:          128132 kB
MemAvailable:      10792 kB
Buffers:             268 kB
Cached:           299984 kB
SwapCached:        11436 kB
Active:          6687040 kB
Inactive:         844796 kB
Active(anon):    6677236 kB
Inactive(anon):   834592 kB
Active(file):       9804 kB
Inactive(file):    10204 kB
Unevictable:         104 kB
Mlocked:             104 kB
SwapTotal:       3320828 kB
SwapFree:         128808 kB
Dirty:               340 kB
Writeback:           408 kB
AnonPages:       7221348 kB
Mapped:           170848 kB
Shmem:            280012 kB
Slab:              93592 kB
SReclaimable:      35812 kB
SUnreclaim:        57780 kB
KernelStack:       27680 kB
PageTables:        77844 kB
NFS_Unstable:          0 kB
Bounce:                0 kB
WritebackTmp:          0 kB
CommitLimit:     7277460 kB
Committed_AS:   27190344 kB
VmallocTotal:   34359738367 kB
VmallocUsed:           0 kB
VmallocChunk:          0 kB
HardwareCorrupted:     0 kB
AnonHugePages:         0 kB
ShmemHugePages:        0 kB
ShmemPmdMapped:        0 kB
CmaTotal:              0 kB
CmaFree:               0 kB
HugePages_Total:       0
HugePages_Free:        0
HugePages_Rsvd:        0
HugePages_Surp:        0
Hugepagesize:       2048 kB
DirectMap4k:      161396 kB
DirectMap2M:     6922240 kB
DirectMap1G:     2097152 kB


CPU:total 4 (initial active 4) (2 cores per cpu, 2 threads per core) family 6 model 142 stepping 9, cmov, cx8, fxsr, mmx, sse, sse2, sse3, ssse3, sse4.1, sse4.2, popcnt, avx, avx2, aes, clmul, erms, 3dnowpref, lzcnt, ht, tsc, tscinvbit, bmi1, bmi2, adx

/proc/cpuinfo:
processor	: 0
vendor_id	: GenuineIntel
cpu family	: 6
model		: 142
model name	: Intel(R) Core(TM) i5-7200U CPU @ 2.50GHz
stepping	: 9
microcode	: 0x84
cpu MHz		: 3099.993
cache size	: 3072 KB
physical id	: 0
siblings	: 4
core id		: 0
cpu cores	: 2
apicid		: 0
initial apicid	: 0
fpu		: yes
fpu_exception	: yes
cpuid level	: 22
wp		: yes
flags		: fpu vme de pse tsc msr pae mce cx8 apic sep mtrr pge mca cmov pat pse36 clflush dts acpi mmx fxsr sse sse2 ss ht tm pbe syscall nx pdpe1gb rdtscp lm constant_tsc art arch_perfmon pebs bts rep_good nopl xtopology nonstop_tsc cpuid aperfmperf tsc_known_freq pni pclmulqdq dtes64 monitor ds_cpl vmx est tm2 ssse3 sdbg fma cx16 xtpr pdcm pcid sse4_1 sse4_2 x2apic movbe popcnt tsc_deadline_timer aes xsave avx f16c rdrand lahf_lm abm 3dnowprefetch cpuid_fault invpcid_single pti retpoline intel_pt rsb_ctxsw spec_ctrl tpr_shadow vnmi flexpriority ept vpid fsgsbase tsc_adjust bmi1 avx2 smep bmi2 erms invpcid mpx rdseed adx smap clflushopt xsaveopt xsavec xgetbv1 xsaves dtherm ida arat pln pts hwp hwp_notify hwp_act_window hwp_epp
bugs		: cpu_meltdown spectre_v1 spectre_v2 spec_store_bypass
bogomips	: 5424.00
clflush size	: 64
cache_alignment	: 64
address sizes	: 39 bits physical, 48 bits virtual
power management:

processor	: 1
vendor_id	: GenuineIntel
cpu family	: 6
model		: 142
model name	: Intel(R) Core(TM) i5-7200U CPU @ 2.50GHz
stepping	: 9
microcode	: 0x84
cpu MHz		: 3099.997
cache size	: 3072 KB
physical id	: 0
siblings	: 4
core id		: 1
cpu cores	: 2
apicid		: 2
initial apicid	: 2
fpu		: yes
fpu_exception	: yes
cpuid level	: 22
wp		: yes
flags		: fpu vme de pse tsc msr pae mce cx8 apic sep mtrr pge mca cmov pat pse36 clflush dts acpi mmx fxsr sse sse2 ss ht tm pbe syscall nx pdpe1gb rdtscp lm constant_tsc art arch_perfmon pebs bts rep_good nopl xtopology nonstop_tsc cpuid aperfmperf tsc_known_freq pni pclmulqdq dtes64 monitor ds_cpl vmx est tm2 ssse3 sdbg fma cx16 xtpr pdcm pcid sse4_1 sse4_2 x2apic movbe popcnt tsc_deadline_timer aes xsave avx f16c rdrand lahf_lm abm 3dnowprefetch cpuid_fault invpcid_single pti retpoline intel_pt rsb_ctxsw spec_ctrl tpr_shadow vnmi flexpriority ept vpid fsgsbase tsc_adjust bmi1 avx2 smep bmi2 erms invpcid mpx rdseed adx smap clflushopt xsaveopt xsavec xgetbv1 xsaves dtherm ida arat pln pts hwp hwp_notify hwp_act_window hwp_epp
bugs		: cpu_meltdown spectre_v1 spectre_v2 spec_store_bypass
bogomips	: 5424.00
clflush size	: 64
cache_alignment	: 64
address sizes	: 39 bits physical, 48 bits virtual
power management:

processor	: 2
vendor_id	: GenuineIntel
cpu family	: 6
model		: 142
model name	: Intel(R) Core(TM) i5-7200U CPU @ 2.50GHz
stepping	: 9
microcode	: 0x84
cpu MHz		: 3100.024
cache size	: 3072 KB
physical id	: 0
siblings	: 4
core id		: 0
cpu cores	: 2
apicid		: 1
initial apicid	: 1
fpu		: yes
fpu_exception	: yes
cpuid level	: 22
wp		: yes
flags		: fpu vme de pse tsc msr pae mce cx8 apic sep mtrr pge mca cmov pat pse36 clflush dts acpi mmx fxsr sse sse2 ss ht tm pbe syscall nx pdpe1gb rdtscp lm constant_tsc art arch_perfmon pebs bts rep_good nopl xtopology nonstop_tsc cpuid aperfmperf tsc_known_freq pni pclmulqdq dtes64 monitor ds_cpl vmx est tm2 ssse3 sdbg fma cx16 xtpr pdcm pcid sse4_1 sse4_2 x2apic movbe popcnt tsc_deadline_timer aes xsave avx f16c rdrand lahf_lm abm 3dnowprefetch cpuid_fault invpcid_single pti retpoline intel_pt rsb_ctxsw spec_ctrl tpr_shadow vnmi flexpriority ept vpid fsgsbase tsc_adjust bmi1 avx2 smep bmi2 erms invpcid mpx rdseed adx smap clflushopt xsaveopt xsavec xgetbv1 xsaves dtherm ida arat pln pts hwp hwp_notify hwp_act_window hwp_epp
bugs		: cpu_meltdown spectre_v1 spectre_v2 spec_store_bypass
bogomips	: 5424.00
clflush size	: 64
cache_alignment	: 64
address sizes	: 39 bits physical, 48 bits virtual
power management:

processor	: 3
vendor_id	: GenuineIntel
cpu family	: 6
model		: 142
model name	: Intel(R) Core(TM) i5-7200U CPU @ 2.50GHz
stepping	: 9
microcode	: 0x84
cpu MHz		: 3100.018
cache size	: 3072 KB
physical id	: 0
siblings	: 4
core id		: 1
cpu cores	: 2
apicid		: 3
initial apicid	: 3
fpu		: yes
fpu_exception	: yes
cpuid level	: 22
wp		: yes
flags		: fpu vme de pse tsc msr pae mce cx8 apic sep mtrr pge mca cmov pat pse36 clflush dts acpi mmx fxsr sse sse2 ss ht tm pbe syscall nx pdpe1gb rdtscp lm constant_tsc art arch_perfmon pebs bts rep_good nopl xtopology nonstop_tsc cpuid aperfmperf tsc_known_freq pni pclmulqdq dtes64 monitor ds_cpl vmx est tm2 ssse3 sdbg fma cx16 xtpr pdcm pcid sse4_1 sse4_2 x2apic movbe popcnt tsc_deadline_timer aes xsave avx f16c rdrand lahf_lm abm 3dnowprefetch cpuid_fault invpcid_single pti retpoline intel_pt rsb_ctxsw spec_ctrl tpr_shadow vnmi flexpriority ept vpid fsgsbase tsc_adjust bmi1 avx2 smep bmi2 erms invpcid mpx rdseed adx smap clflushopt xsaveopt xsavec xgetbv1 xsaves dtherm ida arat pln pts hwp hwp_notify hwp_act_window hwp_epp
bugs		: cpu_meltdown spectre_v1 spectre_v2 spec_store_bypass
bogomips	: 5424.00
clflush size	: 64
cache_alignment	: 64
address sizes	: 39 bits physical, 48 bits virtual
power management:



Memory: 4k page, physical 7913268k(139112k free), swap 3320828k(111004k free)

vm_info: Java HotSpot(TM) 64-Bit Server VM (25.171-b11) for linux-amd64 JRE (1.8.0_171-b11), built on Mar 28 2018 17:07:08 by "java_re" with gcc 4.3.0 20080428 (Red Hat 4.3.0-8)

time: Mon Jul  2 18:33:43 2018
elapsed time: 1 seconds (0d 0h 0m 1s)

