#
# There is insufficient memory for the Java Runtime Environment to continue.
# Native memory allocation (mmap) failed to map 63963136 bytes for committing reserved memory.
# Possible reasons:
#   The system is out of physical RAM or swap space
#   In 32 bit mode, the process size limit was hit
# Possible solutions:
#   Reduce memory load on the system
#   Increase physical memory or swap space
#   Check if swap backing store is full
#   Use 64 bit Java on a 64 bit OS
#   Decrease Java heap size (-Xmx/-Xms)
#   Decrease number of Java threads
#   Decrease Java thread stack sizes (-Xss)
#   Set larger code cache with -XX:ReservedCodeCacheSize=
# This output file may be truncated or incomplete.
#
#  Out of Memory Error (os_linux.cpp:2640), pid=9856, tid=0x00007fe72029e700
#
# JRE version: Java(TM) SE Runtime Environment (8.0_171-b11) (build 1.8.0_171-b11)
# Java VM: Java HotSpot(TM) 64-Bit Server VM (25.171-b11 mixed mode linux-amd64 compressed oops)
# Failed to write core dump. Core dumps have been disabled. To enable core dumping, try "ulimit -c unlimited" before starting Java again
#

---------------  T H R E A D  ---------------

Current thread (0x00007fe740078800):  VMThread [stack: 0x00007fe72019e000,0x00007fe72029f000] [id=9867]

Stack: [0x00007fe72019e000,0x00007fe72029f000],  sp=0x00007fe72029d120,  free space=1020k
Native frames: (J=compiled Java code, j=interpreted, Vv=VM code, C=native code)
V  [libjvm.so+0xacfffa]  VMError::report_and_die()+0x2ba
V  [libjvm.so+0x5005cb]  report_vm_out_of_memory(char const*, int, unsigned long, VMErrorType, char const*)+0x8b
V  [libjvm.so+0x92dd93]  os::Linux::commit_memory_impl(char*, unsigned long, bool)+0x123
V  [libjvm.so+0x92dfb9]  os::pd_commit_memory(char*, unsigned long, unsigned long, bool)+0x29
V  [libjvm.so+0x92527a]  os::commit_memory(char*, unsigned long, unsigned long, bool)+0x2a
V  [libjvm.so+0x99b223]  PSVirtualSpace::expand_by(unsigned long)+0x53
V  [libjvm.so+0x99c628]  PSYoungGen::resize_generation(unsigned long, unsigned long)+0xf8
V  [libjvm.so+0x99b782]  PSYoungGen::resize(unsigned long, unsigned long)+0x22
V  [libjvm.so+0x998a5b]  PSScavenge::invoke_no_policy()+0xf3b
V  [libjvm.so+0x9991e1]  PSScavenge::invoke()+0x41
V  [libjvm.so+0x94fcb0]  ParallelScavengeHeap::failed_mem_allocate(unsigned long)+0x70
V  [libjvm.so+0xad1a77]  VM_ParallelGCFailedAllocation::doit()+0x97
V  [libjvm.so+0xad9595]  VM_Operation::evaluate()+0x55
V  [libjvm.so+0xad795a]  VMThread::evaluate_operation(VM_Operation*)+0xba
V  [libjvm.so+0xad7cde]  VMThread::loop()+0x1ce
V  [libjvm.so+0xad8150]  VMThread::run()+0x70
V  [libjvm.so+0x92e0f8]  java_start(Thread*)+0x108

VM_Operation (0x00007fe748b5e660): ParallelGCFailedAllocation, mode: safepoint, requested by thread 0x00007fe74000b000


---------------  P R O C E S S  ---------------

Java Threads: ( => current thread )
  0x00007fe740274000 JavaThread "AWT-EventQueue-0" [_thread_blocked, id=9906, stack(0x00007fe714856000,0x00007fe714957000)]
  0x00007fe74026d800 JavaThread "AWT-Shutdown" [_thread_blocked, id=9904, stack(0x00007fe714957000,0x00007fe714a58000)]
  0x00007fe74020d800 JavaThread "AWT-XAWT" daemon [_thread_blocked, id=9900, stack(0x00007fe714c58000,0x00007fe714d59000)]
  0x00007fe7401e9000 JavaThread "Java2D Disposer" daemon [_thread_blocked, id=9899, stack(0x00007fe715169000,0x00007fe71526a000)]
  0x00007fe7400ca800 JavaThread "Service Thread" daemon [_thread_blocked, id=9874, stack(0x00007fe716ebd000,0x00007fe716fbe000)]
  0x00007fe7400bf800 JavaThread "C1 CompilerThread2" daemon [_thread_blocked, id=9873, stack(0x00007fe716fbe000,0x00007fe7170bf000)]
  0x00007fe7400bd800 JavaThread "C2 CompilerThread1" daemon [_thread_blocked, id=9872, stack(0x00007fe7170bf000,0x00007fe7171c0000)]
  0x00007fe7400ba800 JavaThread "C2 CompilerThread0" daemon [_thread_blocked, id=9871, stack(0x00007fe7171c0000,0x00007fe7172c1000)]
  0x00007fe7400b9000 JavaThread "Signal Dispatcher" daemon [_thread_blocked, id=9870, stack(0x00007fe7172c1000,0x00007fe7173c2000)]
  0x00007fe740085000 JavaThread "Finalizer" daemon [_thread_blocked, id=9869, stack(0x00007fe717eff000,0x00007fe718000000)]
  0x00007fe740080800 JavaThread "Reference Handler" daemon [_thread_blocked, id=9868, stack(0x00007fe72009d000,0x00007fe72019e000)]
  0x00007fe74000b000 JavaThread "main" [_thread_blocked, id=9862, stack(0x00007fe748a5f000,0x00007fe748b60000)]

Other Threads:
=>0x00007fe740078800 VMThread [stack: 0x00007fe72019e000,0x00007fe72029f000] [id=9867]
  0x00007fe7400cf800 WatcherThread [stack: 0x00007fe716dbc000,0x00007fe716ebd000] [id=9875]

VM state:at safepoint (normal execution)

VM Mutex/Monitor currently owned by a thread:  ([mutex/lock_event])
[0x00007fe740007120] Threads_lock - owner thread: 0x00007fe740078800
[0x00007fe740007620] Heap_lock - owner thread: 0x00007fe74000b000

Heap:
 PSYoungGen      total 67584K, used 5110K [0x00000000d7c00000, 0x00000000dc300000, 0x0000000100000000)
  eden space 62464K, 0% used [0x00000000d7c00000,0x00000000d7c00000,0x00000000db900000)
  from space 5120K, 99% used [0x00000000db900000,0x00000000dbdfd9d0,0x00000000dbe00000)
  to   space 5120K, 0% used [0x00000000dbe00000,0x00000000dbe00000,0x00000000dc300000)
 ParOldGen       total 83456K, used 47872K [0x0000000087400000, 0x000000008c580000, 0x00000000d7c00000)
  object space 83456K, 57% used [0x0000000087400000,0x000000008a2c0088,0x000000008c580000)
 Metaspace       used 11479K, capacity 11620K, committed 12032K, reserved 1060864K
  class space    used 1368K, capacity 1421K, committed 1536K, reserved 1048576K

Card table byte_map: [0x00007fe74542d000,0x00007fe7457f4000] byte_map_base: 0x00007fe744ff3000

Marking Bits: (ParMarkBitMap*) 0x00007fe747f2c280
 Begin Bits: [0x00007fe7203a0000, 0x00007fe7221d0000)
 End Bits:   [0x00007fe7221d0000, 0x00007fe724000000)

Polling page: 0x00007fe748b7e000

CodeCache: size=245760Kb used=2528Kb max_used=2549Kb free=243231Kb
 bounds [0x00007fe731000000, 0x00007fe731290000, 0x00007fe740000000]
 total_blobs=1077 nmethods=547 adapters=444
 compilation: enabled

Compilation events (10 events):
Event: 2,807 Thread 0x00007fe7400ba800 nmethod 544 0x00007fe731244a10 code [0x00007fe731244b80, 0x00007fe731245288]
Event: 2,807 Thread 0x00007fe7400ba800  545       4       java.util.HashMap::resize (359 bytes)
Event: 2,818 Thread 0x00007fe7400ba800 nmethod 545 0x00007fe731267b10 code [0x00007fe731267ca0, 0x00007fe731268298]
Event: 2,818 Thread 0x00007fe7400ba800  546       4       java.nio.Buffer::position (43 bytes)
Event: 2,819 Thread 0x00007fe7400ba800 nmethod 546 0x00007fe731266310 code [0x00007fe731266460, 0x00007fe731266538]
Event: 2,954 Thread 0x00007fe7400bd800 nmethod 528 0x00007fe731279390 code [0x00007fe7312799a0, 0x00007fe73127e210]
Event: 3,134 Thread 0x00007fe7400ba800  547       4       java.nio.ByteBuffer::arrayOffset (35 bytes)
Event: 3,135 Thread 0x00007fe7400ba800 nmethod 547 0x00007fe731221b10 code [0x00007fe731221c60, 0x00007fe731221cf8]
Event: 3,141 Thread 0x00007fe7400bd800  548       4       java.nio.ByteBuffer::array (35 bytes)
Event: 3,142 Thread 0x00007fe7400bd800 nmethod 548 0x00007fe731269550 code [0x00007fe7312696a0, 0x00007fe731269738]

GC Heap History (5 events):
Event: 1,722 GC heap before
{Heap before GC invocations=1 (full 0):
 PSYoungGen      total 36352K, used 31232K [0x00000000d7c00000, 0x00000000da480000, 0x0000000100000000)
  eden space 31232K, 100% used [0x00000000d7c00000,0x00000000d9a80000,0x00000000d9a80000)
  from space 5120K, 0% used [0x00000000d9f80000,0x00000000d9f80000,0x00000000da480000)
  to   space 5120K, 0% used [0x00000000d9a80000,0x00000000d9a80000,0x00000000d9f80000)
 ParOldGen       total 83456K, used 0K [0x0000000087400000, 0x000000008c580000, 0x00000000d7c00000)
  object space 83456K, 0% used [0x0000000087400000,0x0000000087400000,0x000000008c580000)
 Metaspace       used 11472K, capacity 11620K, committed 12032K, reserved 1060864K
  class space    used 1368K, capacity 1421K, committed 1536K, reserved 1048576K
Event: 2,551 GC heap after
Heap after GC invocations=1 (full 0):
 PSYoungGen      total 36352K, used 5092K [0x00000000d7c00000, 0x00000000dc300000, 0x0000000100000000)
  eden space 31232K, 0% used [0x00000000d7c00000,0x00000000d7c00000,0x00000000d9a80000)
  from space 5120K, 99% used [0x00000000d9a80000,0x00000000d9f79060,0x00000000d9f80000)
  to   space 5120K, 0% used [0x00000000dbe00000,0x00000000dbe00000,0x00000000dc300000)
 ParOldGen       total 83456K, used 7079K [0x0000000087400000, 0x000000008c580000, 0x00000000d7c00000)
  object space 83456K, 8% used [0x0000000087400000,0x0000000087ae9f40,0x000000008c580000)
 Metaspace       used 11472K, capacity 11620K, committed 12032K, reserved 1060864K
  class space    used 1368K, capacity 1421K, committed 1536K, reserved 1048576K
}
Event: 2,869 GC heap before
{Heap before GC invocations=2 (full 0):
 PSYoungGen      total 36352K, used 36324K [0x00000000d7c00000, 0x00000000dc300000, 0x0000000100000000)
  eden space 31232K, 100% used [0x00000000d7c00000,0x00000000d9a80000,0x00000000d9a80000)
  from space 5120K, 99% used [0x00000000d9a80000,0x00000000d9f79060,0x00000000d9f80000)
  to   space 5120K, 0% used [0x00000000dbe00000,0x00000000dbe00000,0x00000000dc300000)
 ParOldGen       total 83456K, used 7079K [0x0000000087400000, 0x000000008c580000, 0x00000000d7c00000)
  object space 83456K, 8% used [0x0000000087400000,0x0000000087ae9f40,0x000000008c580000)
 Metaspace       used 11479K, capacity 11620K, committed 12032K, reserved 1060864K
  class space    used 1368K, capacity 1421K, committed 1536K, reserved 1048576K
Event: 2,937 GC heap after
Heap after GC invocations=2 (full 0):
 PSYoungGen      total 67584K, used 5110K [0x00000000d7c00000, 0x00000000dc300000, 0x0000000100000000)
  eden space 62464K, 0% used [0x00000000d7c00000,0x00000000d7c00000,0x00000000db900000)
  from space 5120K, 99% used [0x00000000dbe00000,0x00000000dc2fdab8,0x00000000dc300000)
  to   space 5120K, 0% used [0x00000000db900000,0x00000000db900000,0x00000000dbe00000)
 ParOldGen       total 83456K, used 19767K [0x0000000087400000, 0x000000008c580000, 0x00000000d7c00000)
  object space 83456K, 23% used [0x0000000087400000,0x000000008874df40,0x000000008c580000)
 Metaspace       used 11479K, capacity 11620K, committed 12032K, reserved 1060864K
  class space    used 1368K, capacity 1421K, committed 1536K, reserved 1048576K
}
Event: 3,172 GC heap before
{Heap before GC invocations=3 (full 0):
 PSYoungGen      total 67584K, used 67574K [0x00000000d7c00000, 0x00000000dc300000, 0x0000000100000000)
  eden space 62464K, 100% used [0x00000000d7c00000,0x00000000db900000,0x00000000db900000)
  from space 5120K, 99% used [0x00000000dbe00000,0x00000000dc2fdab8,0x00000000dc300000)
  to   space 5120K, 0% used [0x00000000db900000,0x00000000db900000,0x00000000dbe00000)
 ParOldGen       total 83456K, used 19767K [0x0000000087400000, 0x000000008c580000, 0x00000000d7c00000)
  object space 83456K, 23% used [0x0000000087400000,0x000000008874df40,0x000000008c580000)
 Metaspace       used 11479K, capacity 11620K, committed 12032K, reserved 1060864K
  class space    used 1368K, capacity 1421K, committed 1536K, reserved 1048576K

Deoptimization events (0 events):
No events

Classes redefined (0 events):
No events

Internal exceptions (10 events):
Event: 0,051 Thread 0x00007fe74000b000 Exception <a 'java/lang/NoSuchMethodError': Method sun.misc.Unsafe.defineClass(Ljava/lang/String;[BII)Ljava/lang/Class; name or signature does not match> (0x00000000d7c07cb0) thrown at [/HUDSON/workspace/8-2-build-linux-amd64/jdk8u171/10807/hotspot/src/sh
Event: 0,051 Thread 0x00007fe74000b000 Exception <a 'java/lang/NoSuchMethodError': Method sun.misc.Unsafe.prefetchRead(Ljava/lang/Object;J)V name or signature does not match> (0x00000000d7c07f98) thrown at [/HUDSON/workspace/8-2-build-linux-amd64/jdk8u171/10807/hotspot/src/share/vm/prims/jni.c
Event: 0,167 Thread 0x00007fe74000b000 Exception <a 'java/security/PrivilegedActionException'> (0x00000000d7d44b90) thrown at [/HUDSON/workspace/8-2-build-linux-amd64/jdk8u171/10807/hotspot/src/share/vm/prims/jvm.cpp, line 1435]
Event: 0,167 Thread 0x00007fe74000b000 Exception <a 'java/security/PrivilegedActionException'> (0x00000000d7d44da0) thrown at [/HUDSON/workspace/8-2-build-linux-amd64/jdk8u171/10807/hotspot/src/share/vm/prims/jvm.cpp, line 1435]
Event: 0,167 Thread 0x00007fe74000b000 Exception <a 'java/security/PrivilegedActionException'> (0x00000000d7d47208) thrown at [/HUDSON/workspace/8-2-build-linux-amd64/jdk8u171/10807/hotspot/src/share/vm/prims/jvm.cpp, line 1435]
Event: 0,167 Thread 0x00007fe74000b000 Exception <a 'java/security/PrivilegedActionException'> (0x00000000d7d47418) thrown at [/HUDSON/workspace/8-2-build-linux-amd64/jdk8u171/10807/hotspot/src/share/vm/prims/jvm.cpp, line 1435]
Event: 0,241 Thread 0x00007fe74000b000 Exception <a 'java/lang/NoSuchFieldError': method resolution failed> (0x00000000d7e16440) thrown at [/HUDSON/workspace/8-2-build-linux-amd64/jdk8u171/10807/hotspot/src/share/vm/prims/methodHandles.cpp, line 1167]
Event: 0,252 Thread 0x00007fe74000b000 Exception <a 'java/lang/NoSuchFieldError': method resolution failed> (0x00000000d7e23c10) thrown at [/HUDSON/workspace/8-2-build-linux-amd64/jdk8u171/10807/hotspot/src/share/vm/prims/methodHandles.cpp, line 1167]
Event: 0,310 Thread 0x00007fe74000b000 Exception <a 'java/io/FileNotFoundException'> (0x00000000d7ea31c0) thrown at [/HUDSON/workspace/8-2-build-linux-amd64/jdk8u171/10807/hotspot/src/share/vm/prims/jni.cpp, line 709]
Event: 0,310 Thread 0x00007fe74000b000 Exception <a 'java/io/FileNotFoundException'> (0x00000000d7ea3b78) thrown at [/HUDSON/workspace/8-2-build-linux-amd64/jdk8u171/10807/hotspot/src/share/vm/prims/jni.cpp, line 709]

Events (10 events):
Event: 2,946 Thread 0x00007fe74000b000 DEOPT UNPACKING pc=0x00007fe731047784 sp=0x00007fe748b5e488 mode 0
Event: 2,946 Thread 0x00007fe74000b000 DEOPT PACKING pc=0x00007fe731201c27 sp=0x00007fe748b5e530
Event: 2,946 Thread 0x00007fe74000b000 DEOPT UNPACKING pc=0x00007fe731047784 sp=0x00007fe748b5e488 mode 0
Event: 2,946 Thread 0x00007fe74000b000 DEOPT PACKING pc=0x00007fe731201c27 sp=0x00007fe748b5e530
Event: 2,946 Thread 0x00007fe74000b000 DEOPT UNPACKING pc=0x00007fe731047784 sp=0x00007fe748b5e488 mode 0
Event: 2,947 Thread 0x00007fe74000b000 DEOPT PACKING pc=0x00007fe731201c27 sp=0x00007fe748b5e530
Event: 2,947 Thread 0x00007fe74000b000 DEOPT UNPACKING pc=0x00007fe731047784 sp=0x00007fe748b5e488 mode 0
Event: 2,947 Thread 0x00007fe74000b000 DEOPT PACKING pc=0x00007fe731201c27 sp=0x00007fe748b5e530
Event: 2,947 Thread 0x00007fe74000b000 DEOPT UNPACKING pc=0x00007fe731047784 sp=0x00007fe748b5e488 mode 0
Event: 3,172 Executing VM operation: ParallelGCFailedAllocation


Dynamic libraries:
00400000-00401000 r-xp 00000000 103:06 1323899                           /usr/lib/jvm/java-8-oracle/bin/java
00600000-00601000 rw-p 00000000 103:06 1323899                           /usr/lib/jvm/java-8-oracle/bin/java
01b84000-01ba5000 rw-p 00000000 00:00 0                                  [heap]
87400000-8c580000 rw-p 00000000 00:00 0 
8c580000-d7c00000 ---p 00000000 00:00 0 
d7c00000-dc300000 rw-p 00000000 00:00 0 
e0000000-100000000 ---p 00000000 00:00 0 
100000000-100180000 rw-p 00000000 00:00 0 
100180000-140000000 ---p 00000000 00:00 0 
7fe6e0dff000-7fe6e0e3f000 rw-p 00000000 00:00 0 
7fe6e0e3f000-7fe6e0fff000 ---p 00000000 00:00 0 
7fe6e0fff000-7fe6e4000000 rw-p 00000000 00:00 0 
7fe6e4000000-7fe6e4021000 rw-p 00000000 00:00 0 
7fe6e4021000-7fe6e8000000 ---p 00000000 00:00 0 
7fe6e8000000-7fe6e8023000 rw-p 00000000 00:00 0 
7fe6e8023000-7fe6ec000000 ---p 00000000 00:00 0 
7fe6ec000000-7fe6ec021000 rw-p 00000000 00:00 0 
7fe6ec021000-7fe6f0000000 ---p 00000000 00:00 0 
7fe6f0000000-7fe6f0021000 rw-p 00000000 00:00 0 
7fe6f0021000-7fe6f4000000 ---p 00000000 00:00 0 
7fe6f4000000-7fe6f4021000 rw-p 00000000 00:00 0 
7fe6f4021000-7fe6f8000000 ---p 00000000 00:00 0 
7fe6f8000000-7fe6f8021000 rw-p 00000000 00:00 0 
7fe6f8021000-7fe6fc000000 ---p 00000000 00:00 0 
7fe6fc000000-7fe6fc406000 rw-p 00000000 00:00 0 
7fe6fc406000-7fe700000000 ---p 00000000 00:00 0 
7fe700000000-7fe700679000 rw-p 00000000 00:00 0 
7fe700679000-7fe704000000 ---p 00000000 00:00 0 
7fe704000000-7fe704021000 rw-p 00000000 00:00 0 
7fe704021000-7fe708000000 ---p 00000000 00:00 0 
7fe708000000-7fe70853e000 rw-p 00000000 00:00 0 
7fe70853e000-7fe70c000000 ---p 00000000 00:00 0 
7fe70c000000-7fe70c021000 rw-p 00000000 00:00 0 
7fe70c021000-7fe710000000 ---p 00000000 00:00 0 
7fe710000000-7fe710021000 rw-p 00000000 00:00 0 
7fe710021000-7fe714000000 ---p 00000000 00:00 0 
7fe7141ae000-7fe714218000 r-xp 00000000 103:06 3152993                   /usr/lib/jvm/java-8-oracle/jre/lib/amd64/libt2k.so
7fe714218000-7fe714417000 ---p 0006a000 103:06 3152993                   /usr/lib/jvm/java-8-oracle/jre/lib/amd64/libt2k.so
7fe714417000-7fe71441e000 rw-p 00069000 103:06 3152993                   /usr/lib/jvm/java-8-oracle/jre/lib/amd64/libt2k.so
7fe71441e000-7fe71442e000 rw-p 00000000 00:00 0 
7fe71442e000-7fe71443f000 r-xp 00000000 103:06 3153028                   /usr/lib/jvm/java-8-oracle/jre/lib/amd64/libnio.so
7fe71443f000-7fe71463e000 ---p 00011000 103:06 3153028                   /usr/lib/jvm/java-8-oracle/jre/lib/amd64/libnio.so
7fe71463e000-7fe71463f000 rw-p 00010000 103:06 3153028                   /usr/lib/jvm/java-8-oracle/jre/lib/amd64/libnio.so
7fe71463f000-7fe714655000 r-xp 00000000 103:06 3153025                   /usr/lib/jvm/java-8-oracle/jre/lib/amd64/libnet.so
7fe714655000-7fe714855000 ---p 00016000 103:06 3153025                   /usr/lib/jvm/java-8-oracle/jre/lib/amd64/libnet.so
7fe714855000-7fe714856000 rw-p 00016000 103:06 3153025                   /usr/lib/jvm/java-8-oracle/jre/lib/amd64/libnet.so
7fe714856000-7fe714859000 ---p 00000000 00:00 0 
7fe714859000-7fe714957000 rw-p 00000000 00:00 0 
7fe714957000-7fe71495a000 ---p 00000000 00:00 0 
7fe71495a000-7fe714c58000 rw-p 00000000 00:00 0 
7fe714c58000-7fe714c5b000 ---p 00000000 00:00 0 
7fe714c5b000-7fe714d59000 rw-p 00000000 00:00 0 
7fe714d59000-7fe714d5e000 r-xp 00000000 103:06 926641                    /usr/lib/x86_64-linux-gnu/libXfixes.so.3.1.0
7fe714d5e000-7fe714f5d000 ---p 00005000 103:06 926641                    /usr/lib/x86_64-linux-gnu/libXfixes.so.3.1.0
7fe714f5d000-7fe714f5e000 r--p 00004000 103:06 926641                    /usr/lib/x86_64-linux-gnu/libXfixes.so.3.1.0
7fe714f5e000-7fe714f5f000 rw-p 00005000 103:06 926641                    /usr/lib/x86_64-linux-gnu/libXfixes.so.3.1.0
7fe714f5f000-7fe714f68000 r-xp 00000000 103:06 926633                    /usr/lib/x86_64-linux-gnu/libXcursor.so.1.0.2
7fe714f68000-7fe715167000 ---p 00009000 103:06 926633                    /usr/lib/x86_64-linux-gnu/libXcursor.so.1.0.2
7fe715167000-7fe715168000 r--p 00008000 103:06 926633                    /usr/lib/x86_64-linux-gnu/libXcursor.so.1.0.2
7fe715168000-7fe715169000 rw-p 00009000 103:06 926633                    /usr/lib/x86_64-linux-gnu/libXcursor.so.1.0.2
7fe715169000-7fe71516c000 ---p 00000000 00:00 0 
7fe71516c000-7fe71526a000 rw-p 00000000 00:00 0 
7fe71526a000-7fe715280000 r-xp 00000000 103:06 2888472                   /lib/x86_64-linux-gnu/libgcc_s.so.1
7fe715280000-7fe71547f000 ---p 00016000 103:06 2888472                   /lib/x86_64-linux-gnu/libgcc_s.so.1
7fe71547f000-7fe715480000 rw-p 00015000 103:06 2888472                   /lib/x86_64-linux-gnu/libgcc_s.so.1
7fe715480000-7fe7154e5000 r-xp 00000000 103:06 3153005                   /usr/lib/jvm/java-8-oracle/jre/lib/amd64/libfontmanager.so
7fe7154e5000-7fe7156e4000 ---p 00065000 103:06 3153005                   /usr/lib/jvm/java-8-oracle/jre/lib/amd64/libfontmanager.so
7fe7156e4000-7fe7156e9000 rw-p 00064000 103:06 3153005                   /usr/lib/jvm/java-8-oracle/jre/lib/amd64/libfontmanager.so
7fe7156e9000-7fe7156f9000 rw-p 00000000 00:00 0 
7fe7156f9000-7fe7156fe000 r-xp 00000000 103:06 926637                    /usr/lib/x86_64-linux-gnu/libXdmcp.so.6.0.0
7fe7156fe000-7fe7158fd000 ---p 00005000 103:06 926637                    /usr/lib/x86_64-linux-gnu/libXdmcp.so.6.0.0
7fe7158fd000-7fe7158fe000 r--p 00004000 103:06 926637                    /usr/lib/x86_64-linux-gnu/libXdmcp.so.6.0.0
7fe7158fe000-7fe7158ff000 rw-p 00005000 103:06 926637                    /usr/lib/x86_64-linux-gnu/libXdmcp.so.6.0.0
7fe7158ff000-7fe715901000 r-xp 00000000 103:06 926626                    /usr/lib/x86_64-linux-gnu/libXau.so.6.0.0
7fe715901000-7fe715b01000 ---p 00002000 103:06 926626                    /usr/lib/x86_64-linux-gnu/libXau.so.6.0.0
7fe715b01000-7fe715b02000 r--p 00002000 103:06 926626                    /usr/lib/x86_64-linux-gnu/libXau.so.6.0.0
7fe715b02000-7fe715b03000 rw-p 00003000 103:06 926626                    /usr/lib/x86_64-linux-gnu/libXau.so.6.0.0
7fe715b03000-7fe715b24000 r-xp 00000000 103:06 928046                    /usr/lib/x86_64-linux-gnu/libxcb.so.1.1.0
7fe715b24000-7fe715d23000 ---p 00021000 103:06 928046                    /usr/lib/x86_64-linux-gnu/libxcb.so.1.1.0
7fe715d23000-7fe715d24000 r--p 00020000 103:06 928046                    /usr/lib/x86_64-linux-gnu/libxcb.so.1.1.0
7fe715d24000-7fe715d25000 rw-p 00021000 103:06 928046                    /usr/lib/x86_64-linux-gnu/libxcb.so.1.1.0
7fe715d25000-7fe715d34000 r-xp 00000000 103:06 926649                    /usr/lib/x86_64-linux-gnu/libXi.so.6.1.0
7fe715d34000-7fe715f33000 ---p 0000f000 103:06 926649                    /usr/lib/x86_64-linux-gnu/libXi.so.6.1.0
7fe715f33000-7fe715f34000 r--p 0000e000 103:06 926649                    /usr/lib/x86_64-linux-gnu/libXi.so.6.1.0
7fe715f34000-7fe715f35000 rw-p 0000f000 103:06 926649                    /usr/lib/x86_64-linux-gnu/libXi.so.6.1.0
7fe715f35000-7fe715f3a000 r-xp 00000000 103:06 926667                    /usr/lib/x86_64-linux-gnu/libXtst.so.6.1.0
7fe715f3a000-7fe716139000 ---p 00005000 103:06 926667                    /usr/lib/x86_64-linux-gnu/libXtst.so.6.1.0
7fe716139000-7fe71613a000 r--p 00004000 103:06 926667                    /usr/lib/x86_64-linux-gnu/libXtst.so.6.1.0
7fe71613a000-7fe71613b000 rw-p 00005000 103:06 926667                    /usr/lib/x86_64-linux-gnu/libXtst.so.6.1.0
7fe71613b000-7fe716144000 r-xp 00000000 103:06 926661                    /usr/lib/x86_64-linux-gnu/libXrender.so.1.3.0
7fe716144000-7fe716343000 ---p 00009000 103:06 926661                    /usr/lib/x86_64-linux-gnu/libXrender.so.1.3.0
7fe716343000-7fe716344000 r--p 00008000 103:06 926661                    /usr/lib/x86_64-linux-gnu/libXrender.so.1.3.0
7fe716344000-7fe716345000 rw-p 00009000 103:06 926661                    /usr/lib/x86_64-linux-gnu/libXrender.so.1.3.0
7fe716345000-7fe71647a000 r-xp 00000000 103:06 926622                    /usr/lib/x86_64-linux-gnu/libX11.so.6.3.0
7fe71647a000-7fe71667a000 ---p 00135000 103:06 926622                    /usr/lib/x86_64-linux-gnu/libX11.so.6.3.0
7fe71667a000-7fe71667b000 r--p 00135000 103:06 926622                    /usr/lib/x86_64-linux-gnu/libX11.so.6.3.0
7fe71667b000-7fe71667f000 rw-p 00136000 103:06 926622                    /usr/lib/x86_64-linux-gnu/libX11.so.6.3.0
7fe71667f000-7fe716690000 r-xp 00000000 103:06 926639                    /usr/lib/x86_64-linux-gnu/libXext.so.6.4.0
7fe716690000-7fe71688f000 ---p 00011000 103:06 926639                    /usr/lib/x86_64-linux-gnu/libXext.so.6.4.0
7fe71688f000-7fe716890000 r--p 00010000 103:06 926639                    /usr/lib/x86_64-linux-gnu/libXext.so.6.4.0
7fe716890000-7fe716891000 rw-p 00011000 103:06 926639                    /usr/lib/x86_64-linux-gnu/libXext.so.6.4.0
7fe716891000-7fe7168e5000 r-xp 00000000 103:06 3153032                   /usr/lib/jvm/java-8-oracle/jre/lib/amd64/libawt_xawt.so
7fe7168e5000-7fe716ae5000 ---p 00054000 103:06 3153032                   /usr/lib/jvm/java-8-oracle/jre/lib/amd64/libawt_xawt.so
7fe716ae5000-7fe716ae9000 rw-p 00054000 103:06 3153032                   /usr/lib/jvm/java-8-oracle/jre/lib/amd64/libawt_xawt.so
7fe716ae9000-7fe716aea000 rw-p 00000000 00:00 0 
7fe716aea000-7fe716b8c000 r-xp 00000000 103:06 3153018                   /usr/lib/jvm/java-8-oracle/jre/lib/amd64/libawt.so
7fe716b8c000-7fe716d8c000 ---p 000a2000 103:06 3153018                   /usr/lib/jvm/java-8-oracle/jre/lib/amd64/libawt.so
7fe716d8c000-7fe716d98000 rw-p 000a2000 103:06 3153018                   /usr/lib/jvm/java-8-oracle/jre/lib/amd64/libawt.so
7fe716d98000-7fe716dbc000 rw-p 00000000 00:00 0 
7fe716dbc000-7fe716dbd000 ---p 00000000 00:00 0 
7fe716dbd000-7fe716ebd000 rw-p 00000000 00:00 0 
7fe716ebd000-7fe716ec0000 ---p 00000000 00:00 0 
7fe716ec0000-7fe716fbe000 rw-p 00000000 00:00 0 
7fe716fbe000-7fe716fc1000 ---p 00000000 00:00 0 
7fe716fc1000-7fe7170bf000 rw-p 00000000 00:00 0 
7fe7170bf000-7fe7170c2000 ---p 00000000 00:00 0 
7fe7170c2000-7fe7171c0000 rw-p 00000000 00:00 0 
7fe7171c0000-7fe7171c3000 ---p 00000000 00:00 0 
7fe7171c3000-7fe7172c1000 rw-p 00000000 00:00 0 
7fe7172c1000-7fe7172c4000 ---p 00000000 00:00 0 
7fe7172c4000-7fe7173c2000 rw-p 00000000 00:00 0 
7fe7173c2000-7fe717eff000 r--p 00000000 103:06 925390                    /usr/lib/locale/locale-archive
7fe717eff000-7fe717f02000 ---p 00000000 00:00 0 
7fe717f02000-7fe718000000 rw-p 00000000 00:00 0 
7fe718000000-7fe71828f000 rw-p 00000000 00:00 0 
7fe71828f000-7fe71c000000 ---p 00000000 00:00 0 
7fe71c000000-7fe71c021000 rw-p 00000000 00:00 0 
7fe71c021000-7fe720000000 ---p 00000000 00:00 0 
7fe72009d000-7fe7200a0000 ---p 00000000 00:00 0 
7fe7200a0000-7fe72019e000 rw-p 00000000 00:00 0 
7fe72019e000-7fe72019f000 ---p 00000000 00:00 0 
7fe72019f000-7fe724000000 rw-p 00000000 00:00 0 
7fe724000000-7fe724021000 rw-p 00000000 00:00 0 
7fe724021000-7fe728000000 ---p 00000000 00:00 0 
7fe728000000-7fe728021000 rw-p 00000000 00:00 0 
7fe728021000-7fe72c000000 ---p 00000000 00:00 0 
7fe72c000000-7fe72c021000 rw-p 00000000 00:00 0 
7fe72c021000-7fe730000000 ---p 00000000 00:00 0 
7fe730095000-7fe730e26000 rw-p 00000000 00:00 0 
7fe730e26000-7fe731000000 r--s 03d68000 103:06 3152962                   /usr/lib/jvm/java-8-oracle/jre/lib/rt.jar
7fe731000000-7fe731290000 rwxp 00000000 00:00 0 
7fe731290000-7fe740000000 ---p 00000000 00:00 0 
7fe740000000-7fe74057e000 rw-p 00000000 00:00 0 
7fe74057e000-7fe744000000 ---p 00000000 00:00 0 
7fe744014000-7fe744019000 r--s 00084000 103:06 3152938                   /usr/lib/jvm/java-8-oracle/jre/lib/jfr.jar
7fe744019000-7fe744da5000 rw-p 00000000 00:00 0 
7fe744da5000-7fe744da6000 ---p 00000000 00:00 0 
7fe744da6000-7fe744ea6000 rw-p 00000000 00:00 0 
7fe744ea6000-7fe744ea7000 ---p 00000000 00:00 0 
7fe744ea7000-7fe744fa7000 rw-p 00000000 00:00 0 
7fe744fa7000-7fe744fa8000 ---p 00000000 00:00 0 
7fe744fa8000-7fe7450a8000 rw-p 00000000 00:00 0 
7fe7450a8000-7fe7450a9000 ---p 00000000 00:00 0 
7fe7450a9000-7fe7451d2000 rw-p 00000000 00:00 0 
7fe7451d2000-7fe74542d000 ---p 00000000 00:00 0 
7fe74542d000-7fe745456000 rw-p 00000000 00:00 0 
7fe745456000-7fe7456b1000 ---p 00000000 00:00 0 
7fe7456b1000-7fe7456d5000 rw-p 00000000 00:00 0 
7fe7456d5000-7fe7457f3000 ---p 00000000 00:00 0 
7fe7457f3000-7fe7457ff000 rw-p 00000000 00:00 0 
7fe7457ff000-7fe745bb4000 ---p 00000000 00:00 0 
7fe745bb4000-7fe745bcf000 r-xp 00000000 103:06 3153021                   /usr/lib/jvm/java-8-oracle/jre/lib/amd64/libzip.so
7fe745bcf000-7fe745dcf000 ---p 0001b000 103:06 3153021                   /usr/lib/jvm/java-8-oracle/jre/lib/amd64/libzip.so
7fe745dcf000-7fe745dd0000 rw-p 0001b000 103:06 3153021                   /usr/lib/jvm/java-8-oracle/jre/lib/amd64/libzip.so
7fe745dd0000-7fe745ddb000 r-xp 00000000 103:06 2888533                   /lib/x86_64-linux-gnu/libnss_files-2.23.so
7fe745ddb000-7fe745fda000 ---p 0000b000 103:06 2888533                   /lib/x86_64-linux-gnu/libnss_files-2.23.so
7fe745fda000-7fe745fdb000 r--p 0000a000 103:06 2888533                   /lib/x86_64-linux-gnu/libnss_files-2.23.so
7fe745fdb000-7fe745fdc000 rw-p 0000b000 103:06 2888533                   /lib/x86_64-linux-gnu/libnss_files-2.23.so
7fe745fdc000-7fe745fe2000 rw-p 00000000 00:00 0 
7fe745fe2000-7fe745fed000 r-xp 00000000 103:06 2888543                   /lib/x86_64-linux-gnu/libnss_nis-2.23.so
7fe745fed000-7fe7461ec000 ---p 0000b000 103:06 2888543                   /lib/x86_64-linux-gnu/libnss_nis-2.23.so
7fe7461ec000-7fe7461ed000 r--p 0000a000 103:06 2888543                   /lib/x86_64-linux-gnu/libnss_nis-2.23.so
7fe7461ed000-7fe7461ee000 rw-p 0000b000 103:06 2888543                   /lib/x86_64-linux-gnu/libnss_nis-2.23.so
7fe7461ee000-7fe746204000 r-xp 00000000 103:06 2888527                   /lib/x86_64-linux-gnu/libnsl-2.23.so
7fe746204000-7fe746403000 ---p 00016000 103:06 2888527                   /lib/x86_64-linux-gnu/libnsl-2.23.so
7fe746403000-7fe746404000 r--p 00015000 103:06 2888527                   /lib/x86_64-linux-gnu/libnsl-2.23.so
7fe746404000-7fe746405000 rw-p 00016000 103:06 2888527                   /lib/x86_64-linux-gnu/libnsl-2.23.so
7fe746405000-7fe746407000 rw-p 00000000 00:00 0 
7fe746407000-7fe74640f000 r-xp 00000000 103:06 2888529                   /lib/x86_64-linux-gnu/libnss_compat-2.23.so
7fe74640f000-7fe74660e000 ---p 00008000 103:06 2888529                   /lib/x86_64-linux-gnu/libnss_compat-2.23.so
7fe74660e000-7fe74660f000 r--p 00007000 103:06 2888529                   /lib/x86_64-linux-gnu/libnss_compat-2.23.so
7fe74660f000-7fe746610000 rw-p 00008000 103:06 2888529                   /lib/x86_64-linux-gnu/libnss_compat-2.23.so
7fe746610000-7fe74663b000 r-xp 00000000 103:06 3153015                   /usr/lib/jvm/java-8-oracle/jre/lib/amd64/libjava.so
7fe74663b000-7fe74683a000 ---p 0002b000 103:06 3153015                   /usr/lib/jvm/java-8-oracle/jre/lib/amd64/libjava.so
7fe74683a000-7fe74683c000 rw-p 0002a000 103:06 3153015                   /usr/lib/jvm/java-8-oracle/jre/lib/amd64/libjava.so
7fe74683c000-7fe746849000 r-xp 00000000 103:06 3153020                   /usr/lib/jvm/java-8-oracle/jre/lib/amd64/libverify.so
7fe746849000-7fe746a49000 ---p 0000d000 103:06 3153020                   /usr/lib/jvm/java-8-oracle/jre/lib/amd64/libverify.so
7fe746a49000-7fe746a4b000 rw-p 0000d000 103:06 3153020                   /usr/lib/jvm/java-8-oracle/jre/lib/amd64/libverify.so
7fe746a4b000-7fe746a52000 r-xp 00000000 103:06 2888588                   /lib/x86_64-linux-gnu/librt-2.23.so
7fe746a52000-7fe746c51000 ---p 00007000 103:06 2888588                   /lib/x86_64-linux-gnu/librt-2.23.so
7fe746c51000-7fe746c52000 r--p 00006000 103:06 2888588                   /lib/x86_64-linux-gnu/librt-2.23.so
7fe746c52000-7fe746c53000 rw-p 00007000 103:06 2888588                   /lib/x86_64-linux-gnu/librt-2.23.so
7fe746c53000-7fe746d5b000 r-xp 00000000 103:06 2888504                   /lib/x86_64-linux-gnu/libm-2.23.so
7fe746d5b000-7fe746f5a000 ---p 00108000 103:06 2888504                   /lib/x86_64-linux-gnu/libm-2.23.so
7fe746f5a000-7fe746f5b000 r--p 00107000 103:06 2888504                   /lib/x86_64-linux-gnu/libm-2.23.so
7fe746f5b000-7fe746f5c000 rw-p 00108000 103:06 2888504                   /lib/x86_64-linux-gnu/libm-2.23.so
7fe746f5c000-7fe747c35000 r-xp 00000000 103:06 3413835                   /usr/lib/jvm/java-8-oracle/jre/lib/amd64/server/libjvm.so
7fe747c35000-7fe747e34000 ---p 00cd9000 103:06 3413835                   /usr/lib/jvm/java-8-oracle/jre/lib/amd64/server/libjvm.so
7fe747e34000-7fe747f0e000 rw-p 00cd8000 103:06 3413835                   /usr/lib/jvm/java-8-oracle/jre/lib/amd64/server/libjvm.so
7fe747f0e000-7fe747f59000 rw-p 00000000 00:00 0 
7fe747f59000-7fe748119000 r-xp 00000000 103:06 2888434                   /lib/x86_64-linux-gnu/libc-2.23.so
7fe748119000-7fe748319000 ---p 001c0000 103:06 2888434                   /lib/x86_64-linux-gnu/libc-2.23.so
7fe748319000-7fe74831d000 r--p 001c0000 103:06 2888434                   /lib/x86_64-linux-gnu/libc-2.23.so
7fe74831d000-7fe74831f000 rw-p 001c4000 103:06 2888434                   /lib/x86_64-linux-gnu/libc-2.23.so
7fe74831f000-7fe748323000 rw-p 00000000 00:00 0 
7fe748323000-7fe748326000 r-xp 00000000 103:06 2888458                   /lib/x86_64-linux-gnu/libdl-2.23.so
7fe748326000-7fe748525000 ---p 00003000 103:06 2888458                   /lib/x86_64-linux-gnu/libdl-2.23.so
7fe748525000-7fe748526000 r--p 00002000 103:06 2888458                   /lib/x86_64-linux-gnu/libdl-2.23.so
7fe748526000-7fe748527000 rw-p 00003000 103:06 2888458                   /lib/x86_64-linux-gnu/libdl-2.23.so
7fe748527000-7fe74853d000 r-xp 00000000 103:06 1461277                   /usr/lib/jvm/java-8-oracle/lib/amd64/jli/libjli.so
7fe74853d000-7fe74873c000 ---p 00016000 103:06 1461277                   /usr/lib/jvm/java-8-oracle/lib/amd64/jli/libjli.so
7fe74873c000-7fe74873d000 rw-p 00015000 103:06 1461277                   /usr/lib/jvm/java-8-oracle/lib/amd64/jli/libjli.so
7fe74873d000-7fe748755000 r-xp 00000000 103:06 2888580                   /lib/x86_64-linux-gnu/libpthread-2.23.so
7fe748755000-7fe748954000 ---p 00018000 103:06 2888580                   /lib/x86_64-linux-gnu/libpthread-2.23.so
7fe748954000-7fe748955000 r--p 00017000 103:06 2888580                   /lib/x86_64-linux-gnu/libpthread-2.23.so
7fe748955000-7fe748956000 rw-p 00018000 103:06 2888580                   /lib/x86_64-linux-gnu/libpthread-2.23.so
7fe748956000-7fe74895a000 rw-p 00000000 00:00 0 
7fe74895a000-7fe748980000 r-xp 00000000 103:06 2888406                   /lib/x86_64-linux-gnu/ld-2.23.so
7fe748982000-7fe748995000 r--s 00345000 103:06 3152966                   /usr/lib/jvm/java-8-oracle/jre/lib/resources.jar
7fe748995000-7fe748a5f000 rw-p 00000000 00:00 0 
7fe748a5f000-7fe748a62000 ---p 00000000 00:00 0 
7fe748a62000-7fe748b65000 rw-p 00000000 00:00 0 
7fe748b66000-7fe748b67000 r--s 00003000 103:06 659120                    /home/michael/Downloads/json-simple-1.1.jar
7fe748b67000-7fe748b68000 r--s 00014000 103:06 132978                    /home/michael/Downloads/java-json.jar
7fe748b68000-7fe748b6d000 r--s 002f9000 103:06 3152960                   /usr/lib/jvm/java-8-oracle/jre/lib/charsets.jar
7fe748b6d000-7fe748b70000 r--s 0001a000 103:06 3153041                   /usr/lib/jvm/java-8-oracle/jre/lib/jce.jar
7fe748b70000-7fe748b75000 r--s 0009d000 103:06 3152970                   /usr/lib/jvm/java-8-oracle/jre/lib/jsse.jar
7fe748b75000-7fe748b7d000 rw-s 00000000 103:06 2887943                   /tmp/hsperfdata_michael/9856
7fe748b7d000-7fe748b7e000 rw-p 00000000 00:00 0 
7fe748b7e000-7fe748b7f000 ---p 00000000 00:00 0 
7fe748b7f000-7fe748b80000 r--p 00025000 103:06 2888406                   /lib/x86_64-linux-gnu/ld-2.23.so
7fe748b80000-7fe748b81000 rw-p 00026000 103:06 2888406                   /lib/x86_64-linux-gnu/ld-2.23.so
7fe748b81000-7fe748b82000 rw-p 00000000 00:00 0 
7ffe26240000-7ffe26261000 rw-p 00000000 00:00 0                          [stack]
7ffe26269000-7ffe2626c000 r--p 00000000 00:00 0                          [vvar]
7ffe2626c000-7ffe2626e000 r-xp 00000000 00:00 0                          [vdso]
ffffffffff600000-ffffffffff601000 r-xp 00000000 00:00 0                  [vsyscall]

VM Arguments:
jvm_args: -Dfile.encoding=UTF-8 
java_command: Sql
java_class_path (initial): /usr/lib/jvm/java-8-oracle/jre/lib/resources.jar:/usr/lib/jvm/java-8-oracle/jre/lib/rt.jar:/usr/lib/jvm/java-8-oracle/jre/lib/jsse.jar:/usr/lib/jvm/java-8-oracle/jre/lib/jce.jar:/usr/lib/jvm/java-8-oracle/jre/lib/charsets.jar:/usr/lib/jvm/java-8-oracle/jre/lib/jfr.jar:/usr/lib/jvm/java-8-oracle/jre/lib/ext/cldrdata.jar:/usr/lib/jvm/java-8-oracle/jre/lib/ext/sunjce_provider.jar:/usr/lib/jvm/java-8-oracle/jre/lib/ext/dnsns.jar:/usr/lib/jvm/java-8-oracle/jre/lib/ext/nashorn.jar:/usr/lib/jvm/java-8-oracle/jre/lib/ext/sunpkcs11.jar:/usr/lib/jvm/java-8-oracle/jre/lib/ext/jaccess.jar:/usr/lib/jvm/java-8-oracle/jre/lib/ext/jfxrt.jar:/usr/lib/jvm/java-8-oracle/jre/lib/ext/localedata.jar:/usr/lib/jvm/java-8-oracle/jre/lib/ext/sunec.jar:/usr/lib/jvm/java-8-oracle/jre/lib/ext/zipfs.jar:/home/michael/eclipse-workspace/SQL/bin:/home/michael/Downloads/java-json.jar:/home/michael/Downloads/json-simple-1.1.jar
Launcher Type: SUN_STANDARD

Environment Variables:
JAVA_HOME=/usr/lib/jvm/java-8-oracle
PATH=/home/michael/bin:/home/michael/.local/bin:/usr/local/sbin:/usr/local/bin:/usr/sbin:/usr/bin:/sbin:/bin:/usr/games:/usr/local/games:/snap/bin:/usr/lib/jvm/java-8-oracle/bin:/usr/lib/jvm/java-8-oracle/db/bin:/usr/lib/jvm/java-8-oracle/jre/bin
SHELL=/bin/bash
DISPLAY=:0

Signal Handlers:
SIGSEGV: [libjvm.so+0xad0890], sa_mask[0]=11111111011111111101111111111110, sa_flags=SA_RESTART|SA_SIGINFO
SIGBUS: [libjvm.so+0xad0890], sa_mask[0]=11111111011111111101111111111110, sa_flags=SA_RESTART|SA_SIGINFO
SIGFPE: [libjvm.so+0x928640], sa_mask[0]=11111111011111111101111111111110, sa_flags=SA_RESTART|SA_SIGINFO
SIGPIPE: [libjvm.so+0x928640], sa_mask[0]=11111111011111111101111111111110, sa_flags=SA_RESTART|SA_SIGINFO
SIGXFSZ: [libjvm.so+0x928640], sa_mask[0]=11111111011111111101111111111110, sa_flags=SA_RESTART|SA_SIGINFO
SIGILL: [libjvm.so+0x928640], sa_mask[0]=11111111011111111101111111111110, sa_flags=SA_RESTART|SA_SIGINFO
SIGUSR1: SIG_DFL, sa_mask[0]=00000000000000000000000000000000, sa_flags=none
SIGUSR2: [libjvm.so+0x929ea0], sa_mask[0]=00100000000000000000000000000000, sa_flags=SA_RESTART|SA_SIGINFO
SIGHUP: [libjvm.so+0x92b2a0], sa_mask[0]=11111111011111111101111111111110, sa_flags=SA_RESTART|SA_SIGINFO
SIGINT: [libjvm.so+0x92b2a0], sa_mask[0]=11111111011111111101111111111110, sa_flags=SA_RESTART|SA_SIGINFO
SIGTERM: [libjvm.so+0x92b2a0], sa_mask[0]=11111111011111111101111111111110, sa_flags=SA_RESTART|SA_SIGINFO
SIGQUIT: [libjvm.so+0x92b2a0], sa_mask[0]=11111111011111111101111111111110, sa_flags=SA_RESTART|SA_SIGINFO


---------------  S Y S T E M  ---------------

OS:DISTRIB_ID=Ubuntu
DISTRIB_RELEASE=16.04
DISTRIB_CODENAME=xenial
DISTRIB_DESCRIPTION="Ubuntu 16.04.4 LTS"

uname:Linux 4.13.0-45-generic #50~16.04.1-Ubuntu SMP Wed May 30 11:18:27 UTC 2018 x86_64
libc:glibc 2.23 NPTL 2.23 
rlimit: STACK 8192k, CORE 0k, NPROC 30466, NOFILE 1048576, AS infinity
load average:11,00 4,15 2,43

/proc/meminfo:
MemTotal:        7913268 kB
MemFree:          111840 kB
MemAvailable:          0 kB
Buffers:             248 kB
Cached:           238032 kB
SwapCached:         6120 kB
Active:          6701160 kB
Inactive:         844000 kB
Active(anon):    6693880 kB
Inactive(anon):   836764 kB
Active(file):       7280 kB
Inactive(file):     7236 kB
Unevictable:         104 kB
Mlocked:             104 kB
SwapTotal:       3320828 kB
SwapFree:              0 kB
Dirty:               436 kB
Writeback:             0 kB
AnonPages:       7301496 kB
Mapped:            95880 kB
Shmem:            223092 kB
Slab:              96220 kB
SReclaimable:      37300 kB
SUnreclaim:        58920 kB
KernelStack:       28384 kB
PageTables:        77936 kB
NFS_Unstable:          0 kB
Bounce:                0 kB
WritebackTmp:          0 kB
CommitLimit:     7277460 kB
Committed_AS:   27074168 kB
VmallocTotal:   34359738367 kB
VmallocUsed:           0 kB
VmallocChunk:          0 kB
HardwareCorrupted:     0 kB
AnonHugePages:         0 kB
ShmemHugePages:        0 kB
ShmemPmdMapped:        0 kB
CmaTotal:              0 kB
CmaFree:               0 kB
HugePages_Total:       0
HugePages_Free:        0
HugePages_Rsvd:        0
HugePages_Surp:        0
Hugepagesize:       2048 kB
DirectMap4k:      175732 kB
DirectMap2M:     7956480 kB
DirectMap1G:     1048576 kB


CPU:total 4 (initial active 4) (2 cores per cpu, 2 threads per core) family 6 model 142 stepping 9, cmov, cx8, fxsr, mmx, sse, sse2, sse3, ssse3, sse4.1, sse4.2, popcnt, avx, avx2, aes, clmul, erms, 3dnowpref, lzcnt, ht, tsc, tscinvbit, bmi1, bmi2, adx

/proc/cpuinfo:
processor	: 0
vendor_id	: GenuineIntel
cpu family	: 6
model		: 142
model name	: Intel(R) Core(TM) i5-7200U CPU @ 2.50GHz
stepping	: 9
microcode	: 0x84
cpu MHz		: 3099.998
cache size	: 3072 KB
physical id	: 0
siblings	: 4
core id		: 0
cpu cores	: 2
apicid		: 0
initial apicid	: 0
fpu		: yes
fpu_exception	: yes
cpuid level	: 22
wp		: yes
flags		: fpu vme de pse tsc msr pae mce cx8 apic sep mtrr pge mca cmov pat pse36 clflush dts acpi mmx fxsr sse sse2 ss ht tm pbe syscall nx pdpe1gb rdtscp lm constant_tsc art arch_perfmon pebs bts rep_good nopl xtopology nonstop_tsc cpuid aperfmperf tsc_known_freq pni pclmulqdq dtes64 monitor ds_cpl vmx est tm2 ssse3 sdbg fma cx16 xtpr pdcm pcid sse4_1 sse4_2 x2apic movbe popcnt tsc_deadline_timer aes xsave avx f16c rdrand lahf_lm abm 3dnowprefetch cpuid_fault invpcid_single pti retpoline intel_pt rsb_ctxsw spec_ctrl tpr_shadow vnmi flexpriority ept vpid fsgsbase tsc_adjust bmi1 avx2 smep bmi2 erms invpcid mpx rdseed adx smap clflushopt xsaveopt xsavec xgetbv1 xsaves dtherm ida arat pln pts hwp hwp_notify hwp_act_window hwp_epp
bugs		: cpu_meltdown spectre_v1 spectre_v2 spec_store_bypass
bogomips	: 5424.00
clflush size	: 64
cache_alignment	: 64
address sizes	: 39 bits physical, 48 bits virtual
power management:

processor	: 1
vendor_id	: GenuineIntel
cpu family	: 6
model		: 142
model name	: Intel(R) Core(TM) i5-7200U CPU @ 2.50GHz
stepping	: 9
microcode	: 0x84
cpu MHz		: 3100.000
cache size	: 3072 KB
physical id	: 0
siblings	: 4
core id		: 1
cpu cores	: 2
apicid		: 2
initial apicid	: 2
fpu		: yes
fpu_exception	: yes
cpuid level	: 22
wp		: yes
flags		: fpu vme de pse tsc msr pae mce cx8 apic sep mtrr pge mca cmov pat pse36 clflush dts acpi mmx fxsr sse sse2 ss ht tm pbe syscall nx pdpe1gb rdtscp lm constant_tsc art arch_perfmon pebs bts rep_good nopl xtopology nonstop_tsc cpuid aperfmperf tsc_known_freq pni pclmulqdq dtes64 monitor ds_cpl vmx est tm2 ssse3 sdbg fma cx16 xtpr pdcm pcid sse4_1 sse4_2 x2apic movbe popcnt tsc_deadline_timer aes xsave avx f16c rdrand lahf_lm abm 3dnowprefetch cpuid_fault invpcid_single pti retpoline intel_pt rsb_ctxsw spec_ctrl tpr_shadow vnmi flexpriority ept vpid fsgsbase tsc_adjust bmi1 avx2 smep bmi2 erms invpcid mpx rdseed adx smap clflushopt xsaveopt xsavec xgetbv1 xsaves dtherm ida arat pln pts hwp hwp_notify hwp_act_window hwp_epp
bugs		: cpu_meltdown spectre_v1 spectre_v2 spec_store_bypass
bogomips	: 5424.00
clflush size	: 64
cache_alignment	: 64
address sizes	: 39 bits physical, 48 bits virtual
power management:

processor	: 2
vendor_id	: GenuineIntel
cpu family	: 6
model		: 142
model name	: Intel(R) Core(TM) i5-7200U CPU @ 2.50GHz
stepping	: 9
microcode	: 0x84
cpu MHz		: 3100.004
cache size	: 3072 KB
physical id	: 0
siblings	: 4
core id		: 0
cpu cores	: 2
apicid		: 1
initial apicid	: 1
fpu		: yes
fpu_exception	: yes
cpuid level	: 22
wp		: yes
flags		: fpu vme de pse tsc msr pae mce cx8 apic sep mtrr pge mca cmov pat pse36 clflush dts acpi mmx fxsr sse sse2 ss ht tm pbe syscall nx pdpe1gb rdtscp lm constant_tsc art arch_perfmon pebs bts rep_good nopl xtopology nonstop_tsc cpuid aperfmperf tsc_known_freq pni pclmulqdq dtes64 monitor ds_cpl vmx est tm2 ssse3 sdbg fma cx16 xtpr pdcm pcid sse4_1 sse4_2 x2apic movbe popcnt tsc_deadline_timer aes xsave avx f16c rdrand lahf_lm abm 3dnowprefetch cpuid_fault invpcid_single pti retpoline intel_pt rsb_ctxsw spec_ctrl tpr_shadow vnmi flexpriority ept vpid fsgsbase tsc_adjust bmi1 avx2 smep bmi2 erms invpcid mpx rdseed adx smap clflushopt xsaveopt xsavec xgetbv1 xsaves dtherm ida arat pln pts hwp hwp_notify hwp_act_window hwp_epp
bugs		: cpu_meltdown spectre_v1 spectre_v2 spec_store_bypass
bogomips	: 5424.00
clflush size	: 64
cache_alignment	: 64
address sizes	: 39 bits physical, 48 bits virtual
power management:

processor	: 3
vendor_id	: GenuineIntel
cpu family	: 6
model		: 142
model name	: Intel(R) Core(TM) i5-7200U CPU @ 2.50GHz
stepping	: 9
microcode	: 0x84
cpu MHz		: 3100.000
cache size	: 3072 KB
physical id	: 0
siblings	: 4
core id		: 1
cpu cores	: 2
apicid		: 3
initial apicid	: 3
fpu		: yes
fpu_exception	: yes
cpuid level	: 22
wp		: yes
flags		: fpu vme de pse tsc msr pae mce cx8 apic sep mtrr pge mca cmov pat pse36 clflush dts acpi mmx fxsr sse sse2 ss ht tm pbe syscall nx pdpe1gb rdtscp lm constant_tsc art arch_perfmon pebs bts rep_good nopl xtopology nonstop_tsc cpuid aperfmperf tsc_known_freq pni pclmulqdq dtes64 monitor ds_cpl vmx est tm2 ssse3 sdbg fma cx16 xtpr pdcm pcid sse4_1 sse4_2 x2apic movbe popcnt tsc_deadline_timer aes xsave avx f16c rdrand lahf_lm abm 3dnowprefetch cpuid_fault invpcid_single pti retpoline intel_pt rsb_ctxsw spec_ctrl tpr_shadow vnmi flexpriority ept vpid fsgsbase tsc_adjust bmi1 avx2 smep bmi2 erms invpcid mpx rdseed adx smap clflushopt xsaveopt xsavec xgetbv1 xsaves dtherm ida arat pln pts hwp hwp_notify hwp_act_window hwp_epp
bugs		: cpu_meltdown spectre_v1 spectre_v2 spec_store_bypass
bogomips	: 5424.00
clflush size	: 64
cache_alignment	: 64
address sizes	: 39 bits physical, 48 bits virtual
power management:



Memory: 4k page, physical 7913268k(243324k free), swap 3320828k(0k free)

vm_info: Java HotSpot(TM) 64-Bit Server VM (25.171-b11) for linux-amd64 JRE (1.8.0_171-b11), built on Mar 28 2018 17:07:08 by "java_re" with gcc 4.3.0 20080428 (Red Hat 4.3.0-8)

time: Tue Jul  3 01:27:12 2018
elapsed time: 3 seconds (0d 0h 0m 3s)

